#
# There is insufficient memory for the Java Runtime Environment to continue.
# Native memory allocation (malloc) failed to allocate 262160 bytes for Chunk::new
# Possible reasons:
#   The system is out of physical RAM or swap space
#   The process is running with CompressedOops enabled, and the Java Heap may be blocking the growth of the native heap
# Possible solutions:
#   Reduce memory load on the system
#   Increase physical memory or swap space
#   Check if swap backing store is full
#   Decrease Java heap size (-Xmx/-Xms)
#   Decrease number of Java threads
#   Decrease Java thread stack sizes (-Xss)
#   Set larger code cache with -XX:ReservedCodeCacheSize=
#   JVM is running with Unscaled Compressed Oops mode in which the Java heap is
#     placed in the first 4GB address space. The Java Heap base address is the
#     maximum limit for the native heap growth. Please use -XX:HeapBaseMinAddress
#     to set the Java Heap base and to place the Java Heap above 4GB virtual address.
# This output file may be truncated or incomplete.
#
#  Out of Memory Error (./open/src/hotspot/share/memory/arena.cpp:197), pid=20456, tid=20132
#
# JRE version: Java(TM) SE Runtime Environment 18.9 (11.0.18+9) (build 11.0.18+9-LTS-195)
# Java VM: Java HotSpot(TM) 64-Bit Server VM 18.9 (11.0.18+9-LTS-195, mixed mode, tiered, compressed oops, g1 gc, windows-amd64)
# No core dump will be written. Minidumps are not enabled by default on client versions of Windows
#

---------------  S U M M A R Y ------------

Command Line: -ea -Didea.test.cyclic.buffer.size=1048576 -javaagent:C:\Program Files\JetBrains\IntelliJ IDEA Community Edition 2024.1.1\lib\idea_rt.jar=55468:C:\Program Files\JetBrains\IntelliJ IDEA Community Edition 2024.1.1\bin -Dfile.encoding=UTF-8 com.intellij.rt.testng.RemoteTestNGStarter -usedefaultlisteners false -socket55467 @w@C:\Users\hp\AppData\Local\Temp\idea_working_dirs_testng.tmp -temp C:\Users\hp\AppData\Local\Temp\idea_testng.tmp

Host: AMD Ryzen 5 5625U with Radeon Graphics         , 12 cores, 7G,  Windows 11 , 64 bit Build 22621 (10.0.22621.3672)
Time: Sun Jun 23 20:51:23 2024 Bangladesh Standard Time elapsed time: 4.622143 seconds (0d 0h 0m 4s)

---------------  T H R E A D  ---------------

Current thread (0x000002b1af9aa000):  JavaThread "C2 CompilerThread0" daemon [_thread_in_native, id=20132, stack(0x000000cd43100000,0x000000cd43200000)]


Current CompileTask:
C2:   4622 2936   !   4       jdk.internal.loader.BuiltinClassLoader::loadClassOrNull (143 bytes)

Stack: [0x000000cd43100000,0x000000cd43200000]
Native frames: (J=compiled Java code, j=interpreted, Vv=VM code, C=native code)
V  [jvm.dll+0x65d8aa]
V  [jvm.dll+0x79fc1f]
V  [jvm.dll+0x7a12e9]
V  [jvm.dll+0x7a1983]
V  [jvm.dll+0x2585b5]
V  [jvm.dll+0xb284c]
V  [jvm.dll+0xb2e0c]
V  [jvm.dll+0xb2964]
V  [jvm.dll+0x63d13f]
V  [jvm.dll+0x823f3]
V  [jvm.dll+0x68a230]
V  [jvm.dll+0x6e9c62]
V  [jvm.dll+0x563e56]
V  [jvm.dll+0x567453]
V  [jvm.dll+0x566bd9]
V  [jvm.dll+0x566ac0]
V  [jvm.dll+0x566c47]
V  [jvm.dll+0x566c47]
V  [jvm.dll+0x566c47]
V  [jvm.dll+0x566c47]
V  [jvm.dll+0x566c47]
V  [jvm.dll+0x566c47]
V  [jvm.dll+0x566c47]
V  [jvm.dll+0x56df6f]
V  [jvm.dll+0x21a251]
V  [jvm.dll+0x213a35]
V  [jvm.dll+0x210264]
V  [jvm.dll+0x18c641]
V  [jvm.dll+0x220609]
V  [jvm.dll+0x21e92c]
V  [jvm.dll+0x763f61]
V  [jvm.dll+0x75c924]
V  [jvm.dll+0x65c755]
C  [ucrtbase.dll+0x29333]
C  [KERNEL32.DLL+0x1257d]
C  [ntdll.dll+0x5af28]


---------------  P R O C E S S  ---------------

Threads class SMR info:
_java_thread_list=0x000002b1b37f0480, length=28, elements={
0x000002b18f1f7800, 0x000002b1af03a800, 0x000002b1af043800, 0x000002b1af04e800,
0x000002b1af9a4800, 0x000002b1af9a6800, 0x000002b1af9aa000, 0x000002b1af9ab000,
0x000002b1af9b0800, 0x000002b1aefd3800, 0x000002b1afc5e000, 0x000002b1b0fe2000,
0x000002b1b0d0f000, 0x000002b1b0d10000, 0x000002b1b1079800, 0x000002b1b3208000,
0x000002b1b3206000, 0x000002b1b3206800, 0x000002b1b1147800, 0x000002b1b31f1800,
0x000002b1b31f0800, 0x000002b1b31eb800, 0x000002b1b31f2000, 0x000002b1b31ef000,
0x000002b1b31ec800, 0x000002b1b31ef800, 0x000002b1b31ed000, 0x000002b1b31ee000
}

Java Threads: ( => current thread )
  0x000002b18f1f7800 JavaThread "main" [_thread_in_vm, id=8428, stack(0x000000cd42500000,0x000000cd42600000)]
  0x000002b1af03a800 JavaThread "Reference Handler" daemon [_thread_blocked, id=18792, stack(0x000000cd42c00000,0x000000cd42d00000)]
  0x000002b1af043800 JavaThread "Finalizer" daemon [_thread_blocked, id=20484, stack(0x000000cd42d00000,0x000000cd42e00000)]
  0x000002b1af04e800 JavaThread "Signal Dispatcher" daemon [_thread_blocked, id=19800, stack(0x000000cd42e00000,0x000000cd42f00000)]
  0x000002b1af9a4800 JavaThread "Attach Listener" daemon [_thread_blocked, id=4944, stack(0x000000cd42f00000,0x000000cd43000000)]
  0x000002b1af9a6800 JavaThread "Service Thread" daemon [_thread_blocked, id=12860, stack(0x000000cd43000000,0x000000cd43100000)]
=>0x000002b1af9aa000 JavaThread "C2 CompilerThread0" daemon [_thread_in_native, id=20132, stack(0x000000cd43100000,0x000000cd43200000)]
  0x000002b1af9ab000 JavaThread "C1 CompilerThread0" daemon [_thread_blocked, id=12172, stack(0x000000cd43200000,0x000000cd43300000)]
  0x000002b1af9b0800 JavaThread "Sweeper thread" daemon [_thread_blocked, id=12272, stack(0x000000cd43300000,0x000000cd43400000)]
  0x000002b1aefd3800 JavaThread "Common-Cleaner" daemon [_thread_blocked, id=21456, stack(0x000000cd43400000,0x000000cd43500000)]
  0x000002b1afc5e000 JavaThread "Monitor Ctrl-Break" daemon [_thread_in_native, id=5504, stack(0x000000cd43600000,0x000000cd43700000)]
  0x000002b1b0fe2000 JavaThread "ForkJoinPool.commonPool-worker-19" daemon [_thread_blocked, id=15800, stack(0x000000cd43b00000,0x000000cd43c00000)]
  0x000002b1b0d0f000 JavaThread "ForkJoinPool.commonPool-worker-5" daemon [_thread_blocked, id=22476, stack(0x000000cd43c00000,0x000000cd43d00000)]
  0x000002b1b0d10000 JavaThread "ForkJoinPool.commonPool-worker-23" daemon [_thread_blocked, id=12240, stack(0x000000cd43d00000,0x000000cd43e00000)]
  0x000002b1b1079800 JavaThread "ForkJoinPool.commonPool-worker-9" daemon [_thread_blocked, id=20308, stack(0x000000cd43e00000,0x000000cd43f00000)]
  0x000002b1b3208000 JavaThread "HttpClient-1-SelectorManager" daemon [_thread_in_native, id=22232, stack(0x000000cd43f00000,0x000000cd44000000)]
  0x000002b1b3206000 JavaThread "External Process Output Forwarder - C:\Users\hp\.cache\selenium\chromedriver\win64\126.0.6478.63\chromedriver.exe" daemon [_thread_in_native, id=19992, stack(0x000000cd44000000,0x000000cd44100000)]
  0x000002b1b3206800 JavaThread "Driver Service Executor" daemon [_thread_blocked, id=4572, stack(0x000000cd44100000,0x000000cd44200000)]
  0x000002b1b1147800 JavaThread "Driver Service Executor" daemon [_thread_in_native, id=3420, stack(0x000000cd44200000,0x000000cd44300000)]
  0x000002b1b31f1800 JavaThread "UrlChecker-2" daemon [_thread_blocked, id=18476, stack(0x000000cd44300000,0x000000cd44400000)]
  0x000002b1b31f0800 JavaThread "Keep-Alive-Timer" daemon [_thread_blocked, id=2296, stack(0x000000cd44500000,0x000000cd44600000)]
  0x000002b1b31eb800 JavaThread "pool-2-thread-1" [_thread_blocked, id=20960, stack(0x000000cd44600000,0x000000cd44700000)]
  0x000002b1b31f2000 JavaThread "pool-2-thread-2" [_thread_blocked, id=18512, stack(0x000000cd44900000,0x000000cd44a00000)]
  0x000002b1b31ef000 JavaThread "pool-2-thread-3" [_thread_blocked, id=15052, stack(0x000000cd44a00000,0x000000cd44b00000)]
  0x000002b1b31ec800 JavaThread "HttpClient-2-SelectorManager" daemon [_thread_in_native, id=20056, stack(0x000000cd43500000,0x000000cd43600000)]
  0x000002b1b31ef800 JavaThread "pool-3-thread-1" [_thread_blocked, id=19484, stack(0x000000cd44b00000,0x000000cd44c00000)]
  0x000002b1b31ed000 JavaThread "pool-3-thread-2" [_thread_blocked, id=20460, stack(0x000000cd44c00000,0x000000cd44d00000)]
  0x000002b1b31ee000 JavaThread "pool-3-thread-3" [_thread_blocked, id=20240, stack(0x000000cd44d00000,0x000000cd44e00000)]

Other Threads:
  0x000002b1af018800 VMThread "VM Thread" [stack: 0x000000cd42b00000,0x000000cd42c00000] [id=21756]
  0x000002b1afc5f000 WatcherThread [stack: 0x000000cd43700000,0x000000cd43800000] [id=17276]
  0x000002b18f20d800 GCTaskThread "GC Thread#0" [stack: 0x000000cd42600000,0x000000cd42700000] [id=19592]
  0x000002b1b0990000 GCTaskThread "GC Thread#1" [stack: 0x000000cd43800000,0x000000cd43900000] [id=19748]
  0x000002b1b3159800 GCTaskThread "GC Thread#2" [stack: 0x000000cd44700000,0x000000cd44800000] [id=10552]
  0x000002b1b10e9000 GCTaskThread "GC Thread#3" [stack: 0x000000cd44800000,0x000000cd44900000] [id=9004]
  0x000002b18f23d800 ConcurrentGCThread "G1 Main Marker" [stack: 0x000000cd42700000,0x000000cd42800000] [id=3556]
  0x000002b18f23f000 ConcurrentGCThread "G1 Conc#0" [stack: 0x000000cd42800000,0x000000cd42900000] [id=11404]
  0x000002b1b0dac800 ConcurrentGCThread "G1 Conc#1" [stack: 0x000000cd43900000,0x000000cd43a00000] [id=14548]
  0x000002b1b0989000 ConcurrentGCThread "G1 Conc#2" [stack: 0x000000cd43a00000,0x000000cd43b00000] [id=17688]
  0x000002b1aee7a800 ConcurrentGCThread "G1 Refine#0" [stack: 0x000000cd42900000,0x000000cd42a00000] [id=22392]
  0x000002b18f2ae000 ConcurrentGCThread "G1 Young RemSet Sampling" [stack: 0x000000cd42a00000,0x000000cd42b00000] [id=19656]

Threads with active compile tasks:
C2 CompilerThread0     4660 2936   !   4       jdk.internal.loader.BuiltinClassLoader::loadClassOrNull (143 bytes)

VM state:not at safepoint (normal execution)

VM Mutex/Monitor currently owned by a thread: None

Heap address: 0x000000008a600000, size: 1882 MB, Compressed Oops mode: 32-bit
Narrow klass base: 0x0000000000000000, Narrow klass shift: 3
Compressed class space size: 1073741824 Address: 0x0000000100000000

Heap:
 garbage-first heap   total 120832K, used 41919K [0x000000008a600000, 0x0000000100000000)
  region size 1024K, 31 young (31744K), 7 survivors (7168K)
 Metaspace       used 38309K, capacity 39600K, committed 39756K, reserved 1083392K
  class space    used 4569K, capacity 5155K, committed 5248K, reserved 1048576K
Heap Regions: E=young(eden), S=young(survivor), O=old, HS=humongous(starts), HC=humongous(continues), CS=collection set, F=free, A=archive, TAMS=top-at-mark-start (previous, next)
|   0|0x000000008a600000, 0x000000008a700000, 0x000000008a700000|100%|HS|  |TAMS 0x000000008a700000, 0x000000008a600000| Complete 
|   1|0x000000008a700000, 0x000000008a800000, 0x000000008a800000|100%| O|  |TAMS 0x000000008a800000, 0x000000008a700000| Untracked 
|   2|0x000000008a800000, 0x000000008a900000, 0x000000008a900000|100%|HS|  |TAMS 0x000000008a900000, 0x000000008a800000| Complete 
|   3|0x000000008a900000, 0x000000008aa00000, 0x000000008aa00000|100%| O|  |TAMS 0x000000008aa00000, 0x000000008a900000| Untracked 
|   4|0x000000008aa00000, 0x000000008ab00000, 0x000000008ab00000|100%| O|  |TAMS 0x000000008ab00000, 0x000000008aa00000| Untracked 
|   5|0x000000008ab00000, 0x000000008ac00000, 0x000000008ac00000|100%| O|  |TAMS 0x000000008ac00000, 0x000000008ab00000| Untracked 
|   6|0x000000008ac00000, 0x000000008ad00000, 0x000000008ad00000|100%| O|  |TAMS 0x000000008ad00000, 0x000000008ac00000| Untracked 
|   7|0x000000008ad00000, 0x000000008ae00000, 0x000000008ae00000|100%| O|  |TAMS 0x000000008ae00000, 0x000000008ad00000| Untracked 
|   8|0x000000008ae00000, 0x000000008af00000, 0x000000008af00000|100%| O|  |TAMS 0x000000008af00000, 0x000000008ae00000| Untracked 
|   9|0x000000008af00000, 0x000000008b000000, 0x000000008b000000|100%| O|  |TAMS 0x000000008b000000, 0x000000008af00000| Untracked 
|  10|0x000000008b000000, 0x000000008b100000, 0x000000008b100000|100%| O|  |TAMS 0x000000008b100000, 0x000000008b000000| Untracked 
|  11|0x000000008b100000, 0x000000008b112400, 0x000000008b200000|  7%| O|  |TAMS 0x000000008b112400, 0x000000008b100000| Untracked 
|  12|0x000000008b200000, 0x000000008b200000, 0x000000008b300000|  0%| F|  |TAMS 0x000000008b200000, 0x000000008b200000| Untracked 
|  13|0x000000008b300000, 0x000000008b300000, 0x000000008b400000|  0%| F|  |TAMS 0x000000008b300000, 0x000000008b300000| Untracked 
|  14|0x000000008b400000, 0x000000008b400000, 0x000000008b500000|  0%| F|  |TAMS 0x000000008b400000, 0x000000008b400000| Untracked 
|  15|0x000000008b500000, 0x000000008b500000, 0x000000008b600000|  0%| F|  |TAMS 0x000000008b500000, 0x000000008b500000| Untracked 
|  16|0x000000008b600000, 0x000000008b600000, 0x000000008b700000|  0%| F|  |TAMS 0x000000008b600000, 0x000000008b600000| Untracked 
|  17|0x000000008b700000, 0x000000008b700000, 0x000000008b800000|  0%| F|  |TAMS 0x000000008b700000, 0x000000008b700000| Untracked 
|  18|0x000000008b800000, 0x000000008b800000, 0x000000008b900000|  0%| F|  |TAMS 0x000000008b800000, 0x000000008b800000| Untracked 
|  19|0x000000008b900000, 0x000000008b900000, 0x000000008ba00000|  0%| F|  |TAMS 0x000000008b900000, 0x000000008b900000| Untracked 
|  20|0x000000008ba00000, 0x000000008ba00000, 0x000000008bb00000|  0%| F|  |TAMS 0x000000008ba00000, 0x000000008ba00000| Untracked 
|  21|0x000000008bb00000, 0x000000008bb00000, 0x000000008bc00000|  0%| F|  |TAMS 0x000000008bb00000, 0x000000008bb00000| Untracked 
|  22|0x000000008bc00000, 0x000000008bc00000, 0x000000008bd00000|  0%| F|  |TAMS 0x000000008bc00000, 0x000000008bc00000| Untracked 
|  23|0x000000008bd00000, 0x000000008bd00000, 0x000000008be00000|  0%| F|  |TAMS 0x000000008bd00000, 0x000000008bd00000| Untracked 
|  24|0x000000008be00000, 0x000000008be00000, 0x000000008bf00000|  0%| F|  |TAMS 0x000000008be00000, 0x000000008be00000| Untracked 
|  25|0x000000008bf00000, 0x000000008bf00000, 0x000000008c000000|  0%| F|  |TAMS 0x000000008bf00000, 0x000000008bf00000| Untracked 
|  26|0x000000008c000000, 0x000000008c000000, 0x000000008c100000|  0%| F|  |TAMS 0x000000008c000000, 0x000000008c000000| Untracked 
|  27|0x000000008c100000, 0x000000008c100000, 0x000000008c200000|  0%| F|  |TAMS 0x000000008c100000, 0x000000008c100000| Untracked 
|  28|0x000000008c200000, 0x000000008c200000, 0x000000008c300000|  0%| F|  |TAMS 0x000000008c200000, 0x000000008c200000| Untracked 
|  29|0x000000008c300000, 0x000000008c300000, 0x000000008c400000|  0%| F|  |TAMS 0x000000008c300000, 0x000000008c300000| Untracked 
|  30|0x000000008c400000, 0x000000008c400000, 0x000000008c500000|  0%| F|  |TAMS 0x000000008c400000, 0x000000008c400000| Untracked 
|  31|0x000000008c500000, 0x000000008c500000, 0x000000008c600000|  0%| F|  |TAMS 0x000000008c500000, 0x000000008c500000| Untracked 
|  32|0x000000008c600000, 0x000000008c600000, 0x000000008c700000|  0%| F|  |TAMS 0x000000008c600000, 0x000000008c600000| Untracked 
|  33|0x000000008c700000, 0x000000008c700000, 0x000000008c800000|  0%| F|  |TAMS 0x000000008c700000, 0x000000008c700000| Untracked 
|  34|0x000000008c800000, 0x000000008c800000, 0x000000008c900000|  0%| F|  |TAMS 0x000000008c800000, 0x000000008c800000| Untracked 
|  35|0x000000008c900000, 0x000000008c900000, 0x000000008ca00000|  0%| F|  |TAMS 0x000000008c900000, 0x000000008c900000| Untracked 
|  36|0x000000008ca00000, 0x000000008ca00000, 0x000000008cb00000|  0%| F|  |TAMS 0x000000008ca00000, 0x000000008ca00000| Untracked 
|  37|0x000000008cb00000, 0x000000008cb00000, 0x000000008cc00000|  0%| F|  |TAMS 0x000000008cb00000, 0x000000008cb00000| Untracked 
|  38|0x000000008cc00000, 0x000000008cc00000, 0x000000008cd00000|  0%| F|  |TAMS 0x000000008cc00000, 0x000000008cc00000| Untracked 
|  39|0x000000008cd00000, 0x000000008cd00000, 0x000000008ce00000|  0%| F|  |TAMS 0x000000008cd00000, 0x000000008cd00000| Untracked 
|  40|0x000000008ce00000, 0x000000008ce00000, 0x000000008cf00000|  0%| F|  |TAMS 0x000000008ce00000, 0x000000008ce00000| Untracked 
|  41|0x000000008cf00000, 0x000000008cf00000, 0x000000008d000000|  0%| F|  |TAMS 0x000000008cf00000, 0x000000008cf00000| Untracked 
|  42|0x000000008d000000, 0x000000008d000000, 0x000000008d100000|  0%| F|  |TAMS 0x000000008d000000, 0x000000008d000000| Untracked 
|  43|0x000000008d100000, 0x000000008d100000, 0x000000008d200000|  0%| F|  |TAMS 0x000000008d100000, 0x000000008d100000| Untracked 
|  44|0x000000008d200000, 0x000000008d200000, 0x000000008d300000|  0%| F|  |TAMS 0x000000008d200000, 0x000000008d200000| Untracked 
|  45|0x000000008d300000, 0x000000008d300000, 0x000000008d400000|  0%| F|  |TAMS 0x000000008d300000, 0x000000008d300000| Untracked 
|  46|0x000000008d400000, 0x000000008d400000, 0x000000008d500000|  0%| F|  |TAMS 0x000000008d400000, 0x000000008d400000| Untracked 
|  47|0x000000008d500000, 0x000000008d500000, 0x000000008d600000|  0%| F|  |TAMS 0x000000008d500000, 0x000000008d500000| Untracked 
|  48|0x000000008d600000, 0x000000008d600000, 0x000000008d700000|  0%| F|  |TAMS 0x000000008d600000, 0x000000008d600000| Untracked 
|  49|0x000000008d700000, 0x000000008d700000, 0x000000008d800000|  0%| F|  |TAMS 0x000000008d700000, 0x000000008d700000| Untracked 
|  50|0x000000008d800000, 0x000000008d800000, 0x000000008d900000|  0%| F|  |TAMS 0x000000008d800000, 0x000000008d800000| Untracked 
|  51|0x000000008d900000, 0x000000008d900000, 0x000000008da00000|  0%| F|  |TAMS 0x000000008d900000, 0x000000008d900000| Untracked 
|  52|0x000000008da00000, 0x000000008da00000, 0x000000008db00000|  0%| F|  |TAMS 0x000000008da00000, 0x000000008da00000| Untracked 
|  53|0x000000008db00000, 0x000000008db00000, 0x000000008dc00000|  0%| F|  |TAMS 0x000000008db00000, 0x000000008db00000| Untracked 
|  54|0x000000008dc00000, 0x000000008dc00000, 0x000000008dd00000|  0%| F|  |TAMS 0x000000008dc00000, 0x000000008dc00000| Untracked 
|  55|0x000000008dd00000, 0x000000008dd00000, 0x000000008de00000|  0%| F|  |TAMS 0x000000008dd00000, 0x000000008dd00000| Untracked 
|  56|0x000000008de00000, 0x000000008de00000, 0x000000008df00000|  0%| F|  |TAMS 0x000000008de00000, 0x000000008de00000| Untracked 
|  57|0x000000008df00000, 0x000000008df00000, 0x000000008e000000|  0%| F|  |TAMS 0x000000008df00000, 0x000000008df00000| Untracked 
|  58|0x000000008e000000, 0x000000008e000000, 0x000000008e100000|  0%| F|  |TAMS 0x000000008e000000, 0x000000008e000000| Untracked 
|  59|0x000000008e100000, 0x000000008e100000, 0x000000008e200000|  0%| F|  |TAMS 0x000000008e100000, 0x000000008e100000| Untracked 
|  60|0x000000008e200000, 0x000000008e200000, 0x000000008e300000|  0%| F|  |TAMS 0x000000008e200000, 0x000000008e200000| Untracked 
|  61|0x000000008e300000, 0x000000008e300000, 0x000000008e400000|  0%| F|  |TAMS 0x000000008e300000, 0x000000008e300000| Untracked 
|  62|0x000000008e400000, 0x000000008e400000, 0x000000008e500000|  0%| F|  |TAMS 0x000000008e400000, 0x000000008e400000| Untracked 
|  63|0x000000008e500000, 0x000000008e500000, 0x000000008e600000|  0%| F|  |TAMS 0x000000008e500000, 0x000000008e500000| Untracked 
|  64|0x000000008e600000, 0x000000008e600000, 0x000000008e700000|  0%| F|  |TAMS 0x000000008e600000, 0x000000008e600000| Untracked 
|  65|0x000000008e700000, 0x000000008e700000, 0x000000008e800000|  0%| F|  |TAMS 0x000000008e700000, 0x000000008e700000| Untracked 
|  66|0x000000008e800000, 0x000000008e8dd860, 0x000000008e900000| 86%| S|CS|TAMS 0x000000008e800000, 0x000000008e800000| Complete 
|  67|0x000000008e900000, 0x000000008ea00000, 0x000000008ea00000|100%| S|CS|TAMS 0x000000008e900000, 0x000000008e900000| Complete 
|  68|0x000000008ea00000, 0x000000008eb00000, 0x000000008eb00000|100%| S|CS|TAMS 0x000000008ea00000, 0x000000008ea00000| Complete 
|  69|0x000000008eb00000, 0x000000008ec00000, 0x000000008ec00000|100%| S|CS|TAMS 0x000000008eb00000, 0x000000008eb00000| Complete 
|  70|0x000000008ec00000, 0x000000008ed00000, 0x000000008ed00000|100%| S|CS|TAMS 0x000000008ec00000, 0x000000008ec00000| Complete 
|  71|0x000000008ed00000, 0x000000008ee00000, 0x000000008ee00000|100%| S|CS|TAMS 0x000000008ed00000, 0x000000008ed00000| Complete 
|  72|0x000000008ee00000, 0x000000008ef00000, 0x000000008ef00000|100%| S|CS|TAMS 0x000000008ee00000, 0x000000008ee00000| Complete 
|  73|0x000000008ef00000, 0x000000008ef00000, 0x000000008f000000|  0%| F|  |TAMS 0x000000008ef00000, 0x000000008ef00000| Untracked 
|  74|0x000000008f000000, 0x000000008f000000, 0x000000008f100000|  0%| F|  |TAMS 0x000000008f000000, 0x000000008f000000| Untracked 
|  75|0x000000008f100000, 0x000000008f100000, 0x000000008f200000|  0%| F|  |TAMS 0x000000008f100000, 0x000000008f100000| Untracked 
|  76|0x000000008f200000, 0x000000008f200000, 0x000000008f300000|  0%| F|  |TAMS 0x000000008f200000, 0x000000008f200000| Untracked 
|  77|0x000000008f300000, 0x000000008f300000, 0x000000008f400000|  0%| F|  |TAMS 0x000000008f300000, 0x000000008f300000| Untracked 
|  78|0x000000008f400000, 0x000000008f400000, 0x000000008f500000|  0%| F|  |TAMS 0x000000008f400000, 0x000000008f400000| Untracked 
|  79|0x000000008f500000, 0x000000008f500000, 0x000000008f600000|  0%| F|  |TAMS 0x000000008f500000, 0x000000008f500000| Untracked 
|  80|0x000000008f600000, 0x000000008f600000, 0x000000008f700000|  0%| F|  |TAMS 0x000000008f600000, 0x000000008f600000| Untracked 
|  81|0x000000008f700000, 0x000000008f700000, 0x000000008f800000|  0%| F|  |TAMS 0x000000008f700000, 0x000000008f700000| Untracked 
|  82|0x000000008f800000, 0x000000008f800000, 0x000000008f900000|  0%| F|  |TAMS 0x000000008f800000, 0x000000008f800000| Untracked 
|  83|0x000000008f900000, 0x000000008f900000, 0x000000008fa00000|  0%| F|  |TAMS 0x000000008f900000, 0x000000008f900000| Untracked 
|  84|0x000000008fa00000, 0x000000008fa00000, 0x000000008fb00000|  0%| F|  |TAMS 0x000000008fa00000, 0x000000008fa00000| Untracked 
|  85|0x000000008fb00000, 0x000000008fb00000, 0x000000008fc00000|  0%| F|  |TAMS 0x000000008fb00000, 0x000000008fb00000| Untracked 
|  86|0x000000008fc00000, 0x000000008fc00000, 0x000000008fd00000|  0%| F|  |TAMS 0x000000008fc00000, 0x000000008fc00000| Untracked 
|  87|0x000000008fd00000, 0x000000008fd00000, 0x000000008fe00000|  0%| F|  |TAMS 0x000000008fd00000, 0x000000008fd00000| Untracked 
|  88|0x000000008fe00000, 0x000000008fe00000, 0x000000008ff00000|  0%| F|  |TAMS 0x000000008fe00000, 0x000000008fe00000| Untracked 
|  89|0x000000008ff00000, 0x000000008ff00000, 0x0000000090000000|  0%| F|  |TAMS 0x000000008ff00000, 0x000000008ff00000| Untracked 
|  90|0x0000000090000000, 0x0000000090000000, 0x0000000090100000|  0%| F|  |TAMS 0x0000000090000000, 0x0000000090000000| Untracked 
|  91|0x0000000090100000, 0x0000000090100000, 0x0000000090200000|  0%| F|  |TAMS 0x0000000090100000, 0x0000000090100000| Untracked 
|  92|0x0000000090200000, 0x0000000090200000, 0x0000000090300000|  0%| F|  |TAMS 0x0000000090200000, 0x0000000090200000| Untracked 
|  93|0x0000000090300000, 0x0000000090300000, 0x0000000090400000|  0%| F|  |TAMS 0x0000000090300000, 0x0000000090300000| Untracked 
|  94|0x0000000090400000, 0x0000000090500000, 0x0000000090500000|100%| E|  |TAMS 0x0000000090400000, 0x0000000090400000| Complete 
|  95|0x0000000090500000, 0x0000000090600000, 0x0000000090600000|100%| E|CS|TAMS 0x0000000090500000, 0x0000000090500000| Complete 
|  96|0x0000000090600000, 0x0000000090700000, 0x0000000090700000|100%| E|CS|TAMS 0x0000000090600000, 0x0000000090600000| Complete 
|  97|0x0000000090700000, 0x0000000090800000, 0x0000000090800000|100%| E|CS|TAMS 0x0000000090700000, 0x0000000090700000| Complete 
|  98|0x0000000090800000, 0x0000000090900000, 0x0000000090900000|100%| E|CS|TAMS 0x0000000090800000, 0x0000000090800000| Complete 
|  99|0x0000000090900000, 0x0000000090a00000, 0x0000000090a00000|100%| E|CS|TAMS 0x0000000090900000, 0x0000000090900000| Complete 
| 100|0x0000000090a00000, 0x0000000090b00000, 0x0000000090b00000|100%| E|CS|TAMS 0x0000000090a00000, 0x0000000090a00000| Complete 
| 101|0x0000000090b00000, 0x0000000090c00000, 0x0000000090c00000|100%| E|CS|TAMS 0x0000000090b00000, 0x0000000090b00000| Complete 
| 102|0x0000000090c00000, 0x0000000090d00000, 0x0000000090d00000|100%| E|CS|TAMS 0x0000000090c00000, 0x0000000090c00000| Complete 
| 103|0x0000000090d00000, 0x0000000090e00000, 0x0000000090e00000|100%| E|CS|TAMS 0x0000000090d00000, 0x0000000090d00000| Complete 
| 104|0x0000000090e00000, 0x0000000090f00000, 0x0000000090f00000|100%| E|CS|TAMS 0x0000000090e00000, 0x0000000090e00000| Complete 
| 105|0x0000000090f00000, 0x0000000091000000, 0x0000000091000000|100%| E|CS|TAMS 0x0000000090f00000, 0x0000000090f00000| Complete 
| 106|0x0000000091000000, 0x0000000091100000, 0x0000000091100000|100%| E|CS|TAMS 0x0000000091000000, 0x0000000091000000| Complete 
| 107|0x0000000091100000, 0x0000000091200000, 0x0000000091200000|100%| E|CS|TAMS 0x0000000091100000, 0x0000000091100000| Complete 
| 108|0x0000000091200000, 0x0000000091300000, 0x0000000091300000|100%| E|CS|TAMS 0x0000000091200000, 0x0000000091200000| Complete 
| 109|0x0000000091300000, 0x0000000091400000, 0x0000000091400000|100%| E|CS|TAMS 0x0000000091300000, 0x0000000091300000| Complete 
| 110|0x0000000091400000, 0x0000000091500000, 0x0000000091500000|100%| E|CS|TAMS 0x0000000091400000, 0x0000000091400000| Complete 
| 111|0x0000000091500000, 0x0000000091600000, 0x0000000091600000|100%| E|CS|TAMS 0x0000000091500000, 0x0000000091500000| Complete 
| 112|0x0000000091600000, 0x0000000091700000, 0x0000000091700000|100%| E|CS|TAMS 0x0000000091600000, 0x0000000091600000| Complete 
| 113|0x0000000091700000, 0x0000000091800000, 0x0000000091800000|100%| E|CS|TAMS 0x0000000091700000, 0x0000000091700000| Complete 
| 114|0x0000000091800000, 0x0000000091900000, 0x0000000091900000|100%| E|CS|TAMS 0x0000000091800000, 0x0000000091800000| Complete 
| 115|0x0000000091900000, 0x0000000091a00000, 0x0000000091a00000|100%| E|CS|TAMS 0x0000000091900000, 0x0000000091900000| Complete 
| 116|0x0000000091a00000, 0x0000000091b00000, 0x0000000091b00000|100%| E|CS|TAMS 0x0000000091a00000, 0x0000000091a00000| Complete 
| 117|0x0000000091b00000, 0x0000000091c00000, 0x0000000091c00000|100%| E|CS|TAMS 0x0000000091b00000, 0x0000000091b00000| Complete 

Card table byte_map: [0x000002b1a80e0000,0x000002b1a8490000] _byte_map_base: 0x000002b1a7c8d000

Marking Bits (Prev, Next): (CMBitMap*) 0x000002b18f235568, (CMBitMap*) 0x000002b18f2355a0
 Prev Bits: [0x000002b1a8840000, 0x000002b1aa5a8000)
 Next Bits: [0x000002b1aa5b0000, 0x000002b1ac318000)

Polling page: 0x000002b198060000

Metaspace:

Usage:
  Non-class:     33.70 MB capacity,    32.97 MB ( 98%) used,   592.11 KB (  2%) free+waste,   155.25 KB ( <1%) overhead. 
      Class:      5.03 MB capacity,     4.46 MB ( 89%) used,   502.71 KB ( 10%) free+waste,    80.44 KB (  2%) overhead. 
       Both:     38.73 MB capacity,    37.44 MB ( 97%) used,     1.07 MB (  3%) free+waste,   235.69 KB ( <1%) overhead. 

Virtual space:
  Non-class space:       34.00 MB reserved,      33.95 MB (>99%) committed 
      Class space:        1.00 GB reserved,       5.12 MB ( <1%) committed 
             Both:        1.03 GB reserved,      39.07 MB (  4%) committed 

Chunk freelists:
   Non-Class:  7.88 KB
       Class:  3.62 KB
        Both:  11.50 KB

CodeHeap 'non-profiled nmethods': size=120000Kb used=1475Kb max_used=1475Kb free=118525Kb
 bounds [0x000002b19fb50000, 0x000002b19fdc0000, 0x000002b1a7080000]
CodeHeap 'profiled nmethods': size=120000Kb used=6042Kb max_used=6042Kb free=113958Kb
 bounds [0x000002b198620000, 0x000002b198c10000, 0x000002b19fb50000]
CodeHeap 'non-nmethods': size=5760Kb used=1240Kb max_used=1251Kb free=4519Kb
 bounds [0x000002b198080000, 0x000002b1982f0000, 0x000002b198620000]
 total_blobs=3552 nmethods=2927 adapters=536
 compilation: enabled
              stopped_count=0, restarted_count=0
 full_count=0

Compilation events (10 events):
Event: 4.542 Thread 0x000002b1af9ab000 2937       3       sun.util.calendar.ZoneInfo::clone (15 bytes)
Event: 4.542 Thread 0x000002b1af9ab000 nmethod 2937 0x000002b198c04910 code [0x000002b198c04ae0, 0x000002b198c04e58]
Event: 4.542 Thread 0x000002b1af9ab000 2938   !   3       java.util.TimeZone::clone (15 bytes)
Event: 4.542 Thread 0x000002b1af9ab000 nmethod 2938 0x000002b198c05010 code [0x000002b198c051c0, 0x000002b198c053b8]
Event: 4.543 Thread 0x000002b1af9ab000 2939       3       java.util.concurrent.ConcurrentHashMap::<init> (5 bytes)
Event: 4.543 Thread 0x000002b1af9ab000 nmethod 2939 0x000002b198c05490 code [0x000002b198c05640, 0x000002b198c057f8]
Event: 4.576 Thread 0x000002b1af9ab000 2940       3       java.lang.Package::<init> (47 bytes)
Event: 4.577 Thread 0x000002b1af9ab000 nmethod 2940 0x000002b198c05910 code [0x000002b198c05b00, 0x000002b198c05f48]
Event: 4.577 Thread 0x000002b1af9ab000 2941       3       java.lang.Package$VersionInfo::getInstance (53 bytes)
Event: 4.577 Thread 0x000002b1af9ab000 nmethod 2941 0x000002b198c06190 code [0x000002b198c06340, 0x000002b198c066e8]

GC Heap History (8 events):
Event: 0.739 GC heap before
{Heap before GC invocations=0 (full 0):
 garbage-first heap   total 120832K, used 26624K [0x000000008a600000, 0x0000000100000000)
  region size 1024K, 24 young (24576K), 0 survivors (0K)
 Metaspace       used 12226K, capacity 12482K, committed 12672K, reserved 1060864K
  class space    used 1207K, capacity 1314K, committed 1408K, reserved 1048576K
}
Event: 0.747 GC heap after
{Heap after GC invocations=1 (full 0):
 garbage-first heap   total 120832K, used 8725K [0x000000008a600000, 0x0000000100000000)
  region size 1024K, 3 young (3072K), 3 survivors (3072K)
 Metaspace       used 12226K, capacity 12482K, committed 12672K, reserved 1060864K
  class space    used 1207K, capacity 1314K, committed 1408K, reserved 1048576K
}
Event: 1.344 GC heap before
{Heap before GC invocations=1 (full 0):
 garbage-first heap   total 120832K, used 52757K [0x000000008a600000, 0x0000000100000000)
  region size 1024K, 47 young (48128K), 3 survivors (3072K)
 Metaspace       used 20683K, capacity 21150K, committed 21248K, reserved 1069056K
  class space    used 2256K, capacity 2464K, committed 2560K, reserved 1048576K
}
Event: 1.352 GC heap after
{Heap after GC invocations=2 (full 0):
 garbage-first heap   total 120832K, used 11557K [0x000000008a600000, 0x0000000100000000)
  region size 1024K, 6 young (6144K), 6 survivors (6144K)
 Metaspace       used 20683K, capacity 21150K, committed 21248K, reserved 1069056K
  class space    used 2256K, capacity 2464K, committed 2560K, reserved 1048576K
}
Event: 1.726 GC heap before
{Heap before GC invocations=3 (full 0):
 garbage-first heap   total 120832K, used 51493K [0x000000008a600000, 0x0000000100000000)
  region size 1024K, 45 young (46080K), 6 survivors (6144K)
 Metaspace       used 26213K, capacity 27020K, committed 27264K, reserved 1073152K
  class space    used 3034K, capacity 3366K, committed 3456K, reserved 1048576K
}
Event: 1.736 GC heap after
{Heap after GC invocations=4 (full 0):
 garbage-first heap   total 120832K, used 13769K [0x000000008a600000, 0x0000000100000000)
  region size 1024K, 5 young (5120K), 5 survivors (5120K)
 Metaspace       used 26213K, capacity 27020K, committed 27264K, reserved 1073152K
  class space    used 3034K, capacity 3366K, committed 3456K, reserved 1048576K
}
Event: 2.286 GC heap before
{Heap before GC invocations=4 (full 0):
 garbage-first heap   total 120832K, used 53705K [0x000000008a600000, 0x0000000100000000)
  region size 1024K, 45 young (46080K), 5 survivors (5120K)
 Metaspace       used 34667K, capacity 35802K, committed 35840K, reserved 1081344K
  class space    used 4109K, capacity 4608K, committed 4608K, reserved 1048576K
}
Event: 2.296 GC heap after
{Heap after GC invocations=5 (full 0):
 garbage-first heap   total 120832K, used 18367K [0x000000008a600000, 0x0000000100000000)
  region size 1024K, 7 young (7168K), 7 survivors (7168K)
 Metaspace       used 34667K, capacity 35802K, committed 35840K, reserved 1081344K
  class space    used 4109K, capacity 4608K, committed 4608K, reserved 1048576K
}

Deoptimization events (10 events):
Event: 2.034 Thread 0x000002b18f1f7800 Uncommon trap: reason=unstable_if action=reinterpret pc=0x000002b19fc59ee8 method=java.net.URLStreamHandler.parseURL(Ljava/net/URL;Ljava/lang/String;II)V @ 698 c2
Event: 2.212 Thread 0x000002b18f1f7800 Uncommon trap: reason=unstable_if action=reinterpret pc=0x000002b19fc196e8 method=jdk.internal.org.objectweb.asm.Type.getArgumentsAndReturnSizes(Ljava/lang/String;)I @ 41 c2
Event: 2.212 Thread 0x000002b18f1f7800 Uncommon trap: reason=unstable_if action=reinterpret pc=0x000002b19fc2fbd0 method=jdk.internal.org.objectweb.asm.Type.getArgumentsAndReturnSizes(Ljava/lang/String;)I @ 41 c2
Event: 2.241 Thread 0x000002b18f1f7800 Uncommon trap: reason=unstable_if action=reinterpret pc=0x000002b19fc74124 method=java.io.ByteArrayInputStream.read([BII)I @ 35 c2
Event: 2.242 Thread 0x000002b18f1f7800 Uncommon trap: reason=unstable_if action=reinterpret pc=0x000002b19fbef100 method=java.lang.CharacterDataLatin1.isWhitespace(I)Z @ 14 c2
Event: 2.892 Thread 0x000002b18f1f7800 Uncommon trap: reason=class_check action=maybe_recompile pc=0x000002b19fca9840 method=org.openqa.selenium.json.Input.fill()Z @ 85 c2
Event: 2.928 Thread 0x000002b18f1f7800 Uncommon trap: reason=class_check action=maybe_recompile pc=0x000002b19fca9840 method=org.openqa.selenium.json.Input.fill()Z @ 85 c2
Event: 3.013 Thread 0x000002b18f1f7800 Uncommon trap: reason=class_check action=maybe_recompile pc=0x000002b19fca9840 method=org.openqa.selenium.json.Input.fill()Z @ 85 c2
Event: 3.073 Thread 0x000002b18f1f7800 Uncommon trap: reason=class_check action=maybe_recompile pc=0x000002b19fca9840 method=org.openqa.selenium.json.Input.fill()Z @ 85 c2
Event: 4.528 Thread 0x000002b18f1f7800 Uncommon trap: reason=unstable_if action=reinterpret pc=0x000002b19fb6b860 method=java.lang.StringCoding.hasNegatives([BII)Z @ 12 c2

Classes redefined (0 events):
No events

Internal exceptions (10 events):
Event: 2.230 Thread 0x000002b18f1f7800 Exception <a 'java/lang/NoSuchMethodError'{0x000000008f8e6be8}: java.lang.invoke.DirectMethodHandle$Holder.invokeStatic(Ljava/lang/Object;Ljava/lang/Object;I)V> (0x000000008f8e6be8) thrown at [./open/src/hotspot/share/interpreter/linkResolver.cpp, line 77
Event: 2.273 Thread 0x000002b1b31eb800 Exception <a 'java/lang/NoSuchMethodError'{0x000000008f5f9838}: java.lang.invoke.DirectMethodHandle$Holder.invokeSpecial(Ljava/lang/Object;Ljava/lang/Object;IILjava/lang/Object;Ljava/lang/Object;I)Ljava/lang/Object;> (0x000000008f5f9838) thrown at [./open
Event: 2.273 Thread 0x000002b1b31eb800 Exception <a 'java/lang/NoSuchMethodError'{0x000000008f5fccb8}: java.lang.invoke.DelegatingMethodHandle$Holder.reinvoke_L(Ljava/lang/Object;IILjava/lang/Object;Ljava/lang/Object;I)Ljava/lang/Object;> (0x000000008f5fccb8) thrown at [./open/src/hotspot/shar
Event: 2.274 Thread 0x000002b1b31eb800 Exception <a 'java/lang/NoSuchMethodError'{0x000000008ef0deb0}: java.lang.invoke.DirectMethodHandle$Holder.invokeSpecial(Ljava/lang/Object;Ljava/lang/Object;Ljava/lang/Object;Ljava/lang/Object;I)Ljava/lang/Object;> (0x000000008ef0deb0) thrown at [./open/s
Event: 2.274 Thread 0x000002b1b31eb800 Exception <a 'java/lang/NoSuchMethodError'{0x000000008ef10f10}: java.lang.invoke.Invokers$Holder.linkToTargetMethod(Ljava/lang/Object;Ljava/lang/Object;ILjava/lang/Object;)Ljava/lang/Object;> (0x000000008ef10f10) thrown at [./open/src/hotspot/share/interp
Event: 2.286 Thread 0x000002b1b31eb800 Exception <a 'java/lang/NoSuchMethodError'{0x000000008ef4bc08}: java.lang.invoke.DirectMethodHandle$Holder.invokeSpecial(Ljava/lang/Object;Ljava/lang/Object;)V> (0x000000008ef4bc08) thrown at [./open/src/hotspot/share/interpreter/linkResolver.cpp, line 77
Event: 2.312 Thread 0x000002b1b31eb800 Exception <a 'java/lang/NoSuchMethodError'{0x0000000091b3d3d0}: java.lang.invoke.DirectMethodHandle$Holder.invokeStatic(Ljava/lang/Object;JJ)J> (0x0000000091b3d3d0) thrown at [./open/src/hotspot/share/interpreter/linkResolver.cpp, line 772]
Event: 2.887 Thread 0x000002b1b31eb800 Exception <a 'java/lang/NoSuchMethodError'{0x0000000091a91740}: java.lang.invoke.DirectMethodHandle$Holder.invokeSpecial(Ljava/lang/Object;Ljava/lang/Object;Ljava/lang/Object;Ljava/lang/Object;Ljava/lang/Object;Ljava/lang/Object;Ljava/lang/Object;)V> (0x0
Event: 2.894 Thread 0x000002b18f1f7800 Exception <a 'java/lang/NoSuchMethodError'{0x0000000091aeb9d0}: java.lang.invoke.DirectMethodHandle$Holder.invokeSpecialIFC(Ljava/lang/Object;Ljava/lang/Object;Ljava/lang/Object;)Ljava/lang/Object;> (0x0000000091aeb9d0) thrown at [./open/src/hotspot/share
Event: 2.962 Thread 0x000002b18f1f7800 Exception <a 'java/lang/ClassNotFoundException'{0x000000009159ef60}: sun/util/logging/resources/spi/loggingProvider> (0x000000009159ef60) thrown at [./open/src/hotspot/share/classfile/systemDictionary.cpp, line 226]

Events (10 events):
Event: 4.615 loading class freemarker/ext/beans/BeansWrapperConfiguration
Event: 4.615 loading class freemarker/ext/beans/BeansWrapperConfiguration done
Event: 4.615 loading class freemarker/ext/beans/_BeansAPI$_BeansWrapperSubclassFactory
Event: 4.615 loading class freemarker/ext/beans/_BeansAPI$_BeansWrapperSubclassFactory done
Event: 4.616 loading class freemarker/template/Configuration
Event: 4.616 loading class freemarker/template/Configuration done
Event: 4.618 loading class freemarker/core/ParserConfiguration
Event: 4.618 loading class freemarker/core/ParserConfiguration done
Event: 4.619 loading class freemarker/core/Configurable
Event: 4.619 loading class freemarker/core/Configurable done


Dynamic libraries:
0x00007ff737fb0000 - 0x00007ff737fc0000 	C:\Program Files\Java\jdk-11\bin\java.exe
0x00007ffa5ad10000 - 0x00007ffa5af27000 	C:\windows\SYSTEM32\ntdll.dll
0x00007ffa58bb0000 - 0x00007ffa58c74000 	C:\windows\System32\KERNEL32.DLL
0x00007ffa58150000 - 0x00007ffa584fc000 	C:\windows\System32\KERNELBASE.dll
0x00007ffa58840000 - 0x00007ffa58951000 	C:\windows\System32\ucrtbase.dll
0x00007ffa52bc0000 - 0x00007ffa52bd8000 	C:\Program Files\Java\jdk-11\bin\jli.dll
0x00007ffa52b60000 - 0x00007ffa52b7b000 	C:\Program Files\Java\jdk-11\bin\VCRUNTIME140.dll
0x00007ffa59b10000 - 0x00007ffa59bc2000 	C:\windows\System32\ADVAPI32.dll
0x00007ffa59d80000 - 0x00007ffa59e27000 	C:\windows\System32\msvcrt.dll
0x00007ffa5a110000 - 0x00007ffa5a1ba000 	C:\windows\System32\sechost.dll
0x00007ffa58580000 - 0x00007ffa585a8000 	C:\windows\System32\bcrypt.dll
0x00007ffa5a400000 - 0x00007ffa5a515000 	C:\windows\System32\RPCRT4.dll
0x00007ffa59f60000 - 0x00007ffa5a10e000 	C:\windows\System32\USER32.dll
0x00007ffa58960000 - 0x00007ffa58986000 	C:\windows\System32\win32u.dll
0x00007ffa3c2d0000 - 0x00007ffa3c563000 	C:\windows\WinSxS\amd64_microsoft.windows.common-controls_6595b64144ccf1df_6.0.22621.3672_none_2713b9d173822955\COMCTL32.dll
0x00007ffa58d40000 - 0x00007ffa58d69000 	C:\windows\System32\GDI32.dll
0x00007ffa585b0000 - 0x00007ffa586c9000 	C:\windows\System32\gdi32full.dll
0x00007ffa580b0000 - 0x00007ffa5814a000 	C:\windows\System32\msvcp_win.dll
0x00007ffa4cda0000 - 0x00007ffa4cdaa000 	C:\windows\SYSTEM32\VERSION.dll
0x00007ffa58ca0000 - 0x00007ffa58cd1000 	C:\windows\System32\IMM32.DLL
0x00007ffa55040000 - 0x00007ffa5504c000 	C:\Program Files\Java\jdk-11\bin\vcruntime140_1.dll
0x00007ffa41670000 - 0x00007ffa416fe000 	C:\Program Files\Java\jdk-11\bin\msvcp140.dll
0x00007ffa12570000 - 0x00007ffa130d8000 	C:\Program Files\Java\jdk-11\bin\server\jvm.dll
0x00007ffa5a220000 - 0x00007ffa5a228000 	C:\windows\System32\PSAPI.DLL
0x00007ffa529c0000 - 0x00007ffa529f4000 	C:\windows\SYSTEM32\WINMM.dll
0x00007ffa51e30000 - 0x00007ffa51e39000 	C:\windows\SYSTEM32\WSOCK32.dll
0x00007ffa5aaf0000 - 0x00007ffa5ab61000 	C:\windows\System32\WS2_32.dll
0x00007ffa57130000 - 0x00007ffa57148000 	C:\windows\SYSTEM32\kernel.appcore.dll
0x00007ffa53b30000 - 0x00007ffa53b40000 	C:\Program Files\Java\jdk-11\bin\verify.dll
0x00007ffa4ec20000 - 0x00007ffa4ee52000 	C:\windows\SYSTEM32\DBGHELP.DLL
0x00007ffa58d70000 - 0x00007ffa590f8000 	C:\windows\System32\combase.dll
0x00007ffa58ad0000 - 0x00007ffa58ba7000 	C:\windows\System32\OLEAUT32.dll
0x00007ffa39cb0000 - 0x00007ffa39ce2000 	C:\windows\SYSTEM32\dbgcore.DLL
0x00007ffa58500000 - 0x00007ffa5857b000 	C:\windows\System32\bcryptPrimitives.dll
0x00007ffa52b30000 - 0x00007ffa52b58000 	C:\Program Files\Java\jdk-11\bin\java.dll
0x00007ffa52b20000 - 0x00007ffa52b2a000 	C:\Program Files\Java\jdk-11\bin\jimage.dll
0x00007ffa52af0000 - 0x00007ffa52afe000 	C:\Program Files\Java\jdk-11\bin\instrument.dll
0x00007ffa52220000 - 0x00007ffa52237000 	C:\Program Files\Java\jdk-11\bin\zip.dll
0x00007ffa59100000 - 0x00007ffa5995c000 	C:\windows\System32\SHELL32.dll
0x00007ffa55f50000 - 0x00007ffa56847000 	C:\windows\SYSTEM32\windows.storage.dll
0x00007ffa55e10000 - 0x00007ffa55f4f000 	C:\windows\SYSTEM32\wintypes.dll
0x00007ffa5a520000 - 0x00007ffa5a614000 	C:\windows\System32\SHCORE.dll
0x00007ffa59e30000 - 0x00007ffa59e8e000 	C:\windows\System32\shlwapi.dll
0x00007ffa57f70000 - 0x00007ffa57f91000 	C:\windows\SYSTEM32\profapi.dll
0x00007ffa465c0000 - 0x00007ffa465d9000 	C:\Program Files\Java\jdk-11\bin\net.dll
0x00007ffa53ef0000 - 0x00007ffa54026000 	C:\windows\SYSTEM32\WINHTTP.dll
0x00007ffa575d0000 - 0x00007ffa57639000 	C:\windows\system32\mswsock.dll
0x00007ffa465a0000 - 0x00007ffa465b2000 	C:\Program Files\Java\jdk-11\bin\nio.dll
0x00007ffa35750000 - 0x00007ffa3576a000 	C:\Program Files\JetBrains\IntelliJ IDEA Community Edition 2024.1.1\bin\breakgen64.dll
0x00007ffa57830000 - 0x00007ffa5784b000 	C:\windows\SYSTEM32\CRYPTSP.dll
0x00007ffa57090000 - 0x00007ffa570c5000 	C:\windows\system32\rsaenh.dll
0x00007ffa576d0000 - 0x00007ffa576f8000 	C:\windows\SYSTEM32\USERENV.dll
0x00007ffa57850000 - 0x00007ffa5785c000 	C:\windows\SYSTEM32\CRYPTBASE.dll
0x00007ffa56b20000 - 0x00007ffa56b4d000 	C:\windows\SYSTEM32\IPHLPAPI.DLL
0x00007ffa59ec0000 - 0x00007ffa59ec9000 	C:\windows\System32\NSI.dll
0x00007ffa53cc0000 - 0x00007ffa53cd9000 	C:\windows\SYSTEM32\dhcpcsvc6.DLL
0x00007ffa539f0000 - 0x00007ffa53a0f000 	C:\windows\SYSTEM32\dhcpcsvc.DLL
0x00007ffa56b50000 - 0x00007ffa56c48000 	C:\windows\SYSTEM32\DNSAPI.dll
0x00007ffa52a90000 - 0x00007ffa52a99000 	C:\Program Files\Java\jdk-11\bin\management.dll
0x00007ffa52210000 - 0x00007ffa5221b000 	C:\Program Files\Java\jdk-11\bin\management_ext.dll
0x00007ffa50060000 - 0x00007ffa50077000 	C:\windows\system32\napinsp.dll
0x00007ffa500e0000 - 0x00007ffa500fb000 	C:\windows\system32\pnrpnsp.dll
0x00007ffa55010000 - 0x00007ffa55021000 	C:\windows\System32\winrnr.dll
0x00007ffa52110000 - 0x00007ffa52125000 	C:\windows\system32\wshbth.dll
0x00007ff9eefc0000 - 0x00007ff9eefe7000 	C:\windows\system32\nlansp_c.dll
0x00007ffa52c10000 - 0x00007ffa52c1a000 	C:\Windows\System32\rasadhlp.dll
0x00007ffa52450000 - 0x00007ffa524d3000 	C:\windows\System32\fwpuclnt.dll
0x00007ffa35720000 - 0x00007ffa35747000 	C:\Program Files\Java\jdk-11\bin\sunec.dll

dbghelp: loaded successfully - version: 4.0.5 - missing functions: none
symbol engine: initialized successfully - sym options: 0x614 - pdb path: .;C:\Program Files\Java\jdk-11\bin;C:\windows\SYSTEM32;C:\windows\WinSxS\amd64_microsoft.windows.common-controls_6595b64144ccf1df_6.0.22621.3672_none_2713b9d173822955;C:\Program Files\Java\jdk-11\bin\server;C:\Program Files\JetBrains\IntelliJ IDEA Community Edition 2024.1.1\bin

VM Arguments:
jvm_args: -ea -Didea.test.cyclic.buffer.size=1048576 -javaagent:C:\Program Files\JetBrains\IntelliJ IDEA Community Edition 2024.1.1\lib\idea_rt.jar=55468:C:\Program Files\JetBrains\IntelliJ IDEA Community Edition 2024.1.1\bin -Dfile.encoding=UTF-8 
java_command: com.intellij.rt.testng.RemoteTestNGStarter -usedefaultlisteners false -socket55467 @w@C:\Users\hp\AppData\Local\Temp\idea_working_dirs_testng.tmp -temp C:\Users\hp\AppData\Local\Temp\idea_testng.tmp
java_class_path (initial): C:\Program Files\JetBrains\IntelliJ IDEA Community Edition 2024.1.1\lib\idea_rt.jar;C:\Program Files\JetBrains\IntelliJ IDEA Community Edition 2024.1.1\plugins\testng\lib\testng-rt.jar;D:\Intellij Files\Selenium_Challenge\target\test-classes;D:\Intellij Files\Selenium_Challenge\target\classes;C:\Users\hp\.m2\repository\org\seleniumhq\selenium\selenium-java\4.18.1\selenium-java-4.18.1.jar;C:\Users\hp\.m2\repository\org\seleniumhq\selenium\selenium-api\4.18.1\selenium-api-4.18.1.jar;C:\Users\hp\.m2\repository\org\seleniumhq\selenium\selenium-chrome-driver\4.18.1\selenium-chrome-driver-4.18.1.jar;C:\Users\hp\.m2\repository\com\google\auto\service\auto-service-annotations\1.1.1\auto-service-annotations-1.1.1.jar;C:\Users\hp\.m2\repository\org\seleniumhq\selenium\selenium-chromium-driver\4.18.1\selenium-chromium-driver-4.18.1.jar;C:\Users\hp\.m2\repository\org\seleniumhq\selenium\selenium-json\4.18.1\selenium-json-4.18.1.jar;C:\Users\hp\.m2\repository\org\seleniumhq\selenium\selenium-manager\4.18.1\selenium-manager-4.18.1.jar;C:\Users\hp\.m2\repository\org\seleniumhq\selenium\selenium-devtools-v120\4.18.1\selenium-devtools-v120-4.18.1.jar;C:\Users\hp\.m2\repository\org\seleniumhq\selenium\selenium-devtools-v121\4.18.1\selenium-devtools-v121-4.18.1.jar;C:\Users\hp\.m2\repository\org\seleniumhq\selenium\selenium-devtools-v122\4.18.1\selenium-devtools-v122-4.18.1.jar;C:\Users\hp\.m2\repository\org\seleniumhq\selenium\selenium-devtools-v85\4.18.1\selenium-devtools-v85-4.18.1.jar;C:\Users\hp\.m2\repository\org\seleniumhq\selenium\selenium-edge-driver\4.18.1\selenium-edge-driver-4.18.1.jar;C:\Users\hp\.m2\repository\org\seleniumhq\selenium\selenium-firefox-driver\4.18.1\selenium-firefox-driver-4.18.1.jar;C:\Users\hp\.m2\repository\org\seleniumhq\selenium\selenium-http\4.18.1\selenium-http-4.18.1.jar;C:\Users\hp\.m2\repository\dev\failsafe\failsafe\3.3.2\failsafe-3.3.2.jar;C:\Users\hp\.m2\repository\org\seleniumhq\selenium\selenium-ie-driver\4.18.1\
Launcher Type: SUN_STANDARD

[Global flags]
     intx CICompilerCount                          = 4                                         {product} {ergonomic}
     uint ConcGCThreads                            = 3                                         {product} {ergonomic}
     uint G1ConcRefinementThreads                  = 10                                        {product} {ergonomic}
   size_t G1HeapRegionSize                         = 1048576                                   {product} {ergonomic}
    uintx GCDrainStackTargetSize                   = 64                                        {product} {ergonomic}
   size_t InitialHeapSize                          = 123731968                                 {product} {ergonomic}
   size_t MarkStackSize                            = 4194304                                   {product} {ergonomic}
   size_t MaxHeapSize                              = 1973420032                                {product} {ergonomic}
   size_t MaxNewSize                               = 1183842304                                {product} {ergonomic}
   size_t MinHeapDeltaBytes                        = 1048576                                   {product} {ergonomic}
    uintx NonNMethodCodeHeapSize                   = 5836300                                {pd product} {ergonomic}
    uintx NonProfiledCodeHeapSize                  = 122910970                              {pd product} {ergonomic}
    uintx ProfiledCodeHeapSize                     = 122910970                              {pd product} {ergonomic}
    uintx ReservedCodeCacheSize                    = 251658240                              {pd product} {ergonomic}
     bool SegmentedCodeCache                       = true                                      {product} {ergonomic}
     bool UseCompressedClassPointers               = true                                 {lp64_product} {ergonomic}
     bool UseCompressedOops                        = true                                 {lp64_product} {ergonomic}
     bool UseG1GC                                  = true                                      {product} {ergonomic}
     bool UseLargePagesIndividualAllocation        = false                                  {pd product} {ergonomic}

Logging:
Log output configuration:
 #0: stdout all=warning uptime,level,tags
 #1: stderr all=off uptime,level,tags

Environment Variables:
JAVA_HOME=C:\Program Files\Java\jdk-11
PATH=C:\Python312\Scripts\;C:\Python312\;C:\Program Files\Common Files\Oracle\Java\javapath;C:\Program Files (x86)\Common Files\Oracle\Java\javapath;C:\windows\system32;C:\windows;C:\windows\System32\Wbem;C:\windows\System32\WindowsPowerShell\v1.0\;C:\windows\System32\OpenSSH\;C:\Program Files\apache-maven-3.6.1\bin;E:\F\apache-jmeter-5.5\apache-jmeter-5.5\bin;C:\Program Files\Java\jdk-11\bin;C:\Program Files\Java\jdk1.8.0_111\bin;C:\Users\hp\AppData\Local\Android\Sdk;C:\Users\hp\AppData\Local\Android\Sdk\tools\bin;C:\Users\hp\AppData\Local\Android\Sdk\tools;C:\Users\hp\AppData\Local\Android\Sdk\platform-tools;C:\Users\hp\AppData\Local\Android\Sdk\build-tools\30.0.3;C:\ProgramData\chocolatey\bin;C:\Program Files\nodejs;C:\Program Files\nodejs\node_modules\npm\bin;C:\Users\hp\AppData\Roaming\npm;D:\VS Code Files\First Project\node_modules\.bin;C:\Program Files\Git\cmd;C:\Program Files\dotnet\;C:\Users\hp\AppData\Local\Microsoft\WindowsApps;;C:\Program Files\JetBrains\IntelliJ IDEA Community Edition 2021.3.1\bin;;C:\Users\hp\AppData\Local\Programs\Microsoft VS Code\bin
USERNAME=hp
OS=Windows_NT
PROCESSOR_IDENTIFIER=AMD64 Family 25 Model 80 Stepping 0, AuthenticAMD



---------------  S Y S T E M  ---------------

OS: Windows 11 , 64 bit Build 22621 (10.0.22621.3672)
Hyper-V role detected

CPU:total 12 (initial active 12) (12 cores per cpu, 2 threads per core) family 25 model 80 stepping 0 microcode 0x0, cmov, cx8, fxsr, mmx, sse, sse2, sse3, ssse3, sse4.1, sse4.2, popcnt, avx, avx2, aes, clmul, erms, mmxext, 3dnowpref, lzcnt, sse4a, ht, tsc, tscinvbit, tscinv, bmi1, bmi2,

Memory: 4k page, system-wide physical 7520M (402M free)
TotalPageFile size 31072M (AvailPageFile size 9M)
current process WorkingSet (physical memory assigned to process): 190M, peak: 190M
current process commit charge ("private bytes"): 286M, peak: 286M

vm_info: Java HotSpot(TM) 64-Bit Server VM (11.0.18+9-LTS-195) for windows-amd64 JRE (11.0.18+9-LTS-195), built on Dec  6 2022 15:50:58 by "mach5one" with MS VC++ 17.1 (VS2022)

END.
