#
# There is insufficient memory for the Java Runtime Environment to continue.
# Native memory allocation (malloc) failed to allocate 665776 bytes for Chunk::new
# Possible reasons:
#   The system is out of physical RAM or swap space
#   The process is running with CompressedOops enabled, and the Java Heap may be blocking the growth of the native heap
# Possible solutions:
#   Reduce memory load on the system
#   Increase physical memory or swap space
#   Check if swap backing store is full
#   Decrease Java heap size (-Xmx/-Xms)
#   Decrease number of Java threads
#   Decrease Java thread stack sizes (-Xss)
#   Set larger code cache with -XX:ReservedCodeCacheSize=
#   JVM is running with Unscaled Compressed Oops mode in which the Java heap is
#     placed in the first 4GB address space. The Java Heap base address is the
#     maximum limit for the native heap growth. Please use -XX:HeapBaseMinAddress
#     to set the Java Heap base and to place the Java Heap above 4GB virtual address.
# This output file may be truncated or incomplete.
#
#  Out of Memory Error (./open/src/hotspot/share/memory/arena.cpp:197), pid=18652, tid=10948
#
# JRE version: Java(TM) SE Runtime Environment 18.9 (11.0.18+9) (build 11.0.18+9-LTS-195)
# Java VM: Java HotSpot(TM) 64-Bit Server VM 18.9 (11.0.18+9-LTS-195, mixed mode, tiered, compressed oops, g1 gc, windows-amd64)
# No core dump will be written. Minidumps are not enabled by default on client versions of Windows
#

---------------  S U M M A R Y ------------

Command Line: -ea -Didea.test.cyclic.buffer.size=1048576 -javaagent:C:\Program Files\JetBrains\IntelliJ IDEA Community Edition 2024.1.1\lib\idea_rt.jar=55295:C:\Program Files\JetBrains\IntelliJ IDEA Community Edition 2024.1.1\bin -Dfile.encoding=UTF-8 com.intellij.rt.testng.RemoteTestNGStarter -usedefaultlisteners false -socket55294 @w@C:\Users\hp\AppData\Local\Temp\idea_working_dirs_testng.tmp -temp C:\Users\hp\AppData\Local\Temp\idea_testng.tmp

Host: AMD Ryzen 5 5625U with Radeon Graphics         , 12 cores, 7G,  Windows 11 , 64 bit Build 22621 (10.0.22621.3672)
Time: Sun Jun 23 20:46:55 2024 Bangladesh Standard Time elapsed time: 4.395852 seconds (0d 0h 0m 4s)

---------------  T H R E A D  ---------------

Current thread (0x0000021a5d9c3800):  JavaThread "C2 CompilerThread0" daemon [_thread_in_native, id=10948, stack(0x0000006328200000,0x0000006328300000)]


Current CompileTask:
C2:   4395 2951   !   4       jdk.internal.loader.BuiltinClassLoader::loadClassOrNull (143 bytes)

Stack: [0x0000006328200000,0x0000006328300000]
Native frames: (J=compiled Java code, j=interpreted, Vv=VM code, C=native code)
V  [jvm.dll+0x65d8aa]
V  [jvm.dll+0x79fc1f]
V  [jvm.dll+0x7a12e9]
V  [jvm.dll+0x7a1983]
V  [jvm.dll+0x2585b5]
V  [jvm.dll+0xb284c]
V  [jvm.dll+0xb2e0c]
V  [jvm.dll+0x2c9c42]
V  [jvm.dll+0x56d7dc]
V  [jvm.dll+0x210b87]
V  [jvm.dll+0x213167]
V  [jvm.dll+0x210264]
V  [jvm.dll+0x18c641]
V  [jvm.dll+0x220609]
V  [jvm.dll+0x21e92c]
V  [jvm.dll+0x763f61]
V  [jvm.dll+0x75c924]
V  [jvm.dll+0x65c755]
C  [ucrtbase.dll+0x29333]
C  [KERNEL32.DLL+0x1257d]
C  [ntdll.dll+0x5af28]


---------------  P R O C E S S  ---------------

Threads class SMR info:
_java_thread_list=0x0000021a60dd77b0, length=27, elements={
0x0000021a3f1d7000, 0x0000021a5d062000, 0x0000021a5d06b000, 0x0000021a5d077800,
0x0000021a5d078800, 0x0000021a5d07c000, 0x0000021a5d9c3800, 0x0000021a5d9c4000,
0x0000021a5d9c5000, 0x0000021a5db3f000, 0x0000021a5dd1d800, 0x0000021a5ee01000,
0x0000021a5ee02000, 0x0000021a5f2e6800, 0x0000021a60c25000, 0x0000021a60d7c800,
0x0000021a60a5b800, 0x0000021a5eec0800, 0x0000021a5eec1000, 0x0000021a60e37800,
0x0000021a60e36800, 0x0000021a60e35000, 0x0000021a60e33000, 0x0000021a60e39000,
0x0000021a60e35800, 0x0000021a60e38000, 0x0000021a60e39800
}

Java Threads: ( => current thread )
  0x0000021a3f1d7000 JavaThread "main" [_thread_in_vm, id=15652, stack(0x0000006327600000,0x0000006327700000)]
  0x0000021a5d062000 JavaThread "Reference Handler" daemon [_thread_blocked, id=5760, stack(0x0000006327d00000,0x0000006327e00000)]
  0x0000021a5d06b000 JavaThread "Finalizer" daemon [_thread_blocked, id=13164, stack(0x0000006327e00000,0x0000006327f00000)]
  0x0000021a5d077800 JavaThread "Signal Dispatcher" daemon [_thread_blocked, id=17492, stack(0x0000006327f00000,0x0000006328000000)]
  0x0000021a5d078800 JavaThread "Attach Listener" daemon [_thread_blocked, id=21324, stack(0x0000006328000000,0x0000006328100000)]
  0x0000021a5d07c000 JavaThread "Service Thread" daemon [_thread_blocked, id=13504, stack(0x0000006328100000,0x0000006328200000)]
=>0x0000021a5d9c3800 JavaThread "C2 CompilerThread0" daemon [_thread_in_native, id=10948, stack(0x0000006328200000,0x0000006328300000)]
  0x0000021a5d9c4000 JavaThread "C1 CompilerThread0" daemon [_thread_blocked, id=9372, stack(0x0000006328300000,0x0000006328400000)]
  0x0000021a5d9c5000 JavaThread "Sweeper thread" daemon [_thread_blocked, id=15184, stack(0x0000006328400000,0x0000006328500000)]
  0x0000021a5db3f000 JavaThread "Common-Cleaner" daemon [_thread_blocked, id=520, stack(0x0000006328500000,0x0000006328600000)]
  0x0000021a5dd1d800 JavaThread "Monitor Ctrl-Break" daemon [_thread_in_native, id=19068, stack(0x0000006328700000,0x0000006328800000)]
  0x0000021a5ee01000 JavaThread "ForkJoinPool.commonPool-worker-19" daemon [_thread_blocked, id=10328, stack(0x0000006328c00000,0x0000006328d00000)]
  0x0000021a5ee02000 JavaThread "ForkJoinPool.commonPool-worker-5" daemon [_thread_blocked, id=20332, stack(0x0000006328d00000,0x0000006328e00000)]
  0x0000021a5f2e6800 JavaThread "ForkJoinPool.commonPool-worker-23" daemon [_thread_blocked, id=18516, stack(0x0000006328e00000,0x0000006328f00000)]
  0x0000021a60c25000 JavaThread "HttpClient-1-SelectorManager" daemon [_thread_in_native, id=6992, stack(0x0000006329000000,0x0000006329100000)]
  0x0000021a60d7c800 JavaThread "External Process Output Forwarder - C:\Users\hp\.cache\selenium\chromedriver\win64\126.0.6478.63\chromedriver.exe" daemon [_thread_in_native, id=17612, stack(0x0000006329100000,0x0000006329200000)]
  0x0000021a60a5b800 JavaThread "Driver Service Executor" daemon [_thread_blocked, id=14704, stack(0x0000006329200000,0x0000006329300000)]
  0x0000021a5eec0800 JavaThread "Driver Service Executor" daemon [_thread_in_native, id=1564, stack(0x0000006329300000,0x0000006329400000)]
  0x0000021a5eec1000 JavaThread "UrlChecker-2" daemon [_thread_blocked, id=11112, stack(0x0000006329400000,0x0000006329500000)]
  0x0000021a60e37800 JavaThread "Keep-Alive-Timer" daemon [_thread_blocked, id=12716, stack(0x0000006329600000,0x0000006329700000)]
  0x0000021a60e36800 JavaThread "pool-2-thread-1" [_thread_blocked, id=21584, stack(0x0000006329700000,0x0000006329800000)]
  0x0000021a60e35000 JavaThread "pool-2-thread-2" [_thread_blocked, id=4128, stack(0x0000006329a00000,0x0000006329b00000)]
  0x0000021a60e33000 JavaThread "pool-2-thread-3" [_thread_blocked, id=9284, stack(0x0000006329b00000,0x0000006329c00000)]
  0x0000021a60e39000 JavaThread "HttpClient-2-SelectorManager" daemon [_thread_in_native, id=21868, stack(0x0000006328600000,0x0000006328700000)]
  0x0000021a60e35800 JavaThread "pool-3-thread-1" [_thread_blocked, id=12872, stack(0x0000006328f00000,0x0000006329000000)]
  0x0000021a60e38000 JavaThread "pool-3-thread-2" [_thread_blocked, id=21032, stack(0x0000006329c00000,0x0000006329d00000)]
  0x0000021a60e39800 JavaThread "pool-3-thread-3" [_thread_blocked, id=20440, stack(0x0000006329d00000,0x0000006329e00000)]

Other Threads:
  0x0000021a5d03f800 VMThread "VM Thread" [stack: 0x0000006327c00000,0x0000006327d00000] [id=14044]
  0x0000021a5dd24000 WatcherThread [stack: 0x0000006328800000,0x0000006328900000] [id=16844]
  0x0000021a3f1eb000 GCTaskThread "GC Thread#0" [stack: 0x0000006327700000,0x0000006327800000] [id=11536]
  0x0000021a5e422000 GCTaskThread "GC Thread#1" [stack: 0x0000006328900000,0x0000006328a00000] [id=18360]
  0x0000021a604ff800 GCTaskThread "GC Thread#2" [stack: 0x0000006329800000,0x0000006329900000] [id=19776]
  0x0000021a60d5f000 GCTaskThread "GC Thread#3" [stack: 0x0000006329900000,0x0000006329a00000] [id=6136]
  0x0000021a3f21d000 ConcurrentGCThread "G1 Main Marker" [stack: 0x0000006327800000,0x0000006327900000] [id=17876]
  0x0000021a3d0cb000 ConcurrentGCThread "G1 Conc#0" [stack: 0x0000006327900000,0x0000006327a00000] [id=9416]
  0x0000021a5f3ed800 ConcurrentGCThread "G1 Conc#1" [stack: 0x0000006328a00000,0x0000006328b00000] [id=16240]
  0x0000021a5eecf800 ConcurrentGCThread "G1 Conc#2" [stack: 0x0000006328b00000,0x0000006328c00000] [id=1308]
  0x0000021a3f28e000 ConcurrentGCThread "G1 Refine#0" [stack: 0x0000006327a00000,0x0000006327b00000] [id=21976]
  0x0000021a5cea3800 ConcurrentGCThread "G1 Young RemSet Sampling" [stack: 0x0000006327b00000,0x0000006327c00000] [id=21916]

Threads with active compile tasks:
C2 CompilerThread0     4420 2951   !   4       jdk.internal.loader.BuiltinClassLoader::loadClassOrNull (143 bytes)

VM state:not at safepoint (normal execution)

VM Mutex/Monitor currently owned by a thread: None

Heap address: 0x000000008a600000, size: 1882 MB, Compressed Oops mode: 32-bit
Narrow klass base: 0x0000000000000000, Narrow klass shift: 3
Compressed class space size: 1073741824 Address: 0x0000000100000000

Heap:
 garbage-first heap   total 120832K, used 35566K [0x000000008a600000, 0x0000000100000000)
  region size 1024K, 25 young (25600K), 7 survivors (7168K)
 Metaspace       used 37504K, capacity 38831K, committed 38860K, reserved 1083392K
  class space    used 4475K, capacity 5091K, committed 5120K, reserved 1048576K
Heap Regions: E=young(eden), S=young(survivor), O=old, HS=humongous(starts), HC=humongous(continues), CS=collection set, F=free, A=archive, TAMS=top-at-mark-start (previous, next)
|   0|0x000000008a600000, 0x000000008a700000, 0x000000008a700000|100%|HS|  |TAMS 0x000000008a700000, 0x000000008a600000| Complete 
|   1|0x000000008a700000, 0x000000008a800000, 0x000000008a800000|100%| O|  |TAMS 0x000000008a800000, 0x000000008a700000| Untracked 
|   2|0x000000008a800000, 0x000000008a900000, 0x000000008a900000|100%|HS|  |TAMS 0x000000008a900000, 0x000000008a800000| Complete 
|   3|0x000000008a900000, 0x000000008aa00000, 0x000000008aa00000|100%| O|  |TAMS 0x000000008aa00000, 0x000000008a900000| Untracked 
|   4|0x000000008aa00000, 0x000000008ab00000, 0x000000008ab00000|100%| O|  |TAMS 0x000000008ab00000, 0x000000008aa00000| Untracked 
|   5|0x000000008ab00000, 0x000000008ac00000, 0x000000008ac00000|100%| O|  |TAMS 0x000000008ac00000, 0x000000008ab00000| Untracked 
|   6|0x000000008ac00000, 0x000000008ad00000, 0x000000008ad00000|100%| O|  |TAMS 0x000000008ad00000, 0x000000008ac00000| Untracked 
|   7|0x000000008ad00000, 0x000000008ae00000, 0x000000008ae00000|100%| O|  |TAMS 0x000000008ae00000, 0x000000008ad00000| Untracked 
|   8|0x000000008ae00000, 0x000000008af00000, 0x000000008af00000|100%| O|  |TAMS 0x000000008af00000, 0x000000008ae00000| Untracked 
|   9|0x000000008af00000, 0x000000008b000000, 0x000000008b000000|100%| O|  |TAMS 0x000000008b000000, 0x000000008af00000| Untracked 
|  10|0x000000008b000000, 0x000000008b100000, 0x000000008b100000|100%| O|  |TAMS 0x000000008b100000, 0x000000008b000000| Untracked 
|  11|0x000000008b100000, 0x000000008b10ac00, 0x000000008b200000|  4%| O|  |TAMS 0x000000008b10ac00, 0x000000008b100000| Untracked 
|  12|0x000000008b200000, 0x000000008b200000, 0x000000008b300000|  0%| F|  |TAMS 0x000000008b200000, 0x000000008b200000| Untracked 
|  13|0x000000008b300000, 0x000000008b300000, 0x000000008b400000|  0%| F|  |TAMS 0x000000008b300000, 0x000000008b300000| Untracked 
|  14|0x000000008b400000, 0x000000008b400000, 0x000000008b500000|  0%| F|  |TAMS 0x000000008b400000, 0x000000008b400000| Untracked 
|  15|0x000000008b500000, 0x000000008b500000, 0x000000008b600000|  0%| F|  |TAMS 0x000000008b500000, 0x000000008b500000| Untracked 
|  16|0x000000008b600000, 0x000000008b600000, 0x000000008b700000|  0%| F|  |TAMS 0x000000008b600000, 0x000000008b600000| Untracked 
|  17|0x000000008b700000, 0x000000008b700000, 0x000000008b800000|  0%| F|  |TAMS 0x000000008b700000, 0x000000008b700000| Untracked 
|  18|0x000000008b800000, 0x000000008b800000, 0x000000008b900000|  0%| F|  |TAMS 0x000000008b800000, 0x000000008b800000| Untracked 
|  19|0x000000008b900000, 0x000000008b900000, 0x000000008ba00000|  0%| F|  |TAMS 0x000000008b900000, 0x000000008b900000| Untracked 
|  20|0x000000008ba00000, 0x000000008ba00000, 0x000000008bb00000|  0%| F|  |TAMS 0x000000008ba00000, 0x000000008ba00000| Untracked 
|  21|0x000000008bb00000, 0x000000008bb00000, 0x000000008bc00000|  0%| F|  |TAMS 0x000000008bb00000, 0x000000008bb00000| Untracked 
|  22|0x000000008bc00000, 0x000000008bc00000, 0x000000008bd00000|  0%| F|  |TAMS 0x000000008bc00000, 0x000000008bc00000| Untracked 
|  23|0x000000008bd00000, 0x000000008bd00000, 0x000000008be00000|  0%| F|  |TAMS 0x000000008bd00000, 0x000000008bd00000| Untracked 
|  24|0x000000008be00000, 0x000000008be00000, 0x000000008bf00000|  0%| F|  |TAMS 0x000000008be00000, 0x000000008be00000| Untracked 
|  25|0x000000008bf00000, 0x000000008bf00000, 0x000000008c000000|  0%| F|  |TAMS 0x000000008bf00000, 0x000000008bf00000| Untracked 
|  26|0x000000008c000000, 0x000000008c000000, 0x000000008c100000|  0%| F|  |TAMS 0x000000008c000000, 0x000000008c000000| Untracked 
|  27|0x000000008c100000, 0x000000008c100000, 0x000000008c200000|  0%| F|  |TAMS 0x000000008c100000, 0x000000008c100000| Untracked 
|  28|0x000000008c200000, 0x000000008c200000, 0x000000008c300000|  0%| F|  |TAMS 0x000000008c200000, 0x000000008c200000| Untracked 
|  29|0x000000008c300000, 0x000000008c300000, 0x000000008c400000|  0%| F|  |TAMS 0x000000008c300000, 0x000000008c300000| Untracked 
|  30|0x000000008c400000, 0x000000008c400000, 0x000000008c500000|  0%| F|  |TAMS 0x000000008c400000, 0x000000008c400000| Untracked 
|  31|0x000000008c500000, 0x000000008c500000, 0x000000008c600000|  0%| F|  |TAMS 0x000000008c500000, 0x000000008c500000| Untracked 
|  32|0x000000008c600000, 0x000000008c600000, 0x000000008c700000|  0%| F|  |TAMS 0x000000008c600000, 0x000000008c600000| Untracked 
|  33|0x000000008c700000, 0x000000008c700000, 0x000000008c800000|  0%| F|  |TAMS 0x000000008c700000, 0x000000008c700000| Untracked 
|  34|0x000000008c800000, 0x000000008c800000, 0x000000008c900000|  0%| F|  |TAMS 0x000000008c800000, 0x000000008c800000| Untracked 
|  35|0x000000008c900000, 0x000000008c900000, 0x000000008ca00000|  0%| F|  |TAMS 0x000000008c900000, 0x000000008c900000| Untracked 
|  36|0x000000008ca00000, 0x000000008ca00000, 0x000000008cb00000|  0%| F|  |TAMS 0x000000008ca00000, 0x000000008ca00000| Untracked 
|  37|0x000000008cb00000, 0x000000008cb00000, 0x000000008cc00000|  0%| F|  |TAMS 0x000000008cb00000, 0x000000008cb00000| Untracked 
|  38|0x000000008cc00000, 0x000000008cc00000, 0x000000008cd00000|  0%| F|  |TAMS 0x000000008cc00000, 0x000000008cc00000| Untracked 
|  39|0x000000008cd00000, 0x000000008cd00000, 0x000000008ce00000|  0%| F|  |TAMS 0x000000008cd00000, 0x000000008cd00000| Untracked 
|  40|0x000000008ce00000, 0x000000008ce00000, 0x000000008cf00000|  0%| F|  |TAMS 0x000000008ce00000, 0x000000008ce00000| Untracked 
|  41|0x000000008cf00000, 0x000000008cf00000, 0x000000008d000000|  0%| F|  |TAMS 0x000000008cf00000, 0x000000008cf00000| Untracked 
|  42|0x000000008d000000, 0x000000008d000000, 0x000000008d100000|  0%| F|  |TAMS 0x000000008d000000, 0x000000008d000000| Untracked 
|  43|0x000000008d100000, 0x000000008d100000, 0x000000008d200000|  0%| F|  |TAMS 0x000000008d100000, 0x000000008d100000| Untracked 
|  44|0x000000008d200000, 0x000000008d200000, 0x000000008d300000|  0%| F|  |TAMS 0x000000008d200000, 0x000000008d200000| Untracked 
|  45|0x000000008d300000, 0x000000008d300000, 0x000000008d400000|  0%| F|  |TAMS 0x000000008d300000, 0x000000008d300000| Untracked 
|  46|0x000000008d400000, 0x000000008d400000, 0x000000008d500000|  0%| F|  |TAMS 0x000000008d400000, 0x000000008d400000| Untracked 
|  47|0x000000008d500000, 0x000000008d500000, 0x000000008d600000|  0%| F|  |TAMS 0x000000008d500000, 0x000000008d500000| Untracked 
|  48|0x000000008d600000, 0x000000008d600000, 0x000000008d700000|  0%| F|  |TAMS 0x000000008d600000, 0x000000008d600000| Untracked 
|  49|0x000000008d700000, 0x000000008d700000, 0x000000008d800000|  0%| F|  |TAMS 0x000000008d700000, 0x000000008d700000| Untracked 
|  50|0x000000008d800000, 0x000000008d800000, 0x000000008d900000|  0%| F|  |TAMS 0x000000008d800000, 0x000000008d800000| Untracked 
|  51|0x000000008d900000, 0x000000008d900000, 0x000000008da00000|  0%| F|  |TAMS 0x000000008d900000, 0x000000008d900000| Untracked 
|  52|0x000000008da00000, 0x000000008da00000, 0x000000008db00000|  0%| F|  |TAMS 0x000000008da00000, 0x000000008da00000| Untracked 
|  53|0x000000008db00000, 0x000000008db00000, 0x000000008dc00000|  0%| F|  |TAMS 0x000000008db00000, 0x000000008db00000| Untracked 
|  54|0x000000008dc00000, 0x000000008dc00000, 0x000000008dd00000|  0%| F|  |TAMS 0x000000008dc00000, 0x000000008dc00000| Untracked 
|  55|0x000000008dd00000, 0x000000008dd00000, 0x000000008de00000|  0%| F|  |TAMS 0x000000008dd00000, 0x000000008dd00000| Untracked 
|  56|0x000000008de00000, 0x000000008de00000, 0x000000008df00000|  0%| F|  |TAMS 0x000000008de00000, 0x000000008de00000| Untracked 
|  57|0x000000008df00000, 0x000000008df00000, 0x000000008e000000|  0%| F|  |TAMS 0x000000008df00000, 0x000000008df00000| Untracked 
|  58|0x000000008e000000, 0x000000008e000000, 0x000000008e100000|  0%| F|  |TAMS 0x000000008e000000, 0x000000008e000000| Untracked 
|  59|0x000000008e100000, 0x000000008e100000, 0x000000008e200000|  0%| F|  |TAMS 0x000000008e100000, 0x000000008e100000| Untracked 
|  60|0x000000008e200000, 0x000000008e200000, 0x000000008e300000|  0%| F|  |TAMS 0x000000008e200000, 0x000000008e200000| Untracked 
|  61|0x000000008e300000, 0x000000008e300000, 0x000000008e400000|  0%| F|  |TAMS 0x000000008e300000, 0x000000008e300000| Untracked 
|  62|0x000000008e400000, 0x000000008e400000, 0x000000008e500000|  0%| F|  |TAMS 0x000000008e400000, 0x000000008e400000| Untracked 
|  63|0x000000008e500000, 0x000000008e500000, 0x000000008e600000|  0%| F|  |TAMS 0x000000008e500000, 0x000000008e500000| Untracked 
|  64|0x000000008e600000, 0x000000008e600000, 0x000000008e700000|  0%| F|  |TAMS 0x000000008e600000, 0x000000008e600000| Untracked 
|  65|0x000000008e700000, 0x000000008e700000, 0x000000008e800000|  0%| F|  |TAMS 0x000000008e700000, 0x000000008e700000| Untracked 
|  66|0x000000008e800000, 0x000000008e800000, 0x000000008e900000|  0%| F|  |TAMS 0x000000008e800000, 0x000000008e800000| Untracked 
|  67|0x000000008e900000, 0x000000008e900000, 0x000000008ea00000|  0%| F|  |TAMS 0x000000008e900000, 0x000000008e900000| Untracked 
|  68|0x000000008ea00000, 0x000000008ea00000, 0x000000008eb00000|  0%| F|  |TAMS 0x000000008ea00000, 0x000000008ea00000| Untracked 
|  69|0x000000008eb00000, 0x000000008eb00000, 0x000000008ec00000|  0%| F|  |TAMS 0x000000008eb00000, 0x000000008eb00000| Untracked 
|  70|0x000000008ec00000, 0x000000008ec00000, 0x000000008ed00000|  0%| F|  |TAMS 0x000000008ec00000, 0x000000008ec00000| Untracked 
|  71|0x000000008ed00000, 0x000000008ed00000, 0x000000008ee00000|  0%| F|  |TAMS 0x000000008ed00000, 0x000000008ed00000| Untracked 
|  72|0x000000008ee00000, 0x000000008ee00000, 0x000000008ef00000|  0%| F|  |TAMS 0x000000008ee00000, 0x000000008ee00000| Untracked 
|  73|0x000000008ef00000, 0x000000008ef00000, 0x000000008f000000|  0%| F|  |TAMS 0x000000008ef00000, 0x000000008ef00000| Untracked 
|  74|0x000000008f000000, 0x000000008f000000, 0x000000008f100000|  0%| F|  |TAMS 0x000000008f000000, 0x000000008f000000| Untracked 
|  75|0x000000008f100000, 0x000000008f100000, 0x000000008f200000|  0%| F|  |TAMS 0x000000008f100000, 0x000000008f100000| Untracked 
|  76|0x000000008f200000, 0x000000008f2b0e50, 0x000000008f300000| 69%| S|CS|TAMS 0x000000008f200000, 0x000000008f200000| Complete 
|  77|0x000000008f300000, 0x000000008f400000, 0x000000008f400000|100%| S|CS|TAMS 0x000000008f300000, 0x000000008f300000| Complete 
|  78|0x000000008f400000, 0x000000008f500000, 0x000000008f500000|100%| S|CS|TAMS 0x000000008f400000, 0x000000008f400000| Complete 
|  79|0x000000008f500000, 0x000000008f600000, 0x000000008f600000|100%| S|CS|TAMS 0x000000008f500000, 0x000000008f500000| Complete 
|  80|0x000000008f600000, 0x000000008f700000, 0x000000008f700000|100%| S|CS|TAMS 0x000000008f600000, 0x000000008f600000| Complete 
|  81|0x000000008f700000, 0x000000008f800000, 0x000000008f800000|100%| S|CS|TAMS 0x000000008f700000, 0x000000008f700000| Complete 
|  82|0x000000008f800000, 0x000000008f900000, 0x000000008f900000|100%| S|CS|TAMS 0x000000008f800000, 0x000000008f800000| Complete 
|  83|0x000000008f900000, 0x000000008f900000, 0x000000008fa00000|  0%| F|  |TAMS 0x000000008f900000, 0x000000008f900000| Untracked 
|  84|0x000000008fa00000, 0x000000008fa00000, 0x000000008fb00000|  0%| F|  |TAMS 0x000000008fa00000, 0x000000008fa00000| Untracked 
|  85|0x000000008fb00000, 0x000000008fb00000, 0x000000008fc00000|  0%| F|  |TAMS 0x000000008fb00000, 0x000000008fb00000| Untracked 
|  86|0x000000008fc00000, 0x000000008fc00000, 0x000000008fd00000|  0%| F|  |TAMS 0x000000008fc00000, 0x000000008fc00000| Untracked 
|  87|0x000000008fd00000, 0x000000008fd00000, 0x000000008fe00000|  0%| F|  |TAMS 0x000000008fd00000, 0x000000008fd00000| Untracked 
|  88|0x000000008fe00000, 0x000000008fe00000, 0x000000008ff00000|  0%| F|  |TAMS 0x000000008fe00000, 0x000000008fe00000| Untracked 
|  89|0x000000008ff00000, 0x000000008ff00000, 0x0000000090000000|  0%| F|  |TAMS 0x000000008ff00000, 0x000000008ff00000| Untracked 
|  90|0x0000000090000000, 0x0000000090000000, 0x0000000090100000|  0%| F|  |TAMS 0x0000000090000000, 0x0000000090000000| Untracked 
|  91|0x0000000090100000, 0x0000000090100000, 0x0000000090200000|  0%| F|  |TAMS 0x0000000090100000, 0x0000000090100000| Untracked 
|  92|0x0000000090200000, 0x0000000090200000, 0x0000000090300000|  0%| F|  |TAMS 0x0000000090200000, 0x0000000090200000| Untracked 
|  93|0x0000000090300000, 0x0000000090300000, 0x0000000090400000|  0%| F|  |TAMS 0x0000000090300000, 0x0000000090300000| Untracked 
|  94|0x0000000090400000, 0x0000000090400000, 0x0000000090500000|  0%| F|  |TAMS 0x0000000090400000, 0x0000000090400000| Untracked 
|  95|0x0000000090500000, 0x0000000090500000, 0x0000000090600000|  0%| F|  |TAMS 0x0000000090500000, 0x0000000090500000| Untracked 
|  96|0x0000000090600000, 0x0000000090600000, 0x0000000090700000|  0%| F|  |TAMS 0x0000000090600000, 0x0000000090600000| Untracked 
|  97|0x0000000090700000, 0x0000000090700000, 0x0000000090800000|  0%| F|  |TAMS 0x0000000090700000, 0x0000000090700000| Untracked 
|  98|0x0000000090800000, 0x0000000090800000, 0x0000000090900000|  0%| F|  |TAMS 0x0000000090800000, 0x0000000090800000| Untracked 
|  99|0x0000000090900000, 0x0000000090900000, 0x0000000090a00000|  0%| F|  |TAMS 0x0000000090900000, 0x0000000090900000| Untracked 
| 100|0x0000000090a00000, 0x0000000090a5ee18, 0x0000000090b00000| 37%| E|  |TAMS 0x0000000090a00000, 0x0000000090a00000| Complete 
| 101|0x0000000090b00000, 0x0000000090c00000, 0x0000000090c00000|100%| E|CS|TAMS 0x0000000090b00000, 0x0000000090b00000| Complete 
| 102|0x0000000090c00000, 0x0000000090d00000, 0x0000000090d00000|100%| E|CS|TAMS 0x0000000090c00000, 0x0000000090c00000| Complete 
| 103|0x0000000090d00000, 0x0000000090e00000, 0x0000000090e00000|100%| E|CS|TAMS 0x0000000090d00000, 0x0000000090d00000| Complete 
| 104|0x0000000090e00000, 0x0000000090f00000, 0x0000000090f00000|100%| E|CS|TAMS 0x0000000090e00000, 0x0000000090e00000| Complete 
| 105|0x0000000090f00000, 0x0000000091000000, 0x0000000091000000|100%| E|CS|TAMS 0x0000000090f00000, 0x0000000090f00000| Complete 
| 106|0x0000000091000000, 0x0000000091100000, 0x0000000091100000|100%| E|CS|TAMS 0x0000000091000000, 0x0000000091000000| Complete 
| 107|0x0000000091100000, 0x0000000091200000, 0x0000000091200000|100%| E|CS|TAMS 0x0000000091100000, 0x0000000091100000| Complete 
| 108|0x0000000091200000, 0x0000000091300000, 0x0000000091300000|100%| E|CS|TAMS 0x0000000091200000, 0x0000000091200000| Complete 
| 109|0x0000000091300000, 0x0000000091400000, 0x0000000091400000|100%| E|CS|TAMS 0x0000000091300000, 0x0000000091300000| Complete 
| 110|0x0000000091400000, 0x0000000091500000, 0x0000000091500000|100%| E|CS|TAMS 0x0000000091400000, 0x0000000091400000| Complete 
| 111|0x0000000091500000, 0x0000000091600000, 0x0000000091600000|100%| E|CS|TAMS 0x0000000091500000, 0x0000000091500000| Complete 
| 112|0x0000000091600000, 0x0000000091700000, 0x0000000091700000|100%| E|CS|TAMS 0x0000000091600000, 0x0000000091600000| Complete 
| 113|0x0000000091700000, 0x0000000091800000, 0x0000000091800000|100%| E|CS|TAMS 0x0000000091700000, 0x0000000091700000| Complete 
| 114|0x0000000091800000, 0x0000000091900000, 0x0000000091900000|100%| E|CS|TAMS 0x0000000091800000, 0x0000000091800000| Complete 
| 115|0x0000000091900000, 0x0000000091a00000, 0x0000000091a00000|100%| E|CS|TAMS 0x0000000091900000, 0x0000000091900000| Complete 
| 116|0x0000000091a00000, 0x0000000091b00000, 0x0000000091b00000|100%| E|CS|TAMS 0x0000000091a00000, 0x0000000091a00000| Complete 
| 117|0x0000000091b00000, 0x0000000091c00000, 0x0000000091c00000|100%| E|CS|TAMS 0x0000000091b00000, 0x0000000091b00000| Complete 

Card table byte_map: [0x0000021a56190000,0x0000021a56540000] _byte_map_base: 0x0000021a55d3d000

Marking Bits (Prev, Next): (CMBitMap*) 0x0000021a3f214a28, (CMBitMap*) 0x0000021a3f214a60
 Prev Bits: [0x0000021a568f0000, 0x0000021a58658000)
 Next Bits: [0x0000021a58660000, 0x0000021a5a3c8000)

Polling page: 0x0000021a3d1a0000

Metaspace:

Usage:
  Non-class:     33.07 MB capacity,    32.40 MB ( 98%) used,   538.49 KB (  2%) free+waste,   154.56 KB ( <1%) overhead. 
      Class:      4.97 MB capacity,     4.37 MB ( 88%) used,   533.95 KB ( 10%) free+waste,    80.31 KB (  2%) overhead. 
       Both:     38.05 MB capacity,    36.77 MB ( 97%) used,     1.05 MB (  3%) free+waste,   234.88 KB ( <1%) overhead. 

Virtual space:
  Non-class space:       34.00 MB reserved,      33.20 MB ( 98%) committed 
      Class space:        1.00 GB reserved,       5.00 MB ( <1%) committed 
             Both:        1.03 GB reserved,      38.20 MB (  4%) committed 

Chunk freelists:
   Non-Class:  0 bytes
       Class:  3.62 KB
        Both:  3.62 KB

CodeHeap 'non-profiled nmethods': size=120000Kb used=1468Kb max_used=1468Kb free=118531Kb
 bounds [0x0000021a4e360000, 0x0000021a4e5d0000, 0x0000021a55890000]
CodeHeap 'profiled nmethods': size=120000Kb used=6038Kb max_used=6038Kb free=113961Kb
 bounds [0x0000021a46e30000, 0x0000021a47420000, 0x0000021a4e360000]
CodeHeap 'non-nmethods': size=5760Kb used=1230Kb max_used=1246Kb free=4529Kb
 bounds [0x0000021a46890000, 0x0000021a46b00000, 0x0000021a46e30000]
 total_blobs=3567 nmethods=2960 adapters=518
 compilation: enabled
              stopped_count=0, restarted_count=0
 full_count=0

Compilation events (10 events):
Event: 4.372 Thread 0x0000021a5d9c4000 2955       3       com.intellij.rt.execution.junit.MapSerializerUtil$1::escape (124 bytes)
Event: 4.372 Thread 0x0000021a5d9c4000 nmethod 2955 0x0000021a47410210 code [0x0000021a474103c0, 0x0000021a47410718]
Event: 4.375 Thread 0x0000021a5d9c4000 2958       3       java.util.regex.Pattern::range (292 bytes)
Event: 4.377 Thread 0x0000021a5d9c4000 nmethod 2958 0x0000021a47410790 code [0x0000021a47410c60, 0x0000021a474131b8]
Event: 4.382 Thread 0x0000021a5d9c4000 2960       3       java.lang.StringUTF16::putChar (54 bytes)
Event: 4.383 Thread 0x0000021a5d9c4000 nmethod 2960 0x0000021a47413e90 code [0x0000021a47414020, 0x0000021a47414158]
Event: 4.383 Thread 0x0000021a5d9c4000 2961       3       java.lang.StringCoding::hasNegatives (25 bytes)
Event: 4.383 Thread 0x0000021a5d9c4000 nmethod 2961 0x0000021a47414290 code [0x0000021a47414440, 0x0000021a47414658]
Event: 4.391 Thread 0x0000021a5d9c4000 2962       3       java.util.concurrent.ConcurrentHashMap::<init> (5 bytes)
Event: 4.391 Thread 0x0000021a5d9c4000 nmethod 2962 0x0000021a47414790 code [0x0000021a47414940, 0x0000021a47414af8]

GC Heap History (8 events):
Event: 0.701 GC heap before
{Heap before GC invocations=0 (full 0):
 garbage-first heap   total 120832K, used 26624K [0x000000008a600000, 0x0000000100000000)
  region size 1024K, 24 young (24576K), 0 survivors (0K)
 Metaspace       used 12225K, capacity 12482K, committed 12672K, reserved 1060864K
  class space    used 1211K, capacity 1314K, committed 1408K, reserved 1048576K
}
Event: 0.709 GC heap after
{Heap after GC invocations=1 (full 0):
 garbage-first heap   total 120832K, used 8641K [0x000000008a600000, 0x0000000100000000)
  region size 1024K, 3 young (3072K), 3 survivors (3072K)
 Metaspace       used 12225K, capacity 12482K, committed 12672K, reserved 1060864K
  class space    used 1211K, capacity 1314K, committed 1408K, reserved 1048576K
}
Event: 1.240 GC heap before
{Heap before GC invocations=1 (full 0):
 garbage-first heap   total 120832K, used 51649K [0x000000008a600000, 0x0000000100000000)
  region size 1024K, 46 young (47104K), 3 survivors (3072K)
 Metaspace       used 20685K, capacity 21150K, committed 21248K, reserved 1069056K
  class space    used 2257K, capacity 2464K, committed 2560K, reserved 1048576K
}
Event: 1.260 GC heap after
{Heap after GC invocations=2 (full 0):
 garbage-first heap   total 120832K, used 11511K [0x000000008a600000, 0x0000000100000000)
  region size 1024K, 6 young (6144K), 6 survivors (6144K)
 Metaspace       used 20685K, capacity 21150K, committed 21248K, reserved 1069056K
  class space    used 2257K, capacity 2464K, committed 2560K, reserved 1048576K
}
Event: 1.678 GC heap before
{Heap before GC invocations=3 (full 0):
 garbage-first heap   total 120832K, used 55543K [0x000000008a600000, 0x0000000100000000)
  region size 1024K, 49 young (50176K), 6 survivors (6144K)
 Metaspace       used 27311K, capacity 28157K, committed 28416K, reserved 1075200K
  class space    used 3144K, capacity 3535K, committed 3584K, reserved 1048576K
}
Event: 1.690 GC heap after
{Heap after GC invocations=4 (full 0):
 garbage-first heap   total 120832K, used 14337K [0x000000008a600000, 0x0000000100000000)
  region size 1024K, 6 young (6144K), 6 survivors (6144K)
 Metaspace       used 27311K, capacity 28157K, committed 28416K, reserved 1075200K
  class space    used 3144K, capacity 3535K, committed 3584K, reserved 1048576K
}
Event: 2.200 GC heap before
{Heap before GC invocations=4 (full 0):
 garbage-first heap   total 120832K, used 49153K [0x000000008a600000, 0x0000000100000000)
  region size 1024K, 41 young (41984K), 6 survivors (6144K)
 Metaspace       used 34695K, capacity 35801K, committed 35840K, reserved 1081344K
  class space    used 4113K, capacity 4608K, committed 4608K, reserved 1048576K
}
Event: 2.209 GC heap after
{Heap after GC invocations=5 (full 0):
 garbage-first heap   total 120832K, used 18158K [0x000000008a600000, 0x0000000100000000)
  region size 1024K, 7 young (7168K), 7 survivors (7168K)
 Metaspace       used 34695K, capacity 35801K, committed 35840K, reserved 1081344K
  class space    used 4113K, capacity 4608K, committed 4608K, reserved 1048576K
}

Deoptimization events (10 events):
Event: 1.927 Thread 0x0000021a3f1d7000 Uncommon trap: reason=unstable_if action=reinterpret pc=0x0000021a4e46fda0 method=java.net.URLStreamHandler.parseURL(Ljava/net/URL;Ljava/lang/String;II)V @ 698 c2
Event: 2.132 Thread 0x0000021a3f1d7000 Uncommon trap: reason=unstable_if action=reinterpret pc=0x0000021a4e436fe8 method=jdk.internal.org.objectweb.asm.Type.getArgumentsAndReturnSizes(Ljava/lang/String;)I @ 41 c2
Event: 2.132 Thread 0x0000021a3f1d7000 Uncommon trap: reason=unstable_if action=reinterpret pc=0x0000021a4e44b4d0 method=jdk.internal.org.objectweb.asm.Type.getArgumentsAndReturnSizes(Ljava/lang/String;)I @ 41 c2
Event: 2.159 Thread 0x0000021a3f1d7000 Uncommon trap: reason=unstable_if action=reinterpret pc=0x0000021a4e47fd24 method=java.io.ByteArrayInputStream.read([BII)I @ 35 c2
Event: 2.159 Thread 0x0000021a3f1d7000 Uncommon trap: reason=unstable_if action=reinterpret pc=0x0000021a4e3fec80 method=java.lang.CharacterDataLatin1.isWhitespace(I)Z @ 14 c2
Event: 2.794 Thread 0x0000021a3f1d7000 Uncommon trap: reason=class_check action=maybe_recompile pc=0x0000021a4e4b782c method=org.openqa.selenium.json.Input.fill()Z @ 85 c2
Event: 2.823 Thread 0x0000021a3f1d7000 Uncommon trap: reason=class_check action=maybe_recompile pc=0x0000021a4e4b782c method=org.openqa.selenium.json.Input.fill()Z @ 85 c2
Event: 2.901 Thread 0x0000021a3f1d7000 Uncommon trap: reason=class_check action=maybe_recompile pc=0x0000021a4e4b782c method=org.openqa.selenium.json.Input.fill()Z @ 85 c2
Event: 2.914 Thread 0x0000021a3f1d7000 Uncommon trap: reason=class_check action=maybe_recompile pc=0x0000021a4e4b782c method=org.openqa.selenium.json.Input.fill()Z @ 85 c2
Event: 4.382 Thread 0x0000021a3f1d7000 Uncommon trap: reason=unstable_if action=reinterpret pc=0x0000021a4e37b2e0 method=java.lang.StringCoding.hasNegatives([BII)Z @ 12 c2

Classes redefined (0 events):
No events

Internal exceptions (10 events):
Event: 2.149 Thread 0x0000021a3f1d7000 Exception <a 'java/lang/NoSuchMethodError'{0x000000008fc88a48}: java.lang.invoke.DirectMethodHandle$Holder.invokeStatic(Ljava/lang/Object;Ljava/lang/Object;I)V> (0x000000008fc88a48) thrown at [./open/src/hotspot/share/interpreter/linkResolver.cpp, line 77
Event: 2.190 Thread 0x0000021a60e36800 Exception <a 'java/lang/NoSuchMethodError'{0x000000008f979628}: java.lang.invoke.DirectMethodHandle$Holder.invokeSpecial(Ljava/lang/Object;Ljava/lang/Object;IILjava/lang/Object;Ljava/lang/Object;I)Ljava/lang/Object;> (0x000000008f979628) thrown at [./open
Event: 2.190 Thread 0x0000021a60e36800 Exception <a 'java/lang/NoSuchMethodError'{0x000000008f97caa8}: java.lang.invoke.DelegatingMethodHandle$Holder.reinvoke_L(Ljava/lang/Object;IILjava/lang/Object;Ljava/lang/Object;I)Ljava/lang/Object;> (0x000000008f97caa8) thrown at [./open/src/hotspot/shar
Event: 2.191 Thread 0x0000021a60e36800 Exception <a 'java/lang/NoSuchMethodError'{0x000000008f98d800}: java.lang.invoke.DirectMethodHandle$Holder.invokeSpecial(Ljava/lang/Object;Ljava/lang/Object;Ljava/lang/Object;Ljava/lang/Object;I)Ljava/lang/Object;> (0x000000008f98d800) thrown at [./open/s
Event: 2.191 Thread 0x0000021a60e36800 Exception <a 'java/lang/NoSuchMethodError'{0x000000008f990860}: java.lang.invoke.Invokers$Holder.linkToTargetMethod(Ljava/lang/Object;Ljava/lang/Object;ILjava/lang/Object;)Ljava/lang/Object;> (0x000000008f990860) thrown at [./open/src/hotspot/share/interp
Event: 2.200 Thread 0x0000021a60e36800 Exception <a 'java/lang/NoSuchMethodError'{0x000000008f9c5648}: java.lang.invoke.DirectMethodHandle$Holder.invokeSpecial(Ljava/lang/Object;Ljava/lang/Object;)V> (0x000000008f9c5648) thrown at [./open/src/hotspot/share/interpreter/linkResolver.cpp, line 77
Event: 2.223 Thread 0x0000021a60e36800 Exception <a 'java/lang/NoSuchMethodError'{0x0000000091b3d3d8}: java.lang.invoke.DirectMethodHandle$Holder.invokeStatic(Ljava/lang/Object;JJ)J> (0x0000000091b3d3d8) thrown at [./open/src/hotspot/share/interpreter/linkResolver.cpp, line 772]
Event: 2.790 Thread 0x0000021a60e36800 Exception <a 'java/lang/NoSuchMethodError'{0x0000000091a8ee68}: java.lang.invoke.DirectMethodHandle$Holder.invokeSpecial(Ljava/lang/Object;Ljava/lang/Object;Ljava/lang/Object;Ljava/lang/Object;Ljava/lang/Object;Ljava/lang/Object;Ljava/lang/Object;)V> (0x0
Event: 2.795 Thread 0x0000021a3f1d7000 Exception <a 'java/lang/NoSuchMethodError'{0x0000000091af60b8}: java.lang.invoke.DirectMethodHandle$Holder.invokeSpecialIFC(Ljava/lang/Object;Ljava/lang/Object;Ljava/lang/Object;)Ljava/lang/Object;> (0x0000000091af60b8) thrown at [./open/src/hotspot/share
Event: 2.853 Thread 0x0000021a3f1d7000 Exception <a 'java/lang/ClassNotFoundException'{0x0000000091568378}: sun/util/logging/resources/spi/loggingProvider> (0x0000000091568378) thrown at [./open/src/hotspot/share/classfile/systemDictionary.cpp, line 226]

Events (10 events):
Event: 4.391 loading class java/util/Collections$SynchronizedList done
Event: 4.391 loading class java/util/Collections$SynchronizedRandomAccessList done
Event: 4.391 loading class com/aventstack/extentreports/model/context/NamedAttributeContextManager
Event: 4.391 loading class com/aventstack/extentreports/model/context/NamedAttributeContextManager done
Event: 4.392 loading class io/reactivex/rxjava3/subjects/PublishSubject
Event: 4.392 loading class io/reactivex/rxjava3/subjects/PublishSubject done
Event: 4.392 loading class io/reactivex/rxjava3/subjects/Subject
Event: 4.392 loading class io/reactivex/rxjava3/subjects/Subject done
Event: 4.392 loading class io/reactivex/rxjava3/core/Observable
Event: 4.392 loading class io/reactivex/rxjava3/core/Observable done


Dynamic libraries:
0x00007ff737fb0000 - 0x00007ff737fc0000 	C:\Program Files\Java\jdk-11\bin\java.exe
0x00007ffa5ad10000 - 0x00007ffa5af27000 	C:\windows\SYSTEM32\ntdll.dll
0x00007ffa58bb0000 - 0x00007ffa58c74000 	C:\windows\System32\KERNEL32.DLL
0x00007ffa58150000 - 0x00007ffa584fc000 	C:\windows\System32\KERNELBASE.dll
0x00007ffa58840000 - 0x00007ffa58951000 	C:\windows\System32\ucrtbase.dll
0x00007ffa52b60000 - 0x00007ffa52b7b000 	C:\Program Files\Java\jdk-11\bin\VCRUNTIME140.dll
0x00007ffa52bc0000 - 0x00007ffa52bd8000 	C:\Program Files\Java\jdk-11\bin\jli.dll
0x00007ffa59b10000 - 0x00007ffa59bc2000 	C:\windows\System32\ADVAPI32.dll
0x00007ffa59d80000 - 0x00007ffa59e27000 	C:\windows\System32\msvcrt.dll
0x00007ffa5a110000 - 0x00007ffa5a1ba000 	C:\windows\System32\sechost.dll
0x00007ffa58580000 - 0x00007ffa585a8000 	C:\windows\System32\bcrypt.dll
0x00007ffa5a400000 - 0x00007ffa5a515000 	C:\windows\System32\RPCRT4.dll
0x00007ffa59f60000 - 0x00007ffa5a10e000 	C:\windows\System32\USER32.dll
0x00007ffa58960000 - 0x00007ffa58986000 	C:\windows\System32\win32u.dll
0x00007ffa3c2d0000 - 0x00007ffa3c563000 	C:\windows\WinSxS\amd64_microsoft.windows.common-controls_6595b64144ccf1df_6.0.22621.3672_none_2713b9d173822955\COMCTL32.dll
0x00007ffa58d40000 - 0x00007ffa58d69000 	C:\windows\System32\GDI32.dll
0x00007ffa585b0000 - 0x00007ffa586c9000 	C:\windows\System32\gdi32full.dll
0x00007ffa580b0000 - 0x00007ffa5814a000 	C:\windows\System32\msvcp_win.dll
0x00007ffa4cda0000 - 0x00007ffa4cdaa000 	C:\windows\SYSTEM32\VERSION.dll
0x00007ffa58ca0000 - 0x00007ffa58cd1000 	C:\windows\System32\IMM32.DLL
0x00007ffa55040000 - 0x00007ffa5504c000 	C:\Program Files\Java\jdk-11\bin\vcruntime140_1.dll
0x00007ffa41670000 - 0x00007ffa416fe000 	C:\Program Files\Java\jdk-11\bin\msvcp140.dll
0x00007ffa12570000 - 0x00007ffa130d8000 	C:\Program Files\Java\jdk-11\bin\server\jvm.dll
0x00007ffa5a220000 - 0x00007ffa5a228000 	C:\windows\System32\PSAPI.DLL
0x00007ffa51e30000 - 0x00007ffa51e39000 	C:\windows\SYSTEM32\WSOCK32.dll
0x00007ffa529c0000 - 0x00007ffa529f4000 	C:\windows\SYSTEM32\WINMM.dll
0x00007ffa5aaf0000 - 0x00007ffa5ab61000 	C:\windows\System32\WS2_32.dll
0x00007ffa57130000 - 0x00007ffa57148000 	C:\windows\SYSTEM32\kernel.appcore.dll
0x00007ffa53b30000 - 0x00007ffa53b40000 	C:\Program Files\Java\jdk-11\bin\verify.dll
0x00007ffa4ec20000 - 0x00007ffa4ee52000 	C:\windows\SYSTEM32\DBGHELP.DLL
0x00007ffa58d70000 - 0x00007ffa590f8000 	C:\windows\System32\combase.dll
0x00007ffa58ad0000 - 0x00007ffa58ba7000 	C:\windows\System32\OLEAUT32.dll
0x00007ffa39cb0000 - 0x00007ffa39ce2000 	C:\windows\SYSTEM32\dbgcore.DLL
0x00007ffa58500000 - 0x00007ffa5857b000 	C:\windows\System32\bcryptPrimitives.dll
0x00007ffa52b30000 - 0x00007ffa52b58000 	C:\Program Files\Java\jdk-11\bin\java.dll
0x00007ffa52b20000 - 0x00007ffa52b2a000 	C:\Program Files\Java\jdk-11\bin\jimage.dll
0x00007ffa52af0000 - 0x00007ffa52afe000 	C:\Program Files\Java\jdk-11\bin\instrument.dll
0x00007ffa52220000 - 0x00007ffa52237000 	C:\Program Files\Java\jdk-11\bin\zip.dll
0x00007ffa59100000 - 0x00007ffa5995c000 	C:\windows\System32\SHELL32.dll
0x00007ffa55f50000 - 0x00007ffa56847000 	C:\windows\SYSTEM32\windows.storage.dll
0x00007ffa55e10000 - 0x00007ffa55f4f000 	C:\windows\SYSTEM32\wintypes.dll
0x00007ffa5a520000 - 0x00007ffa5a614000 	C:\windows\System32\SHCORE.dll
0x00007ffa59e30000 - 0x00007ffa59e8e000 	C:\windows\System32\shlwapi.dll
0x00007ffa57f70000 - 0x00007ffa57f91000 	C:\windows\SYSTEM32\profapi.dll
0x00007ffa465c0000 - 0x00007ffa465d9000 	C:\Program Files\Java\jdk-11\bin\net.dll
0x00007ffa53ef0000 - 0x00007ffa54026000 	C:\windows\SYSTEM32\WINHTTP.dll
0x00007ffa575d0000 - 0x00007ffa57639000 	C:\windows\system32\mswsock.dll
0x00007ffa465a0000 - 0x00007ffa465b2000 	C:\Program Files\Java\jdk-11\bin\nio.dll
0x00007ffa35750000 - 0x00007ffa3576a000 	C:\Program Files\JetBrains\IntelliJ IDEA Community Edition 2024.1.1\bin\breakgen64.dll
0x00007ffa57830000 - 0x00007ffa5784b000 	C:\windows\SYSTEM32\CRYPTSP.dll
0x00007ffa57090000 - 0x00007ffa570c5000 	C:\windows\system32\rsaenh.dll
0x00007ffa576d0000 - 0x00007ffa576f8000 	C:\windows\SYSTEM32\USERENV.dll
0x00007ffa57850000 - 0x00007ffa5785c000 	C:\windows\SYSTEM32\CRYPTBASE.dll
0x00007ffa56b20000 - 0x00007ffa56b4d000 	C:\windows\SYSTEM32\IPHLPAPI.DLL
0x00007ffa59ec0000 - 0x00007ffa59ec9000 	C:\windows\System32\NSI.dll
0x00007ffa53cc0000 - 0x00007ffa53cd9000 	C:\windows\SYSTEM32\dhcpcsvc6.DLL
0x00007ffa539f0000 - 0x00007ffa53a0f000 	C:\windows\SYSTEM32\dhcpcsvc.DLL
0x00007ffa56b50000 - 0x00007ffa56c48000 	C:\windows\SYSTEM32\DNSAPI.dll
0x00007ffa52a90000 - 0x00007ffa52a99000 	C:\Program Files\Java\jdk-11\bin\management.dll
0x00007ffa52210000 - 0x00007ffa5221b000 	C:\Program Files\Java\jdk-11\bin\management_ext.dll
0x00007ffa50060000 - 0x00007ffa50077000 	C:\windows\system32\napinsp.dll
0x00007ffa500e0000 - 0x00007ffa500fb000 	C:\windows\system32\pnrpnsp.dll
0x00007ffa55010000 - 0x00007ffa55021000 	C:\windows\System32\winrnr.dll
0x00007ffa52110000 - 0x00007ffa52125000 	C:\windows\system32\wshbth.dll
0x00007ff9eefc0000 - 0x00007ff9eefe7000 	C:\windows\system32\nlansp_c.dll
0x00007ffa52c10000 - 0x00007ffa52c1a000 	C:\Windows\System32\rasadhlp.dll
0x00007ffa52450000 - 0x00007ffa524d3000 	C:\windows\System32\fwpuclnt.dll
0x00007ffa35720000 - 0x00007ffa35747000 	C:\Program Files\Java\jdk-11\bin\sunec.dll

dbghelp: loaded successfully - version: 4.0.5 - missing functions: none
symbol engine: initialized successfully - sym options: 0x614 - pdb path: .;C:\Program Files\Java\jdk-11\bin;C:\windows\SYSTEM32;C:\windows\WinSxS\amd64_microsoft.windows.common-controls_6595b64144ccf1df_6.0.22621.3672_none_2713b9d173822955;C:\Program Files\Java\jdk-11\bin\server;C:\Program Files\JetBrains\IntelliJ IDEA Community Edition 2024.1.1\bin

VM Arguments:
jvm_args: -ea -Didea.test.cyclic.buffer.size=1048576 -javaagent:C:\Program Files\JetBrains\IntelliJ IDEA Community Edition 2024.1.1\lib\idea_rt.jar=55295:C:\Program Files\JetBrains\IntelliJ IDEA Community Edition 2024.1.1\bin -Dfile.encoding=UTF-8 
java_command: com.intellij.rt.testng.RemoteTestNGStarter -usedefaultlisteners false -socket55294 @w@C:\Users\hp\AppData\Local\Temp\idea_working_dirs_testng.tmp -temp C:\Users\hp\AppData\Local\Temp\idea_testng.tmp
java_class_path (initial): C:\Program Files\JetBrains\IntelliJ IDEA Community Edition 2024.1.1\lib\idea_rt.jar;C:\Program Files\JetBrains\IntelliJ IDEA Community Edition 2024.1.1\plugins\testng\lib\testng-rt.jar;D:\Intellij Files\Selenium_Challenge\target\test-classes;D:\Intellij Files\Selenium_Challenge\target\classes;C:\Users\hp\.m2\repository\org\seleniumhq\selenium\selenium-java\4.18.1\selenium-java-4.18.1.jar;C:\Users\hp\.m2\repository\org\seleniumhq\selenium\selenium-api\4.18.1\selenium-api-4.18.1.jar;C:\Users\hp\.m2\repository\org\seleniumhq\selenium\selenium-chrome-driver\4.18.1\selenium-chrome-driver-4.18.1.jar;C:\Users\hp\.m2\repository\com\google\auto\service\auto-service-annotations\1.1.1\auto-service-annotations-1.1.1.jar;C:\Users\hp\.m2\repository\org\seleniumhq\selenium\selenium-chromium-driver\4.18.1\selenium-chromium-driver-4.18.1.jar;C:\Users\hp\.m2\repository\org\seleniumhq\selenium\selenium-json\4.18.1\selenium-json-4.18.1.jar;C:\Users\hp\.m2\repository\org\seleniumhq\selenium\selenium-manager\4.18.1\selenium-manager-4.18.1.jar;C:\Users\hp\.m2\repository\org\seleniumhq\selenium\selenium-devtools-v120\4.18.1\selenium-devtools-v120-4.18.1.jar;C:\Users\hp\.m2\repository\org\seleniumhq\selenium\selenium-devtools-v121\4.18.1\selenium-devtools-v121-4.18.1.jar;C:\Users\hp\.m2\repository\org\seleniumhq\selenium\selenium-devtools-v122\4.18.1\selenium-devtools-v122-4.18.1.jar;C:\Users\hp\.m2\repository\org\seleniumhq\selenium\selenium-devtools-v85\4.18.1\selenium-devtools-v85-4.18.1.jar;C:\Users\hp\.m2\repository\org\seleniumhq\selenium\selenium-edge-driver\4.18.1\selenium-edge-driver-4.18.1.jar;C:\Users\hp\.m2\repository\org\seleniumhq\selenium\selenium-firefox-driver\4.18.1\selenium-firefox-driver-4.18.1.jar;C:\Users\hp\.m2\repository\org\seleniumhq\selenium\selenium-http\4.18.1\selenium-http-4.18.1.jar;C:\Users\hp\.m2\repository\dev\failsafe\failsafe\3.3.2\failsafe-3.3.2.jar;C:\Users\hp\.m2\repository\org\seleniumhq\selenium\selenium-ie-driver\4.18.1\
Launcher Type: SUN_STANDARD

[Global flags]
     intx CICompilerCount                          = 4                                         {product} {ergonomic}
     uint ConcGCThreads                            = 3                                         {product} {ergonomic}
     uint G1ConcRefinementThreads                  = 10                                        {product} {ergonomic}
   size_t G1HeapRegionSize                         = 1048576                                   {product} {ergonomic}
    uintx GCDrainStackTargetSize                   = 64                                        {product} {ergonomic}
   size_t InitialHeapSize                          = 123731968                                 {product} {ergonomic}
   size_t MarkStackSize                            = 4194304                                   {product} {ergonomic}
   size_t MaxHeapSize                              = 1973420032                                {product} {ergonomic}
   size_t MaxNewSize                               = 1183842304                                {product} {ergonomic}
   size_t MinHeapDeltaBytes                        = 1048576                                   {product} {ergonomic}
    uintx NonNMethodCodeHeapSize                   = 5836300                                {pd product} {ergonomic}
    uintx NonProfiledCodeHeapSize                  = 122910970                              {pd product} {ergonomic}
    uintx ProfiledCodeHeapSize                     = 122910970                              {pd product} {ergonomic}
    uintx ReservedCodeCacheSize                    = 251658240                              {pd product} {ergonomic}
     bool SegmentedCodeCache                       = true                                      {product} {ergonomic}
     bool UseCompressedClassPointers               = true                                 {lp64_product} {ergonomic}
     bool UseCompressedOops                        = true                                 {lp64_product} {ergonomic}
     bool UseG1GC                                  = true                                      {product} {ergonomic}
     bool UseLargePagesIndividualAllocation        = false                                  {pd product} {ergonomic}

Logging:
Log output configuration:
 #0: stdout all=warning uptime,level,tags
 #1: stderr all=off uptime,level,tags

Environment Variables:
JAVA_HOME=C:\Program Files\Java\jdk-11
PATH=C:\Python312\Scripts\;C:\Python312\;C:\Program Files\Common Files\Oracle\Java\javapath;C:\Program Files (x86)\Common Files\Oracle\Java\javapath;C:\windows\system32;C:\windows;C:\windows\System32\Wbem;C:\windows\System32\WindowsPowerShell\v1.0\;C:\windows\System32\OpenSSH\;C:\Program Files\apache-maven-3.6.1\bin;E:\F\apache-jmeter-5.5\apache-jmeter-5.5\bin;C:\Program Files\Java\jdk-11\bin;C:\Program Files\Java\jdk1.8.0_111\bin;C:\Users\hp\AppData\Local\Android\Sdk;C:\Users\hp\AppData\Local\Android\Sdk\tools\bin;C:\Users\hp\AppData\Local\Android\Sdk\tools;C:\Users\hp\AppData\Local\Android\Sdk\platform-tools;C:\Users\hp\AppData\Local\Android\Sdk\build-tools\30.0.3;C:\ProgramData\chocolatey\bin;C:\Program Files\nodejs;C:\Program Files\nodejs\node_modules\npm\bin;C:\Users\hp\AppData\Roaming\npm;D:\VS Code Files\First Project\node_modules\.bin;C:\Program Files\Git\cmd;C:\Program Files\dotnet\;C:\Users\hp\AppData\Local\Microsoft\WindowsApps;;C:\Program Files\JetBrains\IntelliJ IDEA Community Edition 2021.3.1\bin;;C:\Users\hp\AppData\Local\Programs\Microsoft VS Code\bin
USERNAME=hp
OS=Windows_NT
PROCESSOR_IDENTIFIER=AMD64 Family 25 Model 80 Stepping 0, AuthenticAMD



---------------  S Y S T E M  ---------------

OS: Windows 11 , 64 bit Build 22621 (10.0.22621.3672)
Hyper-V role detected

CPU:total 12 (initial active 12) (12 cores per cpu, 2 threads per core) family 25 model 80 stepping 0 microcode 0x0, cmov, cx8, fxsr, mmx, sse, sse2, sse3, ssse3, sse4.1, sse4.2, popcnt, avx, avx2, aes, clmul, erms, mmxext, 3dnowpref, lzcnt, sse4a, ht, tsc, tscinvbit, tscinv, bmi1, bmi2,

Memory: 4k page, system-wide physical 7520M (588M free)
TotalPageFile size 31072M (AvailPageFile size 3M)
current process WorkingSet (physical memory assigned to process): 177M, peak: 177M
current process commit charge ("private bytes"): 272M, peak: 272M

vm_info: Java HotSpot(TM) 64-Bit Server VM (11.0.18+9-LTS-195) for windows-amd64 JRE (11.0.18+9-LTS-195), built on Dec  6 2022 15:50:58 by "mach5one" with MS VC++ 17.1 (VS2022)

END.
