#
# There is insufficient memory for the Java Runtime Environment to continue.
# Native memory allocation (mmap) failed to map 27262976 bytes for Failed to commit area from 0x0000000091c00000 to 0x0000000093600000 of length 27262976.
# Possible reasons:
#   The system is out of physical RAM or swap space
#   The process is running with CompressedOops enabled, and the Java Heap may be blocking the growth of the native heap
# Possible solutions:
#   Reduce memory load on the system
#   Increase physical memory or swap space
#   Check if swap backing store is full
#   Decrease Java heap size (-Xmx/-Xms)
#   Decrease number of Java threads
#   Decrease Java thread stack sizes (-Xss)
#   Set larger code cache with -XX:ReservedCodeCacheSize=
#   JVM is running with Unscaled Compressed Oops mode in which the Java heap is
#     placed in the first 4GB address space. The Java Heap base address is the
#     maximum limit for the native heap growth. Please use -XX:HeapBaseMinAddress
#     to set the Java Heap base and to place the Java Heap above 4GB virtual address.
# This output file may be truncated or incomplete.
#
#  Out of Memory Error (./open/src/hotspot/os/windows/os_windows.cpp:3292), pid=4308, tid=17544
#
# JRE version: Java(TM) SE Runtime Environment 18.9 (11.0.18+9) (build 11.0.18+9-LTS-195)
# Java VM: Java HotSpot(TM) 64-Bit Server VM 18.9 (11.0.18+9-LTS-195, mixed mode, tiered, compressed oops, g1 gc, windows-amd64)
# No core dump will be written. Minidumps are not enabled by default on client versions of Windows
#

---------------  S U M M A R Y ------------

Command Line: -ea -Didea.test.cyclic.buffer.size=1048576 -javaagent:C:\Program Files\JetBrains\IntelliJ IDEA Community Edition 2024.1.1\lib\idea_rt.jar=55332:C:\Program Files\JetBrains\IntelliJ IDEA Community Edition 2024.1.1\bin -Dfile.encoding=UTF-8 com.intellij.rt.testng.RemoteTestNGStarter -usedefaultlisteners false -socket55331 @w@C:\Users\hp\AppData\Local\Temp\idea_working_dirs_testng.tmp -temp C:\Users\hp\AppData\Local\Temp\idea_testng.tmp

Host: AMD Ryzen 5 5625U with Radeon Graphics         , 12 cores, 7G,  Windows 11 , 64 bit Build 22621 (10.0.22621.3672)
Time: Sun Jun 23 20:47:18 2024 Bangladesh Standard Time elapsed time: 6.875525 seconds (0d 0h 0m 6s)

---------------  T H R E A D  ---------------

Current thread (0x0000023cfc83f800):  VMThread "VM Thread" [stack: 0x000000d934b00000,0x000000d934c00000] [id=17544]

Stack: [0x000000d934b00000,0x000000d934c00000]
[error occurred during error reporting (printing stack bounds), id 0xc0000005, EXCEPTION_ACCESS_VIOLATION (0xc0000005) at pc=0x0000023c80000f2d]

Native frames: (J=compiled Java code, j=interpreted, Vv=VM code, C=native code)
V  [jvm.dll+0x65d8aa]
V  [jvm.dll+0x79fc1f]
V  [jvm.dll+0x7a12e9]
V  [jvm.dll+0x7a18e5]
V  [jvm.dll+0x7a189b]
V  [jvm.dll+0x65cdb3]
V  [jvm.dll+0x65d4a8]
C  [ntdll.dll+0xa504f]
C  [ntdll.dll+0x1e866]
C  [ntdll.dll+0xa403e]
C  0x0000023c80000f2d

VM_Operation (0x000000d9345fd1a0): G1CollectForAllocation, mode: safepoint, requested by thread 0x0000023ceba16000


---------------  P R O C E S S  ---------------

Threads class SMR info:
_java_thread_list=0x0000023cfecf5b50, length=30, elements={
0x0000023ceba16000, 0x0000023cfc840000, 0x0000023cfc862800, 0x0000023cfc878000,
0x0000023cfc879000, 0x0000023cfc87a800, 0x0000023cfd1c2800, 0x0000023cfd1c4000,
0x0000023cfd1c5000, 0x0000023cfd2eb000, 0x0000023cfd5d7000, 0x0000023cfeb79000,
0x0000023cfe908000, 0x0000023cfeb0a000, 0x0000023cfea0b000, 0x0000023cfec14800,
0x0000023cfe82c800, 0x0000023c8f14a000, 0x0000023c8f664800, 0x0000023c8f147800,
0x0000023c8f148800, 0x0000023c8f146000, 0x0000023c8f147000, 0x0000023cfecff000,
0x0000023cfecfd000, 0x0000023cfecff800, 0x0000023cfed00800, 0x0000023cfecfc800,
0x0000023cfed03000, 0x0000023cfed24800
}

Java Threads: ( => current thread )
  0x0000023ceba16000 JavaThread "main" [_thread_blocked, id=2604, stack(0x000000d934500000,0x000000d934600000)]
  0x0000023cfc840000 JavaThread "Reference Handler" daemon [_thread_blocked, id=14184, stack(0x000000d934c00000,0x000000d934d00000)]
  0x0000023cfc862800 JavaThread "Finalizer" daemon [_thread_blocked, id=14168, stack(0x000000d934d00000,0x000000d934e00000)]
  0x0000023cfc878000 JavaThread "Signal Dispatcher" daemon [_thread_blocked, id=12868, stack(0x000000d934e00000,0x000000d934f00000)]
  0x0000023cfc879000 JavaThread "Attach Listener" daemon [_thread_blocked, id=9672, stack(0x000000d934f00000,0x000000d935000000)]
  0x0000023cfc87a800 JavaThread "Service Thread" daemon [_thread_blocked, id=11344, stack(0x000000d935000000,0x000000d935100000)]
  0x0000023cfd1c2800 JavaThread "C2 CompilerThread0" daemon [_thread_in_native, id=9468, stack(0x000000d935100000,0x000000d935200000)]
  0x0000023cfd1c4000 JavaThread "C1 CompilerThread0" daemon [_thread_blocked, id=19624, stack(0x000000d935200000,0x000000d935300000)]
  0x0000023cfd1c5000 JavaThread "Sweeper thread" daemon [_thread_blocked, id=15072, stack(0x000000d935300000,0x000000d935400000)]
  0x0000023cfd2eb000 JavaThread "Common-Cleaner" daemon [_thread_blocked, id=16532, stack(0x000000d935400000,0x000000d935500000)]
  0x0000023cfd5d7000 JavaThread "Monitor Ctrl-Break" daemon [_thread_in_native, id=2848, stack(0x000000d935600000,0x000000d935700000)]
  0x0000023cfeb79000 JavaThread "ForkJoinPool.commonPool-worker-19" daemon [_thread_blocked, id=2228, stack(0x000000d935c00000,0x000000d935d00000)]
  0x0000023cfe908000 JavaThread "ForkJoinPool.commonPool-worker-5" daemon [_thread_blocked, id=15568, stack(0x000000d935d00000,0x000000d935e00000)]
  0x0000023cfeb0a000 JavaThread "ForkJoinPool.commonPool-worker-23" daemon [_thread_blocked, id=13392, stack(0x000000d935e00000,0x000000d935f00000)]
  0x0000023cfea0b000 JavaThread "ForkJoinPool.commonPool-worker-9" daemon [_thread_blocked, id=13440, stack(0x000000d935f00000,0x000000d936000000)]
  0x0000023cfec14800 JavaThread "HttpClient-1-SelectorManager" daemon [_thread_in_native, id=21476, stack(0x000000d936000000,0x000000d936100000)]
  0x0000023cfe82c800 JavaThread "External Process Output Forwarder - C:\Users\hp\.cache\selenium\chromedriver\win64\126.0.6478.63\chromedriver.exe" daemon [_thread_in_native, id=13072, stack(0x000000d936100000,0x000000d936200000)]
  0x0000023c8f14a000 JavaThread "Driver Service Executor" daemon [_thread_blocked, id=19292, stack(0x000000d936200000,0x000000d936300000)]
  0x0000023c8f664800 JavaThread "Driver Service Executor" daemon [_thread_in_native, id=2736, stack(0x000000d936300000,0x000000d936400000)]
  0x0000023c8f147800 JavaThread "UrlChecker-2" daemon [_thread_blocked, id=9544, stack(0x000000d936400000,0x000000d936500000)]
  0x0000023c8f148800 JavaThread "Keep-Alive-Timer" daemon [_thread_blocked, id=14636, stack(0x000000d936600000,0x000000d936700000)]
  0x0000023c8f146000 JavaThread "pool-2-thread-1" [_thread_blocked, id=9492, stack(0x000000d936700000,0x000000d936800000)]
  0x0000023c8f147000 JavaThread "pool-2-thread-2" [_thread_blocked, id=20016, stack(0x000000d936a00000,0x000000d936b00000)]
  0x0000023cfecff000 JavaThread "pool-2-thread-3" [_thread_blocked, id=9688, stack(0x000000d936b00000,0x000000d936c00000)]
  0x0000023cfecfd000 JavaThread "HttpClient-2-SelectorManager" daemon [_thread_in_native, id=16900, stack(0x000000d935500000,0x000000d935600000)]
  0x0000023cfecff800 JavaThread "pool-3-thread-1" [_thread_blocked, id=15884, stack(0x000000d935800000,0x000000d935900000)]
  0x0000023cfed00800 JavaThread "pool-3-thread-2" [_thread_blocked, id=14992, stack(0x000000d936c00000,0x000000d936d00000)]
  0x0000023cfecfc800 JavaThread "pool-3-thread-3" [_thread_blocked, id=3360, stack(0x000000d936d00000,0x000000d936e00000)]
  0x0000023cfed03000 JavaThread "Java2D Disposer" daemon [_thread_blocked, id=14800, stack(0x000000d936e00000,0x000000d936f00000)]
  0x0000023cfed24800 JavaThread "C2 CompilerThread1" daemon [_thread_blocked, id=15804, stack(0x000000d936f00000,0x000000d937000000)]

Other Threads:
=>0x0000023cfc83f800 VMThread "VM Thread" [stack: 0x000000d934b00000,0x000000d934c00000] [id=17544]
  0x0000023cfd5dd800 WatcherThread [stack: 0x000000d935700000,0x000000d935800000] [id=11240]
  0x0000023ceba29800 GCTaskThread "GC Thread#0" [stack: 0x000000d934600000,0x000000d934700000] [id=19132]
  0x0000023cfe5e7800 GCTaskThread "GC Thread#1" [stack: 0x000000d935900000,0x000000d935a00000] [id=21312]
  0x0000023c8f4e6000 GCTaskThread "GC Thread#2" [stack: 0x000000d936800000,0x000000d936900000] [id=6452]
  0x0000023c8f4e7000 GCTaskThread "GC Thread#3" [stack: 0x000000d936900000,0x000000d936a00000] [id=7136]
  0x0000023cfe43a800 GCTaskThread "GC Thread#4" [stack: 0x000000d937000000,0x000000d937100000] [id=7328]
  0x0000023c8f167000 GCTaskThread "GC Thread#5" [stack: 0x000000d937100000,0x000000d937200000] [id=7952]
  0x0000023cfe1fb800 GCTaskThread "GC Thread#6" [stack: 0x000000d937200000,0x000000d937300000] [id=13820]
  0x0000023cfe200800 GCTaskThread "GC Thread#7" [stack: 0x000000d937300000,0x000000d937400000] [id=3008]
  0x0000023cfe200000 GCTaskThread "GC Thread#8" [stack: 0x000000d937400000,0x000000d937500000] [id=19968]
  0x0000023cfe1fa000 GCTaskThread "GC Thread#9" [stack: 0x000000d937500000,0x000000d937600000] [id=4192]
  0x0000023ceba59800 ConcurrentGCThread "G1 Main Marker" [stack: 0x000000d934700000,0x000000d934800000] [id=20172]
  0x0000023ceba5b000 ConcurrentGCThread "G1 Conc#0" [stack: 0x000000d934800000,0x000000d934900000] [id=16060]
  0x0000023cfe52c800 ConcurrentGCThread "G1 Conc#1" [stack: 0x000000d935a00000,0x000000d935b00000] [id=4780]
  0x0000023cfe13b800 ConcurrentGCThread "G1 Conc#2" [stack: 0x000000d935b00000,0x000000d935c00000] [id=21532]
  0x0000023cfc6a0800 ConcurrentGCThread "G1 Refine#0" [stack: 0x000000d934900000,0x000000d934a00000] [id=12496]
  0x0000023cfc6a1800 ConcurrentGCThread "G1 Young RemSet Sampling" [stack: 0x000000d934a00000,0x000000d934b00000] [id=15348]

Threads with active compile tasks:
C2 CompilerThread0     6885 3729  s    4       jdk.internal.jimage.BasicImageReader::findLocation (115 bytes)
C2 CompilerThread1     6885 3763       4       java.lang.invoke.LambdaForm::prepare (112 bytes)

VM state:at safepoint (normal execution)

VM Mutex/Monitor currently owned by a thread:  ([mutex/lock_event])
[0x0000023ceba12780] Threads_lock - owner thread: 0x0000023cfc83f800
[0x0000023ceba124b0] Heap_lock - owner thread: 0x0000023ceba16000

Heap address: 0x000000008a600000, size: 1882 MB, Compressed Oops mode: 32-bit
Narrow klass base: 0x0000000000000000, Narrow klass shift: 3
Compressed class space size: 1073741824 Address: 0x0000000100000000

Heap:
 garbage-first heap   total 147456K, used 21120K [0x000000008a600000, 0x0000000100000000)
  region size 1024K, 7 young (7168K), 7 survivors (7168K)
 Metaspace       used 43249K, capacity 44675K, committed 44876K, reserved 1089536K
  class space    used 5075K, capacity 5707K, committed 5760K, reserved 1048576K
Heap Regions: E=young(eden), S=young(survivor), O=old, HS=humongous(starts), HC=humongous(continues), CS=collection set, F=free, A=archive, TAMS=top-at-mark-start (previous, next)
|   0|0x000000008a600000, 0x000000008a700000, 0x000000008a700000|100%|HS|  |TAMS 0x000000008a700000, 0x000000008a600000| Complete 
|   1|0x000000008a700000, 0x000000008a800000, 0x000000008a800000|100%| O|  |TAMS 0x000000008a800000, 0x000000008a700000| Untracked 
|   2|0x000000008a800000, 0x000000008a900000, 0x000000008a900000|100%|HS|  |TAMS 0x000000008a900000, 0x000000008a800000| Complete 
|   3|0x000000008a900000, 0x000000008aa00000, 0x000000008aa00000|100%| O|  |TAMS 0x000000008aa00000, 0x000000008a900000| Untracked 
|   4|0x000000008aa00000, 0x000000008ab00000, 0x000000008ab00000|100%| O|  |TAMS 0x000000008ab00000, 0x000000008aa00000| Untracked 
|   5|0x000000008ab00000, 0x000000008ac00000, 0x000000008ac00000|100%| O|  |TAMS 0x000000008ac00000, 0x000000008ab00000| Untracked 
|   6|0x000000008ac00000, 0x000000008ad00000, 0x000000008ad00000|100%| O|  |TAMS 0x000000008ad00000, 0x000000008ac00000| Untracked 
|   7|0x000000008ad00000, 0x000000008ae00000, 0x000000008ae00000|100%| O|  |TAMS 0x000000008ae00000, 0x000000008ad00000| Untracked 
|   8|0x000000008ae00000, 0x000000008af00000, 0x000000008af00000|100%| O|  |TAMS 0x000000008af00000, 0x000000008ae00000| Untracked 
|   9|0x000000008af00000, 0x000000008b000000, 0x000000008b000000|100%| O|  |TAMS 0x000000008b000000, 0x000000008af00000| Untracked 
|  10|0x000000008b000000, 0x000000008b100000, 0x000000008b100000|100%| O|  |TAMS 0x000000008b100000, 0x000000008b000000| Untracked 
|  11|0x000000008b100000, 0x000000008b200000, 0x000000008b200000|100%| O|  |TAMS 0x000000008b130000, 0x000000008b100000| Untracked 
|  12|0x000000008b200000, 0x000000008b300000, 0x000000008b300000|100%| O|  |TAMS 0x000000008b200000, 0x000000008b200000| Untracked 
|  13|0x000000008b300000, 0x000000008b3ee000, 0x000000008b400000| 92%| O|  |TAMS 0x000000008b300000, 0x000000008b300000| Untracked 
|  14|0x000000008b400000, 0x000000008b400000, 0x000000008b500000|  0%| F|  |TAMS 0x000000008b400000, 0x000000008b400000| Untracked 
|  15|0x000000008b500000, 0x000000008b500000, 0x000000008b600000|  0%| F|  |TAMS 0x000000008b500000, 0x000000008b500000| Untracked 
|  16|0x000000008b600000, 0x000000008b600000, 0x000000008b700000|  0%| F|  |TAMS 0x000000008b600000, 0x000000008b600000| Untracked 
|  17|0x000000008b700000, 0x000000008b700000, 0x000000008b800000|  0%| F|  |TAMS 0x000000008b700000, 0x000000008b700000| Untracked 
|  18|0x000000008b800000, 0x000000008b800000, 0x000000008b900000|  0%| F|  |TAMS 0x000000008b800000, 0x000000008b800000| Untracked 
|  19|0x000000008b900000, 0x000000008b900000, 0x000000008ba00000|  0%| F|  |TAMS 0x000000008b900000, 0x000000008b900000| Untracked 
|  20|0x000000008ba00000, 0x000000008ba00000, 0x000000008bb00000|  0%| F|  |TAMS 0x000000008ba00000, 0x000000008ba00000| Untracked 
|  21|0x000000008bb00000, 0x000000008bb00000, 0x000000008bc00000|  0%| F|  |TAMS 0x000000008bb00000, 0x000000008bb00000| Untracked 
|  22|0x000000008bc00000, 0x000000008bc00000, 0x000000008bd00000|  0%| F|  |TAMS 0x000000008bc00000, 0x000000008bc00000| Untracked 
|  23|0x000000008bd00000, 0x000000008bd00000, 0x000000008be00000|  0%| F|  |TAMS 0x000000008bd00000, 0x000000008bd00000| Untracked 
|  24|0x000000008be00000, 0x000000008be00000, 0x000000008bf00000|  0%| F|  |TAMS 0x000000008be00000, 0x000000008be00000| Untracked 
|  25|0x000000008bf00000, 0x000000008bf00000, 0x000000008c000000|  0%| F|  |TAMS 0x000000008bf00000, 0x000000008bf00000| Untracked 
|  26|0x000000008c000000, 0x000000008c000000, 0x000000008c100000|  0%| F|  |TAMS 0x000000008c000000, 0x000000008c000000| Untracked 
|  27|0x000000008c100000, 0x000000008c100000, 0x000000008c200000|  0%| F|  |TAMS 0x000000008c100000, 0x000000008c100000| Untracked 
|  28|0x000000008c200000, 0x000000008c200000, 0x000000008c300000|  0%| F|  |TAMS 0x000000008c200000, 0x000000008c200000| Untracked 
|  29|0x000000008c300000, 0x000000008c300000, 0x000000008c400000|  0%| F|  |TAMS 0x000000008c300000, 0x000000008c300000| Untracked 
|  30|0x000000008c400000, 0x000000008c400000, 0x000000008c500000|  0%| F|  |TAMS 0x000000008c400000, 0x000000008c400000| Untracked 
|  31|0x000000008c500000, 0x000000008c500000, 0x000000008c600000|  0%| F|  |TAMS 0x000000008c500000, 0x000000008c500000| Untracked 
|  32|0x000000008c600000, 0x000000008c600000, 0x000000008c700000|  0%| F|  |TAMS 0x000000008c600000, 0x000000008c600000| Untracked 
|  33|0x000000008c700000, 0x000000008c700000, 0x000000008c800000|  0%| F|  |TAMS 0x000000008c700000, 0x000000008c700000| Untracked 
|  34|0x000000008c800000, 0x000000008c800000, 0x000000008c900000|  0%| F|  |TAMS 0x000000008c800000, 0x000000008c800000| Untracked 
|  35|0x000000008c900000, 0x000000008c900000, 0x000000008ca00000|  0%| F|  |TAMS 0x000000008c900000, 0x000000008c900000| Untracked 
|  36|0x000000008ca00000, 0x000000008ca00000, 0x000000008cb00000|  0%| F|  |TAMS 0x000000008ca00000, 0x000000008ca00000| Untracked 
|  37|0x000000008cb00000, 0x000000008cb00000, 0x000000008cc00000|  0%| F|  |TAMS 0x000000008cb00000, 0x000000008cb00000| Untracked 
|  38|0x000000008cc00000, 0x000000008cc00000, 0x000000008cd00000|  0%| F|  |TAMS 0x000000008cc00000, 0x000000008cc00000| Untracked 
|  39|0x000000008cd00000, 0x000000008cd00000, 0x000000008ce00000|  0%| F|  |TAMS 0x000000008cd00000, 0x000000008cd00000| Untracked 
|  40|0x000000008ce00000, 0x000000008ce00000, 0x000000008cf00000|  0%| F|  |TAMS 0x000000008ce00000, 0x000000008ce00000| Untracked 
|  41|0x000000008cf00000, 0x000000008cf00000, 0x000000008d000000|  0%| F|  |TAMS 0x000000008cf00000, 0x000000008cf00000| Untracked 
|  42|0x000000008d000000, 0x000000008d000000, 0x000000008d100000|  0%| F|  |TAMS 0x000000008d000000, 0x000000008d000000| Untracked 
|  43|0x000000008d100000, 0x000000008d100000, 0x000000008d200000|  0%| F|  |TAMS 0x000000008d100000, 0x000000008d100000| Untracked 
|  44|0x000000008d200000, 0x000000008d200000, 0x000000008d300000|  0%| F|  |TAMS 0x000000008d200000, 0x000000008d200000| Untracked 
|  45|0x000000008d300000, 0x000000008d300000, 0x000000008d400000|  0%| F|  |TAMS 0x000000008d300000, 0x000000008d300000| Untracked 
|  46|0x000000008d400000, 0x000000008d400000, 0x000000008d500000|  0%| F|  |TAMS 0x000000008d400000, 0x000000008d400000| Untracked 
|  47|0x000000008d500000, 0x000000008d500000, 0x000000008d600000|  0%| F|  |TAMS 0x000000008d500000, 0x000000008d500000| Untracked 
|  48|0x000000008d600000, 0x000000008d600000, 0x000000008d700000|  0%| F|  |TAMS 0x000000008d600000, 0x000000008d600000| Untracked 
|  49|0x000000008d700000, 0x000000008d700000, 0x000000008d800000|  0%| F|  |TAMS 0x000000008d700000, 0x000000008d700000| Untracked 
|  50|0x000000008d800000, 0x000000008d800000, 0x000000008d900000|  0%| F|  |TAMS 0x000000008d800000, 0x000000008d800000| Untracked 
|  51|0x000000008d900000, 0x000000008d900000, 0x000000008da00000|  0%| F|  |TAMS 0x000000008d900000, 0x000000008d900000| Untracked 
|  52|0x000000008da00000, 0x000000008da00000, 0x000000008db00000|  0%| F|  |TAMS 0x000000008da00000, 0x000000008da00000| Untracked 
|  53|0x000000008db00000, 0x000000008dbb2380, 0x000000008dc00000| 69%| S|CS|TAMS 0x000000008db00000, 0x000000008db00000| Complete 
|  54|0x000000008dc00000, 0x000000008dd00000, 0x000000008dd00000|100%| S|CS|TAMS 0x000000008dc00000, 0x000000008dc00000| Complete 
|  55|0x000000008dd00000, 0x000000008de00000, 0x000000008de00000|100%| S|CS|TAMS 0x000000008dd00000, 0x000000008dd00000| Complete 
|  56|0x000000008de00000, 0x000000008df00000, 0x000000008df00000|100%| S|CS|TAMS 0x000000008de00000, 0x000000008de00000| Complete 
|  57|0x000000008df00000, 0x000000008e000000, 0x000000008e000000|100%| S|CS|TAMS 0x000000008df00000, 0x000000008df00000| Complete 
|  58|0x000000008e000000, 0x000000008e100000, 0x000000008e100000|100%| S|CS|TAMS 0x000000008e000000, 0x000000008e000000| Complete 
|  59|0x000000008e100000, 0x000000008e200000, 0x000000008e200000|100%| S|CS|TAMS 0x000000008e100000, 0x000000008e100000| Complete 
|  60|0x000000008e200000, 0x000000008e200000, 0x000000008e300000|  0%| F|  |TAMS 0x000000008e200000, 0x000000008e200000| Untracked 
|  61|0x000000008e300000, 0x000000008e300000, 0x000000008e400000|  0%| F|  |TAMS 0x000000008e300000, 0x000000008e300000| Untracked 
|  62|0x000000008e400000, 0x000000008e400000, 0x000000008e500000|  0%| F|  |TAMS 0x000000008e400000, 0x000000008e400000| Untracked 
|  63|0x000000008e500000, 0x000000008e500000, 0x000000008e600000|  0%| F|  |TAMS 0x000000008e500000, 0x000000008e500000| Untracked 
|  64|0x000000008e600000, 0x000000008e600000, 0x000000008e700000|  0%| F|  |TAMS 0x000000008e600000, 0x000000008e600000| Untracked 
|  65|0x000000008e700000, 0x000000008e700000, 0x000000008e800000|  0%| F|  |TAMS 0x000000008e700000, 0x000000008e700000| Untracked 
|  66|0x000000008e800000, 0x000000008e800000, 0x000000008e900000|  0%| F|  |TAMS 0x000000008e800000, 0x000000008e800000| Untracked 
|  67|0x000000008e900000, 0x000000008e900000, 0x000000008ea00000|  0%| F|  |TAMS 0x000000008e900000, 0x000000008e900000| Untracked 
|  68|0x000000008ea00000, 0x000000008ea00000, 0x000000008eb00000|  0%| F|  |TAMS 0x000000008ea00000, 0x000000008ea00000| Untracked 
|  69|0x000000008eb00000, 0x000000008eb00000, 0x000000008ec00000|  0%| F|  |TAMS 0x000000008eb00000, 0x000000008eb00000| Untracked 
|  70|0x000000008ec00000, 0x000000008ec00000, 0x000000008ed00000|  0%| F|  |TAMS 0x000000008ec00000, 0x000000008ec00000| Untracked 
|  71|0x000000008ed00000, 0x000000008ed00000, 0x000000008ee00000|  0%| F|  |TAMS 0x000000008ed00000, 0x000000008ed00000| Untracked 
|  72|0x000000008ee00000, 0x000000008ee00000, 0x000000008ef00000|  0%| F|  |TAMS 0x000000008ee00000, 0x000000008ee00000| Untracked 
|  73|0x000000008ef00000, 0x000000008ef00000, 0x000000008f000000|  0%| F|  |TAMS 0x000000008ef00000, 0x000000008ef00000| Untracked 
|  74|0x000000008f000000, 0x000000008f000000, 0x000000008f100000|  0%| F|  |TAMS 0x000000008f000000, 0x000000008f000000| Untracked 
|  75|0x000000008f100000, 0x000000008f100000, 0x000000008f200000|  0%| F|  |TAMS 0x000000008f100000, 0x000000008f100000| Untracked 
|  76|0x000000008f200000, 0x000000008f200000, 0x000000008f300000|  0%| F|  |TAMS 0x000000008f200000, 0x000000008f200000| Untracked 
|  77|0x000000008f300000, 0x000000008f300000, 0x000000008f400000|  0%| F|  |TAMS 0x000000008f300000, 0x000000008f300000| Untracked 
|  78|0x000000008f400000, 0x000000008f400000, 0x000000008f500000|  0%| F|  |TAMS 0x000000008f400000, 0x000000008f400000| Untracked 
|  79|0x000000008f500000, 0x000000008f500000, 0x000000008f600000|  0%| F|  |TAMS 0x000000008f500000, 0x000000008f500000| Untracked 
|  80|0x000000008f600000, 0x000000008f600000, 0x000000008f700000|  0%| F|  |TAMS 0x000000008f600000, 0x000000008f600000| Untracked 
|  81|0x000000008f700000, 0x000000008f700000, 0x000000008f800000|  0%| F|  |TAMS 0x000000008f700000, 0x000000008f700000| Untracked 
|  82|0x000000008f800000, 0x000000008f800000, 0x000000008f900000|  0%| F|  |TAMS 0x000000008f800000, 0x000000008f800000| Untracked 
|  83|0x000000008f900000, 0x000000008f900000, 0x000000008fa00000|  0%| F|  |TAMS 0x000000008f900000, 0x000000008f900000| Untracked 
|  84|0x000000008fa00000, 0x000000008fa00000, 0x000000008fb00000|  0%| F|  |TAMS 0x000000008fa00000, 0x000000008fa00000| Untracked 
|  85|0x000000008fb00000, 0x000000008fb00000, 0x000000008fc00000|  0%| F|  |TAMS 0x000000008fb00000, 0x000000008fb00000| Untracked 
|  86|0x000000008fc00000, 0x000000008fc00000, 0x000000008fd00000|  0%| F|  |TAMS 0x000000008fc00000, 0x000000008fc00000| Untracked 
|  87|0x000000008fd00000, 0x000000008fd00000, 0x000000008fe00000|  0%| F|  |TAMS 0x000000008fd00000, 0x000000008fd00000| Untracked 
|  88|0x000000008fe00000, 0x000000008fe00000, 0x000000008ff00000|  0%| F|  |TAMS 0x000000008fe00000, 0x000000008fe00000| Untracked 
|  89|0x000000008ff00000, 0x000000008ff00000, 0x0000000090000000|  0%| F|  |TAMS 0x000000008ff00000, 0x000000008ff00000| Untracked 
|  90|0x0000000090000000, 0x0000000090000000, 0x0000000090100000|  0%| F|  |TAMS 0x0000000090000000, 0x0000000090000000| Untracked 
|  91|0x0000000090100000, 0x0000000090100000, 0x0000000090200000|  0%| F|  |TAMS 0x0000000090100000, 0x0000000090100000| Untracked 
|  92|0x0000000090200000, 0x0000000090200000, 0x0000000090300000|  0%| F|  |TAMS 0x0000000090200000, 0x0000000090200000| Untracked 
|  93|0x0000000090300000, 0x0000000090300000, 0x0000000090400000|  0%| F|  |TAMS 0x0000000090300000, 0x0000000090300000| Untracked 
|  94|0x0000000090400000, 0x0000000090400000, 0x0000000090500000|  0%| F|  |TAMS 0x0000000090400000, 0x0000000090400000| Untracked 
|  95|0x0000000090500000, 0x0000000090500000, 0x0000000090600000|  0%| F|  |TAMS 0x0000000090500000, 0x0000000090500000| Untracked 
|  96|0x0000000090600000, 0x0000000090600000, 0x0000000090700000|  0%| F|  |TAMS 0x0000000090600000, 0x0000000090600000| Untracked 
|  97|0x0000000090700000, 0x0000000090700000, 0x0000000090800000|  0%| F|  |TAMS 0x0000000090700000, 0x0000000090700000| Untracked 
|  98|0x0000000090800000, 0x0000000090800000, 0x0000000090900000|  0%| F|  |TAMS 0x0000000090800000, 0x0000000090800000| Untracked 
|  99|0x0000000090900000, 0x0000000090900000, 0x0000000090a00000|  0%| F|  |TAMS 0x0000000090900000, 0x0000000090900000| Untracked 
| 100|0x0000000090a00000, 0x0000000090a00000, 0x0000000090b00000|  0%| F|  |TAMS 0x0000000090a00000, 0x0000000090a00000| Untracked 
| 101|0x0000000090b00000, 0x0000000090b00000, 0x0000000090c00000|  0%| F|  |TAMS 0x0000000090b00000, 0x0000000090b00000| Untracked 
| 102|0x0000000090c00000, 0x0000000090c00000, 0x0000000090d00000|  0%| F|  |TAMS 0x0000000090c00000, 0x0000000090c00000| Untracked 
| 103|0x0000000090d00000, 0x0000000090d00000, 0x0000000090e00000|  0%| F|  |TAMS 0x0000000090d00000, 0x0000000090d00000| Untracked 
| 104|0x0000000090e00000, 0x0000000090e00000, 0x0000000090f00000|  0%| F|  |TAMS 0x0000000090e00000, 0x0000000090e00000| Untracked 
| 105|0x0000000090f00000, 0x0000000090f00000, 0x0000000091000000|  0%| F|  |TAMS 0x0000000090f00000, 0x0000000090f00000| Untracked 
| 106|0x0000000091000000, 0x0000000091000000, 0x0000000091100000|  0%| F|  |TAMS 0x0000000091000000, 0x0000000091000000| Untracked 
| 107|0x0000000091100000, 0x0000000091100000, 0x0000000091200000|  0%| F|  |TAMS 0x0000000091100000, 0x0000000091100000| Untracked 
| 108|0x0000000091200000, 0x0000000091200000, 0x0000000091300000|  0%| F|  |TAMS 0x0000000091200000, 0x0000000091200000| Untracked 
| 109|0x0000000091300000, 0x0000000091300000, 0x0000000091400000|  0%| F|  |TAMS 0x0000000091300000, 0x0000000091300000| Untracked 
| 110|0x0000000091400000, 0x0000000091400000, 0x0000000091500000|  0%| F|  |TAMS 0x0000000091400000, 0x0000000091400000| Untracked 
| 111|0x0000000091500000, 0x0000000091500000, 0x0000000091600000|  0%| F|  |TAMS 0x0000000091500000, 0x0000000091500000| Untracked 
| 112|0x0000000091600000, 0x0000000091600000, 0x0000000091700000|  0%| F|  |TAMS 0x0000000091600000, 0x0000000091600000| Untracked 
| 113|0x0000000091700000, 0x0000000091700000, 0x0000000091800000|  0%| F|  |TAMS 0x0000000091700000, 0x0000000091700000| Untracked 
| 114|0x0000000091800000, 0x0000000091800000, 0x0000000091900000|  0%| F|  |TAMS 0x0000000091800000, 0x0000000091800000| Untracked 
| 115|0x0000000091900000, 0x0000000091900000, 0x0000000091a00000|  0%| F|  |TAMS 0x0000000091900000, 0x0000000091900000| Untracked 
| 116|0x0000000091a00000, 0x0000000091a00000, 0x0000000091b00000|  0%| F|  |TAMS 0x0000000091a00000, 0x0000000091a00000| Untracked 
| 117|0x0000000091b00000, 0x0000000091b00000, 0x0000000091c00000|  0%| F|  |TAMS 0x0000000091b00000, 0x0000000091b00000| Untracked 

Card table byte_map: [0x0000023cf5910000,0x0000023cf5cc0000] _byte_map_base: 0x0000023cf54bd000

Marking Bits (Prev, Next): (CMBitMap*) 0x0000023ceba513a8, (CMBitMap*) 0x0000023ceba513e0
 Prev Bits: [0x0000023cf6070000, 0x0000023cf7dd8000)
 Next Bits: [0x0000023cf7de0000, 0x0000023cf9b48000)

Polling page: 0x0000023cebad0000

Metaspace:

Usage:
  Non-class:     38.05 MB capacity,    37.28 MB ( 98%) used,   625.41 KB (  2%) free+waste,   168.81 KB ( <1%) overhead. 
      Class:      5.57 MB capacity,     4.96 MB ( 89%) used,   545.27 KB ( 10%) free+waste,    85.88 KB (  2%) overhead. 
       Both:     43.63 MB capacity,    42.24 MB ( 97%) used,     1.14 MB (  3%) free+waste,   254.69 KB ( <1%) overhead. 

Virtual space:
  Non-class space:       40.00 MB reserved,      38.20 MB ( 95%) committed 
      Class space:        1.00 GB reserved,       5.62 MB ( <1%) committed 
             Both:        1.04 GB reserved,      43.82 MB (  4%) committed 

Chunk freelists:
   Non-Class:  2.50 KB
       Class:  0 bytes
        Both:  2.50 KB

CodeHeap 'non-profiled nmethods': size=120000Kb used=1822Kb max_used=1822Kb free=118177Kb
 bounds [0x0000023c87ad0000, 0x0000023c87d40000, 0x0000023c8f000000]
CodeHeap 'profiled nmethods': size=120000Kb used=7851Kb max_used=7851Kb free=112148Kb
 bounds [0x0000023c805a0000, 0x0000023c80d50000, 0x0000023c87ad0000]
CodeHeap 'non-nmethods': size=5760Kb used=1276Kb max_used=1288Kb free=4483Kb
 bounds [0x0000023c80000000, 0x0000023c80270000, 0x0000023c805a0000]
 total_blobs=4456 nmethods=3774 adapters=593
 compilation: enabled
              stopped_count=0, restarted_count=0
 full_count=0

Compilation events (10 events):
Event: 6.864 Thread 0x0000023cfd1c4000 3775       3       jdk.xml.internal.SecuritySupport::lambda$getSystemProperty$0 (5 bytes)
Event: 6.864 Thread 0x0000023cfd1c4000 nmethod 3775 0x0000023c80d49810 code [0x0000023c80d49a40, 0x0000023c80d4a258]
Event: 6.864 Thread 0x0000023cfd1c4000 3773       3       com.sun.org.apache.xerces.internal.util.FeatureState::isExceptional (8 bytes)
Event: 6.864 Thread 0x0000023cfd1c4000 nmethod 3773 0x0000023c80d4a590 code [0x0000023c80d4a720, 0x0000023c80d4a858]
Event: 6.864 Thread 0x0000023cfd1c4000 3772       3       com.sun.org.apache.xerces.internal.util.PropertyState::isExceptional (8 bytes)
Event: 6.864 Thread 0x0000023cfd1c4000 nmethod 3772 0x0000023c80d4a910 code [0x0000023c80d4aaa0, 0x0000023c80d4abd8]
Event: 6.864 Thread 0x0000023cfd1c4000 3776       1       com.sun.org.apache.xerces.internal.utils.XMLSecurityManager$Limit::defaultValue (5 bytes)
Event: 6.864 Thread 0x0000023cfd1c4000 nmethod 3776 0x0000023c87c97310 code [0x0000023c87c974a0, 0x0000023c87c97558]
Event: 6.865 Thread 0x0000023cfd1c4000 3777       1       com.sun.org.apache.xerces.internal.dom.ParentNode::ownerDocument (5 bytes)
Event: 6.865 Thread 0x0000023cfd1c4000 nmethod 3777 0x0000023c87c97610 code [0x0000023c87c977a0, 0x0000023c87c97858]

GC Heap History (9 events):
Event: 0.674 GC heap before
{Heap before GC invocations=0 (full 0):
 garbage-first heap   total 120832K, used 26624K [0x000000008a600000, 0x0000000100000000)
  region size 1024K, 24 young (24576K), 0 survivors (0K)
 Metaspace       used 12216K, capacity 12482K, committed 12672K, reserved 1060864K
  class space    used 1211K, capacity 1314K, committed 1408K, reserved 1048576K
}
Event: 0.682 GC heap after
{Heap after GC invocations=1 (full 0):
 garbage-first heap   total 120832K, used 8911K [0x000000008a600000, 0x0000000100000000)
  region size 1024K, 3 young (3072K), 3 survivors (3072K)
 Metaspace       used 12216K, capacity 12482K, committed 12672K, reserved 1060864K
  class space    used 1211K, capacity 1314K, committed 1408K, reserved 1048576K
}
Event: 1.243 GC heap before
{Heap before GC invocations=1 (full 0):
 garbage-first heap   total 120832K, used 52943K [0x000000008a600000, 0x0000000100000000)
  region size 1024K, 47 young (48128K), 3 survivors (3072K)
 Metaspace       used 20685K, capacity 21150K, committed 21248K, reserved 1069056K
  class space    used 2258K, capacity 2464K, committed 2560K, reserved 1048576K
}
Event: 1.259 GC heap after
{Heap after GC invocations=2 (full 0):
 garbage-first heap   total 120832K, used 11544K [0x000000008a600000, 0x0000000100000000)
  region size 1024K, 6 young (6144K), 6 survivors (6144K)
 Metaspace       used 20685K, capacity 21150K, committed 21248K, reserved 1069056K
  class space    used 2258K, capacity 2464K, committed 2560K, reserved 1048576K
}
Event: 1.717 GC heap before
{Heap before GC invocations=3 (full 0):
 garbage-first heap   total 120832K, used 55576K [0x000000008a600000, 0x0000000100000000)
  region size 1024K, 50 young (51200K), 6 survivors (6144K)
 Metaspace       used 27571K, capacity 28352K, committed 28416K, reserved 1075200K
  class space    used 3187K, capacity 3536K, committed 3584K, reserved 1048576K
}
Event: 1.726 GC heap after
{Heap after GC invocations=4 (full 0):
 garbage-first heap   total 120832K, used 14478K [0x000000008a600000, 0x0000000100000000)
  region size 1024K, 6 young (6144K), 6 survivors (6144K)
 Metaspace       used 27571K, capacity 28352K, committed 28416K, reserved 1075200K
  class space    used 3187K, capacity 3536K, committed 3584K, reserved 1048576K
}
Event: 2.187 GC heap before
{Heap before GC invocations=4 (full 0):
 garbage-first heap   total 120832K, used 48270K [0x000000008a600000, 0x0000000100000000)
  region size 1024K, 40 young (40960K), 6 survivors (6144K)
 Metaspace       used 34595K, capacity 35679K, committed 35840K, reserved 1081344K
  class space    used 4096K, capacity 4608K, committed 4608K, reserved 1048576K
}
Event: 2.197 GC heap after
{Heap after GC invocations=5 (full 0):
 garbage-first heap   total 120832K, used 18317K [0x000000008a600000, 0x0000000100000000)
  region size 1024K, 7 young (7168K), 7 survivors (7168K)
 Metaspace       used 34595K, capacity 35679K, committed 35840K, reserved 1081344K
  class space    used 4096K, capacity 4608K, committed 4608K, reserved 1048576K
}
Event: 6.868 GC heap before
{Heap before GC invocations=6 (full 0):
 garbage-first heap   total 120832K, used 69517K [0x000000008a600000, 0x0000000100000000)
  region size 1024K, 58 young (59392K), 7 survivors (7168K)
 Metaspace       used 43249K, capacity 44675K, committed 44876K, reserved 1089536K
  class space    used 5075K, capacity 5707K, committed 5760K, reserved 1048576K
}

Deoptimization events (10 events):
Event: 3.027 Thread 0x0000023ceba16000 Uncommon trap: reason=class_check action=maybe_recompile pc=0x0000023c87c316ac method=org.openqa.selenium.json.Input.fill()Z @ 85 c2
Event: 4.565 Thread 0x0000023ceba16000 Uncommon trap: reason=unstable_if action=reinterpret pc=0x0000023c87aeaee0 method=java.lang.StringCoding.hasNegatives([BII)Z @ 12 c2
Event: 4.845 Thread 0x0000023ceba16000 Uncommon trap: reason=unstable_if action=reinterpret pc=0x0000023c87bbb420 method=java.lang.String.indexOf([BBILjava/lang/String;I)I @ 21 c2
Event: 6.494 Thread 0x0000023ceba16000 Uncommon trap: reason=profile_predicate action=maybe_recompile pc=0x0000023c87c42950 method=java.lang.invoke.InvokerBytecodeGenerator.<init>(Ljava/lang/String;Ljava/lang/String;Ljava/lang/invoke/LambdaForm;Ljava/lang/invoke/MethodType;)V @ 33 c2
Event: 6.494 Thread 0x0000023ceba16000 Uncommon trap: reason=unstable_if action=reinterpret pc=0x0000023c87bb7874 method=java.lang.invoke.InvokerBytecodeGenerator.loadInsnOpcode(Ljava/lang/invoke/LambdaForm$BasicType;)I @ 8 c2
Event: 6.494 Thread 0x0000023ceba16000 Uncommon trap: reason=unstable_if action=reinterpret pc=0x0000023c87bae638 method=java.lang.invoke.InvokerBytecodeGenerator.loadInsnOpcode(Ljava/lang/invoke/LambdaForm$BasicType;)I @ 8 c2
Event: 6.760 Thread 0x0000023ceba16000 Uncommon trap: reason=null_check action=make_not_entrant pc=0x0000023c87c78834 method=java.util.Locale.equals(Ljava/lang/Object;)Z @ 8 c2
Event: 6.781 Thread 0x0000023ceba16000 Uncommon trap: reason=profile_predicate action=maybe_recompile pc=0x0000023c87c42950 method=java.lang.invoke.InvokerBytecodeGenerator.<init>(Ljava/lang/String;Ljava/lang/String;Ljava/lang/invoke/LambdaForm;Ljava/lang/invoke/MethodType;)V @ 33 c2
Event: 6.781 Thread 0x0000023ceba16000 Uncommon trap: reason=profile_predicate action=maybe_recompile pc=0x0000023c87c42950 method=java.lang.invoke.InvokerBytecodeGenerator.<init>(Ljava/lang/String;Ljava/lang/String;Ljava/lang/invoke/LambdaForm;Ljava/lang/invoke/MethodType;)V @ 33 c2
Event: 6.781 Thread 0x0000023ceba16000 Uncommon trap: reason=profile_predicate action=maybe_recompile pc=0x0000023c87c42950 method=java.lang.invoke.InvokerBytecodeGenerator.<init>(Ljava/lang/String;Ljava/lang/String;Ljava/lang/invoke/LambdaForm;Ljava/lang/invoke/MethodType;)V @ 33 c2

Classes redefined (0 events):
No events

Internal exceptions (10 events):
Event: 4.754 Thread 0x0000023ceba16000 Exception <a 'java/lang/ClassNotFoundException'{0x000000008ffe26c0}: com/aventstack/extentreports/model/service/TestServiceBeanInfo> (0x000000008ffe26c0) thrown at [./open/src/hotspot/share/classfile/systemDictionary.cpp, line 226]
Event: 4.754 Thread 0x0000023ceba16000 Exception <a 'java/lang/ClassNotFoundException'{0x000000008fff4fb8}: com/aventstack/extentreports/model/service/TestServiceCustomizer> (0x000000008fff4fb8) thrown at [./open/src/hotspot/share/classfile/systemDictionary.cpp, line 226]
Event: 6.699 Thread 0x0000023ceba16000 Exception <a 'sun/nio/fs/WindowsException'{0x000000008ee1c608}> (0x000000008ee1c608) thrown at [./open/src/hotspot/share/prims/jni.cpp, line 611]
Event: 6.760 Thread 0x0000023ceba16000 Implicit null exception at 0x0000023c87c78751 to 0x0000023c87c78824
Event: 6.764 Thread 0x0000023ceba16000 Exception <a 'java/lang/ClassNotFoundException'{0x000000008e70b7a8}: sun/awt/resources/spi/awtProvider> (0x000000008e70b7a8) thrown at [./open/src/hotspot/share/classfile/systemDictionary.cpp, line 226]
Event: 6.767 Thread 0x0000023ceba16000 Exception <a 'java/io/FileNotFoundException'{0x000000008e70fe68}> (0x000000008e70fe68) thrown at [./open/src/hotspot/share/prims/jni.cpp, line 611]
Event: 6.767 Thread 0x0000023ceba16000 Exception <a 'java/io/FileNotFoundException'{0x000000008e712fd8}> (0x000000008e712fd8) thrown at [./open/src/hotspot/share/prims/jni.cpp, line 611]
Event: 6.859 Thread 0x0000023ceba16000 Exception <a 'java/lang/NoSuchMethodError'{0x000000008e210238}: java.lang.invoke.DirectMethodHandle$Holder.invokeVirtual(Ljava/lang/Object;Ljava/lang/Object;Ljava/lang/Object;Ljava/lang/Object;)V> (0x000000008e210238) thrown at [./open/src/hotspot/share/i
Event: 6.862 Thread 0x0000023ceba16000 Exception <a 'java/lang/NoSuchMethodError'{0x000000008e2550b8}: java.lang.invoke.DirectMethodHandle$Holder.invokeStatic(Ljava/lang/Object;Ljava/lang/Object;Ljava/lang/Object;I)V> (0x000000008e2550b8) thrown at [./open/src/hotspot/share/interpreter/linkRes
Event: 6.862 Thread 0x0000023ceba16000 Exception <a 'java/lang/NoSuchMethodError'{0x000000008e258110}: java.lang.invoke.DirectMethodHandle$Holder.invokeStaticInit(Ljava/lang/Object;Ljava/lang/Object;Ljava/lang/Object;I)V> (0x000000008e258110) thrown at [./open/src/hotspot/share/interpreter/lin

Events (10 events):
Event: 6.867 loading class org/apache/commons/compress/archivers/zip/GeneralPurposeBit done
Event: 6.867 loading class org/apache/commons/compress/archivers/zip/ZipArchiveEntry$NameSource
Event: 6.867 loading class org/apache/commons/compress/archivers/zip/ZipArchiveEntry$NameSource done
Event: 6.867 loading class org/apache/commons/compress/archivers/zip/ZipArchiveEntry$CommentSource
Event: 6.867 loading class org/apache/commons/compress/archivers/zip/ZipArchiveEntry$CommentSource done
Event: 6.867 loading class org/apache/commons/compress/archivers/zip/ZipArchiveOutputStream$CurrentEntry
Event: 6.867 loading class org/apache/commons/compress/archivers/zip/ZipArchiveOutputStream$CurrentEntry done
Event: 6.868 loading class org/apache/commons/compress/archivers/zip/ZipUtil
Event: 6.868 loading class org/apache/commons/compress/archivers/zip/ZipUtil done
Event: 6.868 Executing VM operation: G1CollectForAllocation


Dynamic libraries:
0x00007ff737fb0000 - 0x00007ff737fc0000 	C:\Program Files\Java\jdk-11\bin\java.exe
0x00007ffa5ad10000 - 0x00007ffa5af27000 	C:\windows\SYSTEM32\ntdll.dll
0x00007ffa58bb0000 - 0x00007ffa58c74000 	C:\windows\System32\KERNEL32.DLL
0x00007ffa58150000 - 0x00007ffa584fc000 	C:\windows\System32\KERNELBASE.dll
0x00007ffa58840000 - 0x00007ffa58951000 	C:\windows\System32\ucrtbase.dll
0x00007ffa52bc0000 - 0x00007ffa52bd8000 	C:\Program Files\Java\jdk-11\bin\jli.dll
0x00007ffa52b60000 - 0x00007ffa52b7b000 	C:\Program Files\Java\jdk-11\bin\VCRUNTIME140.dll
0x00007ffa59b10000 - 0x00007ffa59bc2000 	C:\windows\System32\ADVAPI32.dll
0x00007ffa59d80000 - 0x00007ffa59e27000 	C:\windows\System32\msvcrt.dll
0x00007ffa5a110000 - 0x00007ffa5a1ba000 	C:\windows\System32\sechost.dll
0x00007ffa58580000 - 0x00007ffa585a8000 	C:\windows\System32\bcrypt.dll
0x00007ffa5a400000 - 0x00007ffa5a515000 	C:\windows\System32\RPCRT4.dll
0x00007ffa59f60000 - 0x00007ffa5a10e000 	C:\windows\System32\USER32.dll
0x00007ffa58960000 - 0x00007ffa58986000 	C:\windows\System32\win32u.dll
0x00007ffa3c2d0000 - 0x00007ffa3c563000 	C:\windows\WinSxS\amd64_microsoft.windows.common-controls_6595b64144ccf1df_6.0.22621.3672_none_2713b9d173822955\COMCTL32.dll
0x00007ffa58d40000 - 0x00007ffa58d69000 	C:\windows\System32\GDI32.dll
0x00007ffa585b0000 - 0x00007ffa586c9000 	C:\windows\System32\gdi32full.dll
0x00007ffa580b0000 - 0x00007ffa5814a000 	C:\windows\System32\msvcp_win.dll
0x00007ffa4cda0000 - 0x00007ffa4cdaa000 	C:\windows\SYSTEM32\VERSION.dll
0x00007ffa58ca0000 - 0x00007ffa58cd1000 	C:\windows\System32\IMM32.DLL
0x00007ffa55040000 - 0x00007ffa5504c000 	C:\Program Files\Java\jdk-11\bin\vcruntime140_1.dll
0x00007ffa41670000 - 0x00007ffa416fe000 	C:\Program Files\Java\jdk-11\bin\msvcp140.dll
0x00007ffa12570000 - 0x00007ffa130d8000 	C:\Program Files\Java\jdk-11\bin\server\jvm.dll
0x00007ffa5a220000 - 0x00007ffa5a228000 	C:\windows\System32\PSAPI.DLL
0x00007ffa529c0000 - 0x00007ffa529f4000 	C:\windows\SYSTEM32\WINMM.dll
0x00007ffa51e30000 - 0x00007ffa51e39000 	C:\windows\SYSTEM32\WSOCK32.dll
0x00007ffa5aaf0000 - 0x00007ffa5ab61000 	C:\windows\System32\WS2_32.dll
0x00007ffa57130000 - 0x00007ffa57148000 	C:\windows\SYSTEM32\kernel.appcore.dll
0x00007ffa53b30000 - 0x00007ffa53b40000 	C:\Program Files\Java\jdk-11\bin\verify.dll
0x00007ffa4ec20000 - 0x00007ffa4ee52000 	C:\windows\SYSTEM32\DBGHELP.DLL
0x00007ffa58d70000 - 0x00007ffa590f8000 	C:\windows\System32\combase.dll
0x00007ffa58ad0000 - 0x00007ffa58ba7000 	C:\windows\System32\OLEAUT32.dll
0x00007ffa39cb0000 - 0x00007ffa39ce2000 	C:\windows\SYSTEM32\dbgcore.DLL
0x00007ffa58500000 - 0x00007ffa5857b000 	C:\windows\System32\bcryptPrimitives.dll
0x00007ffa52b30000 - 0x00007ffa52b58000 	C:\Program Files\Java\jdk-11\bin\java.dll
0x00007ffa52b20000 - 0x00007ffa52b2a000 	C:\Program Files\Java\jdk-11\bin\jimage.dll
0x00007ffa52af0000 - 0x00007ffa52afe000 	C:\Program Files\Java\jdk-11\bin\instrument.dll
0x00007ffa52220000 - 0x00007ffa52237000 	C:\Program Files\Java\jdk-11\bin\zip.dll
0x00007ffa59100000 - 0x00007ffa5995c000 	C:\windows\System32\SHELL32.dll
0x00007ffa55f50000 - 0x00007ffa56847000 	C:\windows\SYSTEM32\windows.storage.dll
0x00007ffa55e10000 - 0x00007ffa55f4f000 	C:\windows\SYSTEM32\wintypes.dll
0x00007ffa5a520000 - 0x00007ffa5a614000 	C:\windows\System32\SHCORE.dll
0x00007ffa59e30000 - 0x00007ffa59e8e000 	C:\windows\System32\shlwapi.dll
0x00007ffa57f70000 - 0x00007ffa57f91000 	C:\windows\SYSTEM32\profapi.dll
0x00007ffa465c0000 - 0x00007ffa465d9000 	C:\Program Files\Java\jdk-11\bin\net.dll
0x00007ffa53ef0000 - 0x00007ffa54026000 	C:\windows\SYSTEM32\WINHTTP.dll
0x00007ffa575d0000 - 0x00007ffa57639000 	C:\windows\system32\mswsock.dll
0x00007ffa465a0000 - 0x00007ffa465b2000 	C:\Program Files\Java\jdk-11\bin\nio.dll
0x00007ffa35750000 - 0x00007ffa3576a000 	C:\Program Files\JetBrains\IntelliJ IDEA Community Edition 2024.1.1\bin\breakgen64.dll
0x00007ffa57830000 - 0x00007ffa5784b000 	C:\windows\SYSTEM32\CRYPTSP.dll
0x00007ffa57090000 - 0x00007ffa570c5000 	C:\windows\system32\rsaenh.dll
0x00007ffa576d0000 - 0x00007ffa576f8000 	C:\windows\SYSTEM32\USERENV.dll
0x00007ffa57850000 - 0x00007ffa5785c000 	C:\windows\SYSTEM32\CRYPTBASE.dll
0x00007ffa56b20000 - 0x00007ffa56b4d000 	C:\windows\SYSTEM32\IPHLPAPI.DLL
0x00007ffa59ec0000 - 0x00007ffa59ec9000 	C:\windows\System32\NSI.dll
0x00007ffa53cc0000 - 0x00007ffa53cd9000 	C:\windows\SYSTEM32\dhcpcsvc6.DLL
0x00007ffa539f0000 - 0x00007ffa53a0f000 	C:\windows\SYSTEM32\dhcpcsvc.DLL
0x00007ffa56b50000 - 0x00007ffa56c48000 	C:\windows\SYSTEM32\DNSAPI.dll
0x00007ffa52a90000 - 0x00007ffa52a99000 	C:\Program Files\Java\jdk-11\bin\management.dll
0x00007ffa52210000 - 0x00007ffa5221b000 	C:\Program Files\Java\jdk-11\bin\management_ext.dll
0x00007ffa50060000 - 0x00007ffa50077000 	C:\windows\system32\napinsp.dll
0x00007ffa500e0000 - 0x00007ffa500fb000 	C:\windows\system32\pnrpnsp.dll
0x00007ffa55010000 - 0x00007ffa55021000 	C:\windows\System32\winrnr.dll
0x00007ffa52110000 - 0x00007ffa52125000 	C:\windows\system32\wshbth.dll
0x00007ff9eefc0000 - 0x00007ff9eefe7000 	C:\windows\system32\nlansp_c.dll
0x00007ffa52c10000 - 0x00007ffa52c1a000 	C:\Windows\System32\rasadhlp.dll
0x00007ffa52450000 - 0x00007ffa524d3000 	C:\windows\System32\fwpuclnt.dll
0x00007ffa500d0000 - 0x00007ffa500dd000 	C:\Program Files\Java\jdk-11\bin\sunmscapi.dll
0x00007ffa586d0000 - 0x00007ffa58837000 	C:\windows\System32\CRYPT32.dll
0x00007ffa579f0000 - 0x00007ffa57a1e000 	C:\windows\SYSTEM32\ncrypt.dll
0x00007ffa579b0000 - 0x00007ffa579e7000 	C:\windows\SYSTEM32\NTASN1.dll
0x00007ffa35720000 - 0x00007ffa35747000 	C:\Program Files\Java\jdk-11\bin\sunec.dll
0x00007ffa04c00000 - 0x00007ffa04d82000 	C:\Program Files\Java\jdk-11\bin\awt.dll
0x00007ffa52130000 - 0x00007ffa521c7000 	C:\windows\SYSTEM32\apphelp.dll
0x00007ffa1d900000 - 0x00007ffa1d986000 	C:\Program Files\Java\jdk-11\bin\freetype.dll
0x00007ffa16260000 - 0x00007ffa16325000 	C:\Program Files\Java\jdk-11\bin\fontmanager.dll

dbghelp: loaded successfully - version: 4.0.5 - missing functions: none
symbol engine: initialized successfully - sym options: 0x614 - pdb path: .;C:\Program Files\Java\jdk-11\bin;C:\windows\SYSTEM32;C:\windows\WinSxS\amd64_microsoft.windows.common-controls_6595b64144ccf1df_6.0.22621.3672_none_2713b9d173822955;C:\Program Files\Java\jdk-11\bin\server;C:\Program Files\JetBrains\IntelliJ IDEA Community Edition 2024.1.1\bin

VM Arguments:
jvm_args: -ea -Didea.test.cyclic.buffer.size=1048576 -javaagent:C:\Program Files\JetBrains\IntelliJ IDEA Community Edition 2024.1.1\lib\idea_rt.jar=55332:C:\Program Files\JetBrains\IntelliJ IDEA Community Edition 2024.1.1\bin -Dfile.encoding=UTF-8 
java_command: com.intellij.rt.testng.RemoteTestNGStarter -usedefaultlisteners false -socket55331 @w@C:\Users\hp\AppData\Local\Temp\idea_working_dirs_testng.tmp -temp C:\Users\hp\AppData\Local\Temp\idea_testng.tmp
java_class_path (initial): C:\Program Files\JetBrains\IntelliJ IDEA Community Edition 2024.1.1\lib\idea_rt.jar;C:\Program Files\JetBrains\IntelliJ IDEA Community Edition 2024.1.1\plugins\testng\lib\testng-rt.jar;D:\Intellij Files\Selenium_Challenge\target\test-classes;D:\Intellij Files\Selenium_Challenge\target\classes;C:\Users\hp\.m2\repository\org\seleniumhq\selenium\selenium-java\4.18.1\selenium-java-4.18.1.jar;C:\Users\hp\.m2\repository\org\seleniumhq\selenium\selenium-api\4.18.1\selenium-api-4.18.1.jar;C:\Users\hp\.m2\repository\org\seleniumhq\selenium\selenium-chrome-driver\4.18.1\selenium-chrome-driver-4.18.1.jar;C:\Users\hp\.m2\repository\com\google\auto\service\auto-service-annotations\1.1.1\auto-service-annotations-1.1.1.jar;C:\Users\hp\.m2\repository\org\seleniumhq\selenium\selenium-chromium-driver\4.18.1\selenium-chromium-driver-4.18.1.jar;C:\Users\hp\.m2\repository\org\seleniumhq\selenium\selenium-json\4.18.1\selenium-json-4.18.1.jar;C:\Users\hp\.m2\repository\org\seleniumhq\selenium\selenium-manager\4.18.1\selenium-manager-4.18.1.jar;C:\Users\hp\.m2\repository\org\seleniumhq\selenium\selenium-devtools-v120\4.18.1\selenium-devtools-v120-4.18.1.jar;C:\Users\hp\.m2\repository\org\seleniumhq\selenium\selenium-devtools-v121\4.18.1\selenium-devtools-v121-4.18.1.jar;C:\Users\hp\.m2\repository\org\seleniumhq\selenium\selenium-devtools-v122\4.18.1\selenium-devtools-v122-4.18.1.jar;C:\Users\hp\.m2\repository\org\seleniumhq\selenium\selenium-devtools-v85\4.18.1\selenium-devtools-v85-4.18.1.jar;C:\Users\hp\.m2\repository\org\seleniumhq\selenium\selenium-edge-driver\4.18.1\selenium-edge-driver-4.18.1.jar;C:\Users\hp\.m2\repository\org\seleniumhq\selenium\selenium-firefox-driver\4.18.1\selenium-firefox-driver-4.18.1.jar;C:\Users\hp\.m2\repository\org\seleniumhq\selenium\selenium-http\4.18.1\selenium-http-4.18.1.jar;C:\Users\hp\.m2\repository\dev\failsafe\failsafe\3.3.2\failsafe-3.3.2.jar;C:\Users\hp\.m2\repository\org\seleniumhq\selenium\selenium-ie-driver\4.18.1\
Launcher Type: SUN_STANDARD

[Global flags]
     intx CICompilerCount                          = 4                                         {product} {ergonomic}
     uint ConcGCThreads                            = 3                                         {product} {ergonomic}
     uint G1ConcRefinementThreads                  = 10                                        {product} {ergonomic}
   size_t G1HeapRegionSize                         = 1048576                                   {product} {ergonomic}
    uintx GCDrainStackTargetSize                   = 64                                        {product} {ergonomic}
   size_t InitialHeapSize                          = 123731968                                 {product} {ergonomic}
   size_t MarkStackSize                            = 4194304                                   {product} {ergonomic}
   size_t MaxHeapSize                              = 1973420032                                {product} {ergonomic}
   size_t MaxNewSize                               = 1183842304                                {product} {ergonomic}
   size_t MinHeapDeltaBytes                        = 1048576                                   {product} {ergonomic}
    uintx NonNMethodCodeHeapSize                   = 5836300                                {pd product} {ergonomic}
    uintx NonProfiledCodeHeapSize                  = 122910970                              {pd product} {ergonomic}
    uintx ProfiledCodeHeapSize                     = 122910970                              {pd product} {ergonomic}
    uintx ReservedCodeCacheSize                    = 251658240                              {pd product} {ergonomic}
     bool SegmentedCodeCache                       = true                                      {product} {ergonomic}
     bool UseCompressedClassPointers               = true                                 {lp64_product} {ergonomic}
     bool UseCompressedOops                        = true                                 {lp64_product} {ergonomic}
     bool UseG1GC                                  = true                                      {product} {ergonomic}
     bool UseLargePagesIndividualAllocation        = false                                  {pd product} {ergonomic}

Logging:
Log output configuration:
 #0: stdout all=warning uptime,level,tags
 #1: stderr all=off uptime,level,tags

Environment Variables:
JAVA_HOME=C:\Program Files\Java\jdk-11
PATH=C:\Python312\Scripts\;C:\Python312\;C:\Program Files\Common Files\Oracle\Java\javapath;C:\Program Files (x86)\Common Files\Oracle\Java\javapath;C:\windows\system32;C:\windows;C:\windows\System32\Wbem;C:\windows\System32\WindowsPowerShell\v1.0\;C:\windows\System32\OpenSSH\;C:\Program Files\apache-maven-3.6.1\bin;E:\F\apache-jmeter-5.5\apache-jmeter-5.5\bin;C:\Program Files\Java\jdk-11\bin;C:\Program Files\Java\jdk1.8.0_111\bin;C:\Users\hp\AppData\Local\Android\Sdk;C:\Users\hp\AppData\Local\Android\Sdk\tools\bin;C:\Users\hp\AppData\Local\Android\Sdk\tools;C:\Users\hp\AppData\Local\Android\Sdk\platform-tools;C:\Users\hp\AppData\Local\Android\Sdk\build-tools\30.0.3;C:\ProgramData\chocolatey\bin;C:\Program Files\nodejs;C:\Program Files\nodejs\node_modules\npm\bin;C:\Users\hp\AppData\Roaming\npm;D:\VS Code Files\First Project\node_modules\.bin;C:\Program Files\Git\cmd;C:\Program Files\dotnet\;C:\Users\hp\AppData\Local\Microsoft\WindowsApps;;C:\Program Files\JetBrains\IntelliJ IDEA Community Edition 2021.3.1\bin;;C:\Users\hp\AppData\Local\Programs\Microsoft VS Code\bin
USERNAME=hp
OS=Windows_NT
PROCESSOR_IDENTIFIER=AMD64 Family 25 Model 80 Stepping 0, AuthenticAMD



---------------  S Y S T E M  ---------------

OS: Windows 11 , 64 bit Build 22621 (10.0.22621.3672)
Hyper-V role detected

CPU:total 12 (initial active 12) (12 cores per cpu, 2 threads per core) family 25 model 80 stepping 0 microcode 0x0, cmov, cx8, fxsr, mmx, sse, sse2, sse3, ssse3, sse4.1, sse4.2, popcnt, avx, avx2, aes, clmul, erms, mmxext, 3dnowpref, lzcnt, sse4a, ht, tsc, tscinvbit, tscinv, bmi1, bmi2,

Memory: 4k page, system-wide physical 7520M (561M free)
TotalPageFile size 31072M (AvailPageFile size 28M)
current process WorkingSet (physical memory assigned to process): 205M, peak: 205M
current process commit charge ("private bytes"): 287M, peak: 312M

vm_info: Java HotSpot(TM) 64-Bit Server VM (11.0.18+9-LTS-195) for windows-amd64 JRE (11.0.18+9-LTS-195), built on Dec  6 2022 15:50:58 by "mach5one" with MS VC++ 17.1 (VS2022)

END.
