#
# There is insufficient memory for the Java Runtime Environment to continue.
# Native memory allocation (malloc) failed to allocate 32744 bytes for ChunkPool::allocate
# Possible reasons:
#   The system is out of physical RAM or swap space
#   The process is running with CompressedOops enabled, and the Java Heap may be blocking the growth of the native heap
# Possible solutions:
#   Reduce memory load on the system
#   Increase physical memory or swap space
#   Check if swap backing store is full
#   Decrease Java heap size (-Xmx/-Xms)
#   Decrease number of Java threads
#   Decrease Java thread stack sizes (-Xss)
#   Set larger code cache with -XX:ReservedCodeCacheSize=
#   JVM is running with Unscaled Compressed Oops mode in which the Java heap is
#     placed in the first 4GB address space. The Java Heap base address is the
#     maximum limit for the native heap growth. Please use -XX:HeapBaseMinAddress
#     to set the Java Heap base and to place the Java Heap above 4GB virtual address.
# This output file may be truncated or incomplete.
#
#  Out of Memory Error (./open/src/hotspot/share/memory/arena.cpp:81), pid=16916, tid=20644
#
# JRE version: Java(TM) SE Runtime Environment 18.9 (11.0.18+9) (build 11.0.18+9-LTS-195)
# Java VM: Java HotSpot(TM) 64-Bit Server VM 18.9 (11.0.18+9-LTS-195, mixed mode, tiered, compressed oops, g1 gc, windows-amd64)
# No core dump will be written. Minidumps are not enabled by default on client versions of Windows
#

---------------  S U M M A R Y ------------

Command Line: -ea -Didea.test.cyclic.buffer.size=1048576 -javaagent:C:\Program Files\JetBrains\IntelliJ IDEA Community Edition 2024.1.1\lib\idea_rt.jar=55210:C:\Program Files\JetBrains\IntelliJ IDEA Community Edition 2024.1.1\bin -Dfile.encoding=UTF-8 com.intellij.rt.testng.RemoteTestNGStarter -usedefaultlisteners false -socket55209 @w@C:\Users\hp\AppData\Local\Temp\idea_working_dirs_testng.tmp -temp C:\Users\hp\AppData\Local\Temp\idea_testng.tmp

Host: AMD Ryzen 5 5625U with Radeon Graphics         , 12 cores, 7G,  Windows 11 , 64 bit Build 22621 (10.0.22621.3672)
Time: Sun Jun 23 20:45:46 2024 Bangladesh Standard Time elapsed time: 6.731420 seconds (0d 0h 0m 6s)

---------------  T H R E A D  ---------------

Current thread (0x000001a2240ad800):  JavaThread "C1 CompilerThread0" daemon [_thread_in_native, id=20644, stack(0x0000005c4e700000,0x0000005c4e800000)]


Current CompileTask:
C1:   6731 3632       3       org.apache.xmlbeans.impl.store.Saver$TextSaver::preEmit (672 bytes)

Stack: [0x0000005c4e700000,0x0000005c4e800000]
Native frames: (J=compiled Java code, j=interpreted, Vv=VM code, C=native code)
V  [jvm.dll+0x65d8aa]
V  [jvm.dll+0x79fc1f]
V  [jvm.dll+0x7a12e9]
V  [jvm.dll+0x7a1983]
V  [jvm.dll+0x2585b5]
V  [jvm.dll+0xb2abf]
V  [jvm.dll+0xb2e0c]
V  [jvm.dll+0x64af1c]
V  [jvm.dll+0x14104c]
V  [jvm.dll+0x147177]
V  [jvm.dll+0x147654]
V  [jvm.dll+0x147937]
V  [jvm.dll+0x14776b]
V  [jvm.dll+0x12a263]
V  [jvm.dll+0x129d8a]
V  [jvm.dll+0x129f72]
V  [jvm.dll+0x1292c9]
V  [jvm.dll+0x12b118]
V  [jvm.dll+0x220609]
V  [jvm.dll+0x21e92c]
V  [jvm.dll+0x763f61]
V  [jvm.dll+0x75c924]
V  [jvm.dll+0x65c755]
C  [ucrtbase.dll+0x29333]
C  [KERNEL32.DLL+0x1257d]
C  [ntdll.dll+0x5af28]


---------------  P R O C E S S  ---------------

Threads class SMR info:
_java_thread_list=0x000001a228be4cf0, length=29, elements={
0x000001a2058b1800, 0x000001a223743800, 0x000001a22374c800, 0x000001a223759000,
0x000001a22375a000, 0x000001a22375b800, 0x000001a22375e800, 0x000001a2240ad800,
0x000001a2240ae800, 0x000001a224228800, 0x000001a224352000, 0x000001a225593800,
0x000001a225708000, 0x000001a225c04000, 0x000001a226ce5000, 0x000001a226e86000,
0x000001a226e87800, 0x000001a226e88800, 0x000001a225be4000, 0x000001a225be6800,
0x000001a225be3000, 0x000001a225be0800, 0x000001a225be4800, 0x000001a225be5800,
0x000001a225be2000, 0x000001a225be7000, 0x000001a225be1800, 0x000001a227b3e000,
0x000001a225b74000
}

Java Threads: ( => current thread )
  0x000001a2058b1800 JavaThread "main" [_thread_blocked, id=14400, stack(0x0000005c4da00000,0x0000005c4db00000)]
  0x000001a223743800 JavaThread "Reference Handler" daemon [_thread_blocked, id=7268, stack(0x0000005c4e100000,0x0000005c4e200000)]
  0x000001a22374c800 JavaThread "Finalizer" daemon [_thread_blocked, id=19068, stack(0x0000005c4e200000,0x0000005c4e300000)]
  0x000001a223759000 JavaThread "Signal Dispatcher" daemon [_thread_blocked, id=16844, stack(0x0000005c4e300000,0x0000005c4e400000)]
  0x000001a22375a000 JavaThread "Attach Listener" daemon [_thread_blocked, id=8556, stack(0x0000005c4e400000,0x0000005c4e500000)]
  0x000001a22375b800 JavaThread "Service Thread" daemon [_thread_blocked, id=21336, stack(0x0000005c4e500000,0x0000005c4e600000)]
  0x000001a22375e800 JavaThread "C2 CompilerThread0" daemon [_thread_blocked, id=19580, stack(0x0000005c4e600000,0x0000005c4e700000)]
=>0x000001a2240ad800 JavaThread "C1 CompilerThread0" daemon [_thread_in_native, id=20644, stack(0x0000005c4e700000,0x0000005c4e800000)]
  0x000001a2240ae800 JavaThread "Sweeper thread" daemon [_thread_blocked, id=12276, stack(0x0000005c4e800000,0x0000005c4e900000)]
  0x000001a224228800 JavaThread "Common-Cleaner" daemon [_thread_blocked, id=6804, stack(0x0000005c4e900000,0x0000005c4ea00000)]
  0x000001a224352000 JavaThread "Monitor Ctrl-Break" daemon [_thread_in_native, id=20472, stack(0x0000005c4eb00000,0x0000005c4ec00000)]
  0x000001a225593800 JavaThread "ForkJoinPool.commonPool-worker-19" daemon [_thread_blocked, id=2268, stack(0x0000005c4f100000,0x0000005c4f200000)]
  0x000001a225708000 JavaThread "ForkJoinPool.commonPool-worker-5" daemon [_thread_blocked, id=19028, stack(0x0000005c4f200000,0x0000005c4f300000)]
  0x000001a225c04000 JavaThread "ForkJoinPool.commonPool-worker-23" daemon [_thread_blocked, id=16240, stack(0x0000005c4f300000,0x0000005c4f400000)]
  0x000001a226ce5000 JavaThread "HttpClient-1-SelectorManager" daemon [_thread_in_native, id=1308, stack(0x0000005c4f400000,0x0000005c4f500000)]
  0x000001a226e86000 JavaThread "External Process Output Forwarder - C:\Users\hp\.cache\selenium\chromedriver\win64\126.0.6478.63\chromedriver.exe" daemon [_thread_in_native, id=20332, stack(0x0000005c4f500000,0x0000005c4f600000)]
  0x000001a226e87800 JavaThread "Driver Service Executor" daemon [_thread_blocked, id=18516, stack(0x0000005c4f600000,0x0000005c4f700000)]
  0x000001a226e88800 JavaThread "Driver Service Executor" daemon [_thread_in_native, id=6988, stack(0x0000005c4f700000,0x0000005c4f800000)]
  0x000001a225be4000 JavaThread "UrlChecker-2" daemon [_thread_blocked, id=6992, stack(0x0000005c4f800000,0x0000005c4f900000)]
  0x000001a225be6800 JavaThread "Keep-Alive-Timer" daemon [_thread_blocked, id=2148, stack(0x0000005c4fa00000,0x0000005c4fb00000)]
  0x000001a225be3000 JavaThread "pool-2-thread-1" [_thread_blocked, id=14704, stack(0x0000005c4ed00000,0x0000005c4ee00000)]
  0x000001a225be0800 JavaThread "pool-2-thread-2" [_thread_blocked, id=1564, stack(0x0000005c4fd00000,0x0000005c4fe00000)]
  0x000001a225be4800 JavaThread "pool-2-thread-3" [_thread_blocked, id=7508, stack(0x0000005c4fe00000,0x0000005c4ff00000)]
  0x000001a225be5800 JavaThread "HttpClient-2-SelectorManager" daemon [_thread_in_native, id=16976, stack(0x0000005c4ea00000,0x0000005c4eb00000)]
  0x000001a225be2000 JavaThread "pool-3-thread-1" [_thread_blocked, id=11112, stack(0x0000005c4ff00000,0x0000005c50000000)]
  0x000001a225be7000 JavaThread "pool-3-thread-2" [_thread_blocked, id=21408, stack(0x0000005c50000000,0x0000005c50100000)]
  0x000001a225be1800 JavaThread "pool-3-thread-3" [_thread_blocked, id=13992, stack(0x0000005c50100000,0x0000005c50200000)]
  0x000001a227b3e000 JavaThread "C2 CompilerThread1" daemon [_thread_in_native, id=22392, stack(0x0000005c50200000,0x0000005c50300000)]
  0x000001a225b74000 JavaThread "Java2D Disposer" daemon [_thread_blocked, id=20228, stack(0x0000005c50300000,0x0000005c50400000)]

Other Threads:
  0x000001a223721000 VMThread "VM Thread" [stack: 0x0000005c4e000000,0x0000005c4e100000] [id=520]
  0x000001a224370800 WatcherThread [stack: 0x0000005c4ec00000,0x0000005c4ed00000] [id=18360]
  0x000001a2058c5800 GCTaskThread "GC Thread#0" [stack: 0x0000005c4db00000,0x0000005c4dc00000] [id=21324]
  0x000001a22494a000 GCTaskThread "GC Thread#1" [stack: 0x0000005c4ee00000,0x0000005c4ef00000] [id=860]
  0x000001a225be9000 GCTaskThread "GC Thread#2" [stack: 0x0000005c4fb00000,0x0000005c4fc00000] [id=15328]
  0x000001a225be9800 GCTaskThread "GC Thread#3" [stack: 0x0000005c4fc00000,0x0000005c4fd00000] [id=17612]
  0x000001a2058f4000 ConcurrentGCThread "G1 Main Marker" [stack: 0x0000005c4dc00000,0x0000005c4dd00000] [id=13504]
  0x000001a2058f5800 ConcurrentGCThread "G1 Conc#0" [stack: 0x0000005c4dd00000,0x0000005c4de00000] [id=10948]
  0x000001a224b21800 ConcurrentGCThread "G1 Conc#1" [stack: 0x0000005c4ef00000,0x0000005c4f000000] [id=20396]
  0x000001a225290800 ConcurrentGCThread "G1 Conc#2" [stack: 0x0000005c4f000000,0x0000005c4f100000] [id=1416]
  0x000001a20596d800 ConcurrentGCThread "G1 Refine#0" [stack: 0x0000005c4de00000,0x0000005c4df00000] [id=9372]
  0x000001a20596e800 ConcurrentGCThread "G1 Young RemSet Sampling" [stack: 0x0000005c4df00000,0x0000005c4e000000] [id=15184]

Threads with active compile tasks:
C1 CompilerThread0     6756 3632       3       org.apache.xmlbeans.impl.store.Saver$TextSaver::preEmit (672 bytes)
C2 CompilerThread1     6756 3612       4       jdk.internal.module.SystemModuleFinders$SystemModuleReader::findImageLocation (42 bytes)

VM state:at safepoint (normal execution)

VM Mutex/Monitor currently owned by a thread:  ([mutex/lock_event])
[0x000001a2058ae480] Threads_lock - owner thread: 0x000001a223721000
[0x000001a2058ae990] Heap_lock - owner thread: 0x000001a2058b1800

Heap address: 0x000000008a600000, size: 1882 MB, Compressed Oops mode: 32-bit
Narrow klass base: 0x0000000000000000, Narrow klass shift: 3
Compressed class space size: 1073741824 Address: 0x0000000100000000

Heap:
 garbage-first heap   total 120832K, used 68661K [0x000000008a600000, 0x0000000100000000)
  region size 1024K, 57 young (58368K), 7 survivors (7168K)
 Metaspace       used 43137K, capacity 44538K, committed 44592K, reserved 1093632K
  class space    used 5070K, capacity 5710K, committed 5760K, reserved 1048576K
Heap Regions: E=young(eden), S=young(survivor), O=old, HS=humongous(starts), HC=humongous(continues), CS=collection set, F=free, A=archive, TAMS=top-at-mark-start (previous, next)
|   0|0x000000008a600000, 0x000000008a700000, 0x000000008a700000|100%|HS|  |TAMS 0x000000008a700000, 0x000000008a700000| Complete 
|   1|0x000000008a700000, 0x000000008a800000, 0x000000008a800000|100%| O|  |TAMS 0x000000008a800000, 0x000000008a800000| Untracked 
|   2|0x000000008a800000, 0x000000008a900000, 0x000000008a900000|100%|HS|  |TAMS 0x000000008a900000, 0x000000008a900000| Complete 
|   3|0x000000008a900000, 0x000000008aa00000, 0x000000008aa00000|100%| O|  |TAMS 0x000000008aa00000, 0x000000008aa00000| Untracked 
|   4|0x000000008aa00000, 0x000000008ab00000, 0x000000008ab00000|100%| O|  |TAMS 0x000000008ab00000, 0x000000008ab00000| Untracked 
|   5|0x000000008ab00000, 0x000000008ac00000, 0x000000008ac00000|100%| O|  |TAMS 0x000000008ac00000, 0x000000008ac00000| Untracked 
|   6|0x000000008ac00000, 0x000000008ad00000, 0x000000008ad00000|100%| O|  |TAMS 0x000000008ad00000, 0x000000008ad00000| Untracked 
|   7|0x000000008ad00000, 0x000000008ae00000, 0x000000008ae00000|100%| O|  |TAMS 0x000000008ae00000, 0x000000008ae00000| Untracked 
|   8|0x000000008ae00000, 0x000000008af00000, 0x000000008af00000|100%| O|  |TAMS 0x000000008af00000, 0x000000008af00000| Untracked 
|   9|0x000000008af00000, 0x000000008b000000, 0x000000008b000000|100%| O|  |TAMS 0x000000008b000000, 0x000000008b000000| Untracked 
|  10|0x000000008b000000, 0x000000008b100000, 0x000000008b100000|100%| O|  |TAMS 0x000000008b100000, 0x000000008b100000| Untracked 
|  11|0x000000008b100000, 0x000000008b200000, 0x000000008b200000|100%| O|  |TAMS 0x000000008b115600, 0x000000008b200000| Untracked 
|  12|0x000000008b200000, 0x000000008b300000, 0x000000008b300000|100%| O|  |TAMS 0x000000008b200000, 0x000000008b300000| Untracked 
|  13|0x000000008b300000, 0x000000008b3c6a18, 0x000000008b400000| 77%| O|  |TAMS 0x000000008b300000, 0x000000008b400000| Untracked 
|  14|0x000000008b400000, 0x000000008b400000, 0x000000008b500000|  0%| F|  |TAMS 0x000000008b400000, 0x000000008b400000| Untracked 
|  15|0x000000008b500000, 0x000000008b500000, 0x000000008b600000|  0%| F|  |TAMS 0x000000008b500000, 0x000000008b500000| Untracked 
|  16|0x000000008b600000, 0x000000008b600000, 0x000000008b700000|  0%| F|  |TAMS 0x000000008b600000, 0x000000008b600000| Untracked 
|  17|0x000000008b700000, 0x000000008b700000, 0x000000008b800000|  0%| F|  |TAMS 0x000000008b700000, 0x000000008b700000| Untracked 
|  18|0x000000008b800000, 0x000000008b800000, 0x000000008b900000|  0%| F|  |TAMS 0x000000008b800000, 0x000000008b800000| Untracked 
|  19|0x000000008b900000, 0x000000008b900000, 0x000000008ba00000|  0%| F|  |TAMS 0x000000008b900000, 0x000000008b900000| Untracked 
|  20|0x000000008ba00000, 0x000000008ba00000, 0x000000008bb00000|  0%| F|  |TAMS 0x000000008ba00000, 0x000000008ba00000| Untracked 
|  21|0x000000008bb00000, 0x000000008bb00000, 0x000000008bc00000|  0%| F|  |TAMS 0x000000008bb00000, 0x000000008bb00000| Untracked 
|  22|0x000000008bc00000, 0x000000008bc00000, 0x000000008bd00000|  0%| F|  |TAMS 0x000000008bc00000, 0x000000008bc00000| Untracked 
|  23|0x000000008bd00000, 0x000000008bd00000, 0x000000008be00000|  0%| F|  |TAMS 0x000000008bd00000, 0x000000008bd00000| Untracked 
|  24|0x000000008be00000, 0x000000008be00000, 0x000000008bf00000|  0%| F|  |TAMS 0x000000008be00000, 0x000000008be00000| Untracked 
|  25|0x000000008bf00000, 0x000000008bf00000, 0x000000008c000000|  0%| F|  |TAMS 0x000000008bf00000, 0x000000008bf00000| Untracked 
|  26|0x000000008c000000, 0x000000008c000000, 0x000000008c100000|  0%| F|  |TAMS 0x000000008c000000, 0x000000008c000000| Untracked 
|  27|0x000000008c100000, 0x000000008c100000, 0x000000008c200000|  0%| F|  |TAMS 0x000000008c100000, 0x000000008c100000| Untracked 
|  28|0x000000008c200000, 0x000000008c200000, 0x000000008c300000|  0%| F|  |TAMS 0x000000008c200000, 0x000000008c200000| Untracked 
|  29|0x000000008c300000, 0x000000008c300000, 0x000000008c400000|  0%| F|  |TAMS 0x000000008c300000, 0x000000008c300000| Untracked 
|  30|0x000000008c400000, 0x000000008c400000, 0x000000008c500000|  0%| F|  |TAMS 0x000000008c400000, 0x000000008c400000| Untracked 
|  31|0x000000008c500000, 0x000000008c500000, 0x000000008c600000|  0%| F|  |TAMS 0x000000008c500000, 0x000000008c500000| Untracked 
|  32|0x000000008c600000, 0x000000008c600000, 0x000000008c700000|  0%| F|  |TAMS 0x000000008c600000, 0x000000008c600000| Untracked 
|  33|0x000000008c700000, 0x000000008c700000, 0x000000008c800000|  0%| F|  |TAMS 0x000000008c700000, 0x000000008c700000| Untracked 
|  34|0x000000008c800000, 0x000000008c800000, 0x000000008c900000|  0%| F|  |TAMS 0x000000008c800000, 0x000000008c800000| Untracked 
|  35|0x000000008c900000, 0x000000008c900000, 0x000000008ca00000|  0%| F|  |TAMS 0x000000008c900000, 0x000000008c900000| Untracked 
|  36|0x000000008ca00000, 0x000000008ca00000, 0x000000008cb00000|  0%| F|  |TAMS 0x000000008ca00000, 0x000000008ca00000| Untracked 
|  37|0x000000008cb00000, 0x000000008cb00000, 0x000000008cc00000|  0%| F|  |TAMS 0x000000008cb00000, 0x000000008cb00000| Untracked 
|  38|0x000000008cc00000, 0x000000008cc00000, 0x000000008cd00000|  0%| F|  |TAMS 0x000000008cc00000, 0x000000008cc00000| Untracked 
|  39|0x000000008cd00000, 0x000000008cd00000, 0x000000008ce00000|  0%| F|  |TAMS 0x000000008cd00000, 0x000000008cd00000| Untracked 
|  40|0x000000008ce00000, 0x000000008ce00000, 0x000000008cf00000|  0%| F|  |TAMS 0x000000008ce00000, 0x000000008ce00000| Untracked 
|  41|0x000000008cf00000, 0x000000008cf00000, 0x000000008d000000|  0%| F|  |TAMS 0x000000008cf00000, 0x000000008cf00000| Untracked 
|  42|0x000000008d000000, 0x000000008d000000, 0x000000008d100000|  0%| F|  |TAMS 0x000000008d000000, 0x000000008d000000| Untracked 
|  43|0x000000008d100000, 0x000000008d100000, 0x000000008d200000|  0%| F|  |TAMS 0x000000008d100000, 0x000000008d100000| Untracked 
|  44|0x000000008d200000, 0x000000008d200000, 0x000000008d300000|  0%| F|  |TAMS 0x000000008d200000, 0x000000008d200000| Untracked 
|  45|0x000000008d300000, 0x000000008d300000, 0x000000008d400000|  0%| F|  |TAMS 0x000000008d300000, 0x000000008d300000| Untracked 
|  46|0x000000008d400000, 0x000000008d400000, 0x000000008d500000|  0%| F|  |TAMS 0x000000008d400000, 0x000000008d400000| Untracked 
|  47|0x000000008d500000, 0x000000008d500000, 0x000000008d600000|  0%| F|  |TAMS 0x000000008d500000, 0x000000008d500000| Untracked 
|  48|0x000000008d600000, 0x000000008d600000, 0x000000008d700000|  0%| F|  |TAMS 0x000000008d600000, 0x000000008d600000| Untracked 
|  49|0x000000008d700000, 0x000000008d700000, 0x000000008d800000|  0%| F|  |TAMS 0x000000008d700000, 0x000000008d700000| Untracked 
|  50|0x000000008d800000, 0x000000008d800000, 0x000000008d900000|  0%| F|  |TAMS 0x000000008d800000, 0x000000008d800000| Untracked 
|  51|0x000000008d900000, 0x000000008d900000, 0x000000008da00000|  0%| F|  |TAMS 0x000000008d900000, 0x000000008d900000| Untracked 
|  52|0x000000008da00000, 0x000000008da00000, 0x000000008db00000|  0%| F|  |TAMS 0x000000008da00000, 0x000000008da00000| Untracked 
|  53|0x000000008db00000, 0x000000008db00000, 0x000000008dc00000|  0%| F|  |TAMS 0x000000008db00000, 0x000000008db00000| Untracked 
|  54|0x000000008dc00000, 0x000000008dc93b30, 0x000000008dd00000| 57%| S|CS|TAMS 0x000000008dc00000, 0x000000008dc00000| Complete 
|  55|0x000000008dd00000, 0x000000008de00000, 0x000000008de00000|100%| S|CS|TAMS 0x000000008dd00000, 0x000000008dd00000| Complete 
|  56|0x000000008de00000, 0x000000008df00000, 0x000000008df00000|100%| S|CS|TAMS 0x000000008de00000, 0x000000008de00000| Complete 
|  57|0x000000008df00000, 0x000000008e000000, 0x000000008e000000|100%| S|CS|TAMS 0x000000008df00000, 0x000000008df00000| Complete 
|  58|0x000000008e000000, 0x000000008e100000, 0x000000008e100000|100%| S|CS|TAMS 0x000000008e000000, 0x000000008e000000| Complete 
|  59|0x000000008e100000, 0x000000008e200000, 0x000000008e200000|100%| S|CS|TAMS 0x000000008e100000, 0x000000008e100000| Complete 
|  60|0x000000008e200000, 0x000000008e300000, 0x000000008e300000|100%| S|CS|TAMS 0x000000008e200000, 0x000000008e200000| Complete 
|  61|0x000000008e300000, 0x000000008e300000, 0x000000008e400000|  0%| F|  |TAMS 0x000000008e300000, 0x000000008e300000| Untracked 
|  62|0x000000008e400000, 0x000000008e400000, 0x000000008e500000|  0%| F|  |TAMS 0x000000008e400000, 0x000000008e400000| Untracked 
|  63|0x000000008e500000, 0x000000008e500000, 0x000000008e600000|  0%| F|  |TAMS 0x000000008e500000, 0x000000008e500000| Untracked 
|  64|0x000000008e600000, 0x000000008e600000, 0x000000008e700000|  0%| F|  |TAMS 0x000000008e600000, 0x000000008e600000| Untracked 
|  65|0x000000008e700000, 0x000000008e700000, 0x000000008e800000|  0%| F|  |TAMS 0x000000008e700000, 0x000000008e700000| Untracked 
|  66|0x000000008e800000, 0x000000008e800000, 0x000000008e900000|  0%| F|  |TAMS 0x000000008e800000, 0x000000008e800000| Untracked 
|  67|0x000000008e900000, 0x000000008e900000, 0x000000008ea00000|  0%| F|  |TAMS 0x000000008e900000, 0x000000008e900000| Untracked 
|  68|0x000000008ea00000, 0x000000008ea00000, 0x000000008eb00000|  0%| F|  |TAMS 0x000000008ea00000, 0x000000008ea00000| Untracked 
|  69|0x000000008eb00000, 0x000000008eb00000, 0x000000008ec00000|  0%| F|  |TAMS 0x000000008eb00000, 0x000000008eb00000| Untracked 
|  70|0x000000008ec00000, 0x000000008ec00000, 0x000000008ed00000|  0%| F|  |TAMS 0x000000008ec00000, 0x000000008ec00000| Untracked 
|  71|0x000000008ed00000, 0x000000008ed00000, 0x000000008ee00000|  0%| F|  |TAMS 0x000000008ed00000, 0x000000008ed00000| Untracked 
|  72|0x000000008ee00000, 0x000000008ee00000, 0x000000008ef00000|  0%| F|  |TAMS 0x000000008ee00000, 0x000000008ee00000| Untracked 
|  73|0x000000008ef00000, 0x000000008ef00000, 0x000000008f000000|  0%| F|  |TAMS 0x000000008ef00000, 0x000000008ef00000| Untracked 
|  74|0x000000008f000000, 0x000000008f000000, 0x000000008f100000|  0%| F|  |TAMS 0x000000008f000000, 0x000000008f000000| Untracked 
|  75|0x000000008f100000, 0x000000008f100000, 0x000000008f200000|  0%| F|  |TAMS 0x000000008f100000, 0x000000008f100000| Untracked 
|  76|0x000000008f200000, 0x000000008f200000, 0x000000008f300000|  0%| F|  |TAMS 0x000000008f200000, 0x000000008f200000| Untracked 
|  77|0x000000008f300000, 0x000000008f300000, 0x000000008f400000|  0%| F|  |TAMS 0x000000008f300000, 0x000000008f300000| Untracked 
|  78|0x000000008f400000, 0x000000008f400000, 0x000000008f500000|  0%| F|  |TAMS 0x000000008f400000, 0x000000008f400000| Untracked 
|  79|0x000000008f500000, 0x000000008f500000, 0x000000008f600000|  0%| F|  |TAMS 0x000000008f500000, 0x000000008f500000| Untracked 
|  80|0x000000008f600000, 0x000000008f600000, 0x000000008f700000|  0%| F|  |TAMS 0x000000008f600000, 0x000000008f600000| Untracked 
|  81|0x000000008f700000, 0x000000008f700000, 0x000000008f800000|  0%| F|  |TAMS 0x000000008f700000, 0x000000008f700000| Untracked 
|  82|0x000000008f800000, 0x000000008f800000, 0x000000008f900000|  0%| F|  |TAMS 0x000000008f800000, 0x000000008f800000| Untracked 
|  83|0x000000008f900000, 0x000000008f900000, 0x000000008fa00000|  0%| F|  |TAMS 0x000000008f900000, 0x000000008f900000| Untracked 
|  84|0x000000008fa00000, 0x000000008fa00000, 0x000000008fb00000|  0%| F|  |TAMS 0x000000008fa00000, 0x000000008fa00000| Untracked 
|  85|0x000000008fb00000, 0x000000008fb00000, 0x000000008fc00000|  0%| F|  |TAMS 0x000000008fb00000, 0x000000008fb00000| Untracked 
|  86|0x000000008fc00000, 0x000000008fc00000, 0x000000008fd00000|  0%| F|  |TAMS 0x000000008fc00000, 0x000000008fc00000| Untracked 
|  87|0x000000008fd00000, 0x000000008fd00000, 0x000000008fe00000|  0%| F|  |TAMS 0x000000008fd00000, 0x000000008fd00000| Untracked 
|  88|0x000000008fe00000, 0x000000008fe00000, 0x000000008ff00000|  0%| F|  |TAMS 0x000000008fe00000, 0x000000008fe00000| Untracked 
|  89|0x000000008ff00000, 0x000000008ff00000, 0x0000000090000000|  0%| F|  |TAMS 0x000000008ff00000, 0x000000008ff00000| Untracked 
|  90|0x0000000090000000, 0x0000000090000000, 0x0000000090100000|  0%| F|  |TAMS 0x0000000090000000, 0x0000000090000000| Untracked 
|  91|0x0000000090100000, 0x0000000090100000, 0x0000000090200000|  0%| F|  |TAMS 0x0000000090100000, 0x0000000090100000| Untracked 
|  92|0x0000000090200000, 0x0000000090200000, 0x0000000090300000|  0%| F|  |TAMS 0x0000000090200000, 0x0000000090200000| Untracked 
|  93|0x0000000090300000, 0x0000000090300000, 0x0000000090400000|  0%| F|  |TAMS 0x0000000090300000, 0x0000000090300000| Untracked 
|  94|0x0000000090400000, 0x0000000090400000, 0x0000000090500000|  0%| F|  |TAMS 0x0000000090400000, 0x0000000090400000| Untracked 
|  95|0x0000000090500000, 0x0000000090500000, 0x0000000090600000|  0%| F|  |TAMS 0x0000000090500000, 0x0000000090500000| Untracked 
|  96|0x0000000090600000, 0x0000000090600000, 0x0000000090700000|  0%| F|  |TAMS 0x0000000090600000, 0x0000000090600000| Untracked 
|  97|0x0000000090700000, 0x0000000090700000, 0x0000000090800000|  0%| F|  |TAMS 0x0000000090700000, 0x0000000090700000| Untracked 
|  98|0x0000000090800000, 0x0000000090800000, 0x0000000090900000|  0%| F|  |TAMS 0x0000000090800000, 0x0000000090800000| Untracked 
|  99|0x0000000090900000, 0x0000000090900000, 0x0000000090a00000|  0%| F|  |TAMS 0x0000000090900000, 0x0000000090900000| Untracked 
| 100|0x0000000090a00000, 0x0000000090a00000, 0x0000000090b00000|  0%| F|  |TAMS 0x0000000090a00000, 0x0000000090a00000| Untracked 
| 101|0x0000000090b00000, 0x0000000090b00000, 0x0000000090c00000|  0%| F|  |TAMS 0x0000000090b00000, 0x0000000090b00000| Untracked 
| 102|0x0000000090c00000, 0x0000000090c00000, 0x0000000090d00000|  0%| F|  |TAMS 0x0000000090c00000, 0x0000000090c00000| Untracked 
| 103|0x0000000090d00000, 0x0000000090d00000, 0x0000000090e00000|  0%| F|  |TAMS 0x0000000090d00000, 0x0000000090d00000| Untracked 
| 104|0x0000000090e00000, 0x0000000090e00000, 0x0000000090f00000|  0%| F|  |TAMS 0x0000000090e00000, 0x0000000090e00000| Untracked 
| 105|0x0000000090f00000, 0x0000000090f00000, 0x0000000091000000|  0%| F|  |TAMS 0x0000000090f00000, 0x0000000090f00000| Untracked 
| 106|0x0000000091000000, 0x0000000091000000, 0x0000000091100000|  0%| F|  |TAMS 0x0000000091000000, 0x0000000091000000| Untracked 
| 107|0x0000000091100000, 0x0000000091100000, 0x0000000091200000|  0%| F|  |TAMS 0x0000000091100000, 0x0000000091100000| Untracked 
| 108|0x0000000091200000, 0x0000000091200000, 0x0000000091300000|  0%| F|  |TAMS 0x0000000091200000, 0x0000000091200000| Untracked 
| 109|0x0000000091300000, 0x0000000091300000, 0x0000000091400000|  0%| F|  |TAMS 0x0000000091300000, 0x0000000091300000| Untracked 
| 110|0x0000000091400000, 0x0000000091400000, 0x0000000091500000|  0%| F|  |TAMS 0x0000000091400000, 0x0000000091400000| Untracked 
| 111|0x0000000091500000, 0x0000000091500000, 0x0000000091600000|  0%| F|  |TAMS 0x0000000091500000, 0x0000000091500000| Untracked 
| 112|0x0000000091600000, 0x0000000091600000, 0x0000000091700000|  0%| F|  |TAMS 0x0000000091600000, 0x0000000091600000| Untracked 
| 113|0x0000000091700000, 0x0000000091700000, 0x0000000091800000|  0%| F|  |TAMS 0x0000000091700000, 0x0000000091700000| Untracked 
| 114|0x0000000091800000, 0x0000000091800000, 0x0000000091900000|  0%| F|  |TAMS 0x0000000091800000, 0x0000000091800000| Untracked 
| 115|0x0000000091900000, 0x0000000091900000, 0x0000000091a00000|  0%| F|  |TAMS 0x0000000091900000, 0x0000000091900000| Untracked 
| 116|0x0000000091a00000, 0x0000000091a00000, 0x0000000091b00000|  0%| F|  |TAMS 0x0000000091a00000, 0x0000000091a00000| Untracked 
| 117|0x0000000091b00000, 0x0000000091b00000, 0x0000000091c00000|  0%| F|  |TAMS 0x0000000091b00000, 0x0000000091b00000| Untracked 

Card table byte_map: [0x000001a21c880000,0x000001a21cc30000] _byte_map_base: 0x000001a21c42d000

Marking Bits (Prev, Next): (CMBitMap*) 0x000001a2058ebf98, (CMBitMap*) 0x000001a2058ebfd0
 Prev Bits: [0x000001a21cfe0000, 0x000001a21ed48000)
 Next Bits: [0x000001a21ed50000, 0x000001a220ab8000)

Polling page: 0x000001a203860000

Metaspace:

Usage:
  Non-class:     37.92 MB capacity,    37.18 MB ( 98%) used,   592.15 KB (  2%) free+waste,   168.50 KB ( <1%) overhead. 
      Class:      5.58 MB capacity,     4.95 MB ( 89%) used,   553.61 KB ( 10%) free+waste,    86.12 KB (  2%) overhead. 
       Both:     43.49 MB capacity,    42.13 MB ( 97%) used,     1.12 MB (  3%) free+waste,   254.62 KB ( <1%) overhead. 

Virtual space:
  Non-class space:       44.00 MB reserved,      37.92 MB ( 86%) committed 
      Class space:        1.00 GB reserved,       5.62 MB ( <1%) committed 
             Both:        1.04 GB reserved,      43.55 MB (  4%) committed 

Chunk freelists:
   Non-Class:  512 bytes
       Class:  0 bytes
        Both:  512 bytes

CodeHeap 'non-profiled nmethods': size=120000Kb used=1766Kb max_used=1766Kb free=118233Kb
 bounds [0x000001a214a40000, 0x000001a214cb0000, 0x000001a21bf70000]
CodeHeap 'profiled nmethods': size=120000Kb used=7591Kb max_used=7591Kb free=112408Kb
 bounds [0x000001a20d510000, 0x000001a20dc80000, 0x000001a214a40000]
CodeHeap 'non-nmethods': size=5760Kb used=1278Kb max_used=1289Kb free=4481Kb
 bounds [0x000001a20cf70000, 0x000001a20d1e0000, 0x000001a20d510000]
 total_blobs=4312 nmethods=3628 adapters=595
 compilation: enabled
              stopped_count=0, restarted_count=0
 full_count=0

Compilation events (10 events):
Event: 6.728 Thread 0x000001a2240ad800 nmethod 3625 0x000001a20dc77e90 code [0x000001a20dc78040, 0x000001a20dc78328]
Event: 6.728 Thread 0x000001a2240ad800 3628       3       org.apache.xmlbeans.impl.store.Saver$DocSaveCur::kind (8 bytes)
Event: 6.728 Thread 0x000001a2240ad800 nmethod 3628 0x000001a20dc78410 code [0x000001a20dc785c0, 0x000001a20dc786e8]
Event: 6.728 Thread 0x000001a2240ad800 3626       3       org.apache.xmlbeans.impl.store.Locale::isXmlns (41 bytes)
Event: 6.728 Thread 0x000001a2240ad800 nmethod 3626 0x000001a20dc78790 code [0x000001a20dc78960, 0x000001a20dc78cf8]
Event: 6.728 Thread 0x000001a2240ad800 3627       3       org.apache.xmlbeans.impl.store.Cur::push (57 bytes)
Event: 6.729 Thread 0x000001a2240ad800 nmethod 3627 0x000001a20dc78e90 code [0x000001a20dc790a0, 0x000001a20dc795e8]
Event: 6.729 Thread 0x000001a2240ad800 3630       3       org.apache.xmlbeans.impl.store.Saver$TextSaver::getAvailable (22 bytes)
Event: 6.729 Thread 0x000001a2240ad800 nmethod 3630 0x000001a20dc79890 code [0x000001a20dc79a20, 0x000001a20dc79b98]
Event: 6.729 Thread 0x000001a2240ad800 3632       3       org.apache.xmlbeans.impl.store.Saver$TextSaver::preEmit (672 bytes)

GC Heap History (8 events):
Event: 0.797 GC heap before
{Heap before GC invocations=0 (full 0):
 garbage-first heap   total 120832K, used 26624K [0x000000008a600000, 0x0000000100000000)
  region size 1024K, 24 young (24576K), 0 survivors (0K)
 Metaspace       used 12223K, capacity 12482K, committed 12672K, reserved 1060864K
  class space    used 1207K, capacity 1314K, committed 1408K, reserved 1048576K
}
Event: 0.806 GC heap after
{Heap after GC invocations=1 (full 0):
 garbage-first heap   total 120832K, used 8631K [0x000000008a600000, 0x0000000100000000)
  region size 1024K, 3 young (3072K), 3 survivors (3072K)
 Metaspace       used 12223K, capacity 12482K, committed 12672K, reserved 1060864K
  class space    used 1207K, capacity 1314K, committed 1408K, reserved 1048576K
}
Event: 1.432 GC heap before
{Heap before GC invocations=1 (full 0):
 garbage-first heap   total 120832K, used 52663K [0x000000008a600000, 0x0000000100000000)
  region size 1024K, 47 young (48128K), 3 survivors (3072K)
 Metaspace       used 20679K, capacity 21182K, committed 21296K, reserved 1069056K
  class space    used 2252K, capacity 2432K, committed 2432K, reserved 1048576K
}
Event: 1.439 GC heap after
{Heap after GC invocations=2 (full 0):
 garbage-first heap   total 120832K, used 11572K [0x000000008a600000, 0x0000000100000000)
  region size 1024K, 6 young (6144K), 6 survivors (6144K)
 Metaspace       used 20679K, capacity 21182K, committed 21296K, reserved 1069056K
  class space    used 2252K, capacity 2432K, committed 2432K, reserved 1048576K
}
Event: 1.945 GC heap before
{Heap before GC invocations=3 (full 0):
 garbage-first heap   total 120832K, used 56628K [0x000000008a600000, 0x0000000100000000)
  region size 1024K, 50 young (51200K), 6 survivors (6144K)
 Metaspace       used 27551K, capacity 28352K, committed 28592K, reserved 1075200K
  class space    used 3181K, capacity 3536K, committed 3584K, reserved 1048576K
}
Event: 1.953 GC heap after
{Heap after GC invocations=4 (full 0):
 garbage-first heap   total 120832K, used 14305K [0x000000008a600000, 0x0000000100000000)
  region size 1024K, 6 young (6144K), 6 survivors (6144K)
 Metaspace       used 27551K, capacity 28352K, committed 28592K, reserved 1075200K
  class space    used 3181K, capacity 3536K, committed 3584K, reserved 1048576K
}
Event: 2.446 GC heap before
{Heap before GC invocations=4 (full 0):
 garbage-first heap   total 120832K, used 48097K [0x000000008a600000, 0x0000000100000000)
  region size 1024K, 40 young (40960K), 6 survivors (6144K)
 Metaspace       used 34556K, capacity 35617K, committed 35708K, reserved 1081344K
  class space    used 4089K, capacity 4567K, committed 4608K, reserved 1048576K
}
Event: 2.454 GC heap after
{Heap after GC invocations=5 (full 0):
 garbage-first heap   total 120832K, used 17970K [0x000000008a600000, 0x0000000100000000)
  region size 1024K, 7 young (7168K), 7 survivors (7168K)
 Metaspace       used 34556K, capacity 35617K, committed 35708K, reserved 1081344K
  class space    used 4089K, capacity 4567K, committed 4608K, reserved 1048576K
}

Deoptimization events (10 events):
Event: 3.162 Thread 0x000001a2058b1800 Uncommon trap: reason=class_check action=maybe_recompile pc=0x000001a214b9f2c0 method=org.openqa.selenium.json.Input.fill()Z @ 85 c2
Event: 3.173 Thread 0x000001a2058b1800 Uncommon trap: reason=class_check action=maybe_recompile pc=0x000001a214b9f2c0 method=org.openqa.selenium.json.Input.fill()Z @ 85 c2
Event: 4.754 Thread 0x000001a2058b1800 Uncommon trap: reason=unstable_if action=reinterpret pc=0x000001a214a5be60 method=java.lang.StringCoding.hasNegatives([BII)Z @ 12 c2
Event: 4.935 Thread 0x000001a2058b1800 Uncommon trap: reason=unstable_if action=reinterpret pc=0x000001a214b325a0 method=java.lang.String.indexOf([BBILjava/lang/String;I)I @ 21 c2
Event: 6.275 Thread 0x000001a2058b1800 Uncommon trap: reason=unstable_if action=reinterpret pc=0x000001a214b24604 method=java.lang.invoke.InvokerBytecodeGenerator.loadInsnOpcode(Ljava/lang/invoke/LambdaForm$BasicType;)I @ 8 c2
Event: 6.275 Thread 0x000001a2058b1800 Uncommon trap: reason=unstable_if action=reinterpret pc=0x000001a214b220b8 method=java.lang.invoke.InvokerBytecodeGenerator.loadInsnOpcode(Ljava/lang/invoke/LambdaForm$BasicType;)I @ 8 c2
Event: 6.338 Thread 0x000001a2058b1800 Uncommon trap: reason=profile_predicate action=maybe_recompile pc=0x000001a214bb31d0 method=java.lang.invoke.InvokerBytecodeGenerator.<init>(Ljava/lang/String;Ljava/lang/String;Ljava/lang/invoke/LambdaForm;Ljava/lang/invoke/MethodType;)V @ 33 c2
Event: 6.649 Thread 0x000001a2058b1800 Uncommon trap: reason=profile_predicate action=maybe_recompile pc=0x000001a214bb31d0 method=java.lang.invoke.InvokerBytecodeGenerator.<init>(Ljava/lang/String;Ljava/lang/String;Ljava/lang/invoke/LambdaForm;Ljava/lang/invoke/MethodType;)V @ 33 c2
Event: 6.649 Thread 0x000001a2058b1800 Uncommon trap: reason=profile_predicate action=maybe_recompile pc=0x000001a214bb31d0 method=java.lang.invoke.InvokerBytecodeGenerator.<init>(Ljava/lang/String;Ljava/lang/String;Ljava/lang/invoke/LambdaForm;Ljava/lang/invoke/MethodType;)V @ 33 c2
Event: 6.649 Thread 0x000001a2058b1800 Uncommon trap: reason=profile_predicate action=maybe_recompile pc=0x000001a214bb31d0 method=java.lang.invoke.InvokerBytecodeGenerator.<init>(Ljava/lang/String;Ljava/lang/String;Ljava/lang/invoke/LambdaForm;Ljava/lang/invoke/MethodType;)V @ 33 c2

Classes redefined (0 events):
No events

Internal exceptions (10 events):
Event: 4.901 Thread 0x000001a2058b1800 Exception <a 'java/lang/ClassNotFoundException'{0x00000000901690a8}: com/aventstack/extentreports/StatusCustomizer> (0x00000000901690a8) thrown at [./open/src/hotspot/share/classfile/systemDictionary.cpp, line 226]
Event: 4.908 Thread 0x000001a2058b1800 Exception <a 'java/lang/ClassNotFoundException'{0x0000000090050938}: com/aventstack/extentreports/view/IcoBeanInfo> (0x0000000090050938) thrown at [./open/src/hotspot/share/classfile/systemDictionary.cpp, line 226]
Event: 4.908 Thread 0x000001a2058b1800 Exception <a 'java/lang/ClassNotFoundException'{0x0000000090060848}: com/aventstack/extentreports/view/IcoCustomizer> (0x0000000090060848) thrown at [./open/src/hotspot/share/classfile/systemDictionary.cpp, line 226]
Event: 4.912 Thread 0x000001a2058b1800 Exception <a 'java/lang/ClassNotFoundException'{0x00000000900ed940}: com/aventstack/extentreports/model/service/TestServiceBeanInfo> (0x00000000900ed940) thrown at [./open/src/hotspot/share/classfile/systemDictionary.cpp, line 226]
Event: 4.912 Thread 0x000001a2058b1800 Exception <a 'java/lang/ClassNotFoundException'{0x000000008ff004b0}: com/aventstack/extentreports/model/service/TestServiceCustomizer> (0x000000008ff004b0) thrown at [./open/src/hotspot/share/classfile/systemDictionary.cpp, line 226]
Event: 6.264 Thread 0x000001a2058b1800 Exception <a 'java/lang/NoSuchMethodError'{0x000000008fca1d08}: java.lang.invoke.DirectMethodHandle$Holder.invokeStatic(Ljava/lang/Object;Ljava/lang/Object;)D> (0x000000008fca1d08) thrown at [./open/src/hotspot/share/interpreter/linkResolver.cpp, line 772
Event: 6.544 Thread 0x000001a2058b1800 Exception <a 'sun/nio/fs/WindowsException'{0x000000008f1fef60}> (0x000000008f1fef60) thrown at [./open/src/hotspot/share/prims/jni.cpp, line 611]
Event: 6.622 Thread 0x000001a2058b1800 Exception <a 'java/lang/ClassNotFoundException'{0x000000008eaf5780}: sun/awt/resources/spi/awtProvider> (0x000000008eaf5780) thrown at [./open/src/hotspot/share/classfile/systemDictionary.cpp, line 226]
Event: 6.630 Thread 0x000001a2058b1800 Exception <a 'java/io/FileNotFoundException'{0x000000008eaf9e40}> (0x000000008eaf9e40) thrown at [./open/src/hotspot/share/prims/jni.cpp, line 611]
Event: 6.630 Thread 0x000001a2058b1800 Exception <a 'java/io/FileNotFoundException'{0x000000008eafcfb0}> (0x000000008eafcfb0) thrown at [./open/src/hotspot/share/prims/jni.cpp, line 611]

Events (10 events):
Event: 6.725 loading class org/openxmlformats/schemas/spreadsheetml/x2006/main/CTCellXfs
Event: 6.725 loading class org/openxmlformats/schemas/spreadsheetml/x2006/main/CTCellXfs done
Event: 6.726 loading class org/openxmlformats/schemas/spreadsheetml/x2006/main/impl/CTCellXfsImpl
Event: 6.726 loading class org/openxmlformats/schemas/spreadsheetml/x2006/main/impl/CTCellXfsImpl done
Event: 6.726 loading class org/openxmlformats/schemas/spreadsheetml/x2006/main/CTCellStyleXfs$Factory
Event: 6.726 loading class org/openxmlformats/schemas/spreadsheetml/x2006/main/CTCellStyleXfs$Factory done
Event: 6.727 loading class org/openxmlformats/schemas/spreadsheetml/x2006/main/CTCellStyleXfs
Event: 6.727 loading class org/openxmlformats/schemas/spreadsheetml/x2006/main/CTCellStyleXfs done
Event: 6.727 loading class org/openxmlformats/schemas/spreadsheetml/x2006/main/impl/CTCellStyleXfsImpl
Event: 6.727 loading class org/openxmlformats/schemas/spreadsheetml/x2006/main/impl/CTCellStyleXfsImpl done


Dynamic libraries:
0x00007ff737fb0000 - 0x00007ff737fc0000 	C:\Program Files\Java\jdk-11\bin\java.exe
0x00007ffa5ad10000 - 0x00007ffa5af27000 	C:\windows\SYSTEM32\ntdll.dll
0x00007ffa58bb0000 - 0x00007ffa58c74000 	C:\windows\System32\KERNEL32.DLL
0x00007ffa58150000 - 0x00007ffa584fc000 	C:\windows\System32\KERNELBASE.dll
0x00007ffa58840000 - 0x00007ffa58951000 	C:\windows\System32\ucrtbase.dll
0x00007ffa52bc0000 - 0x00007ffa52bd8000 	C:\Program Files\Java\jdk-11\bin\jli.dll
0x00007ffa52b60000 - 0x00007ffa52b7b000 	C:\Program Files\Java\jdk-11\bin\VCRUNTIME140.dll
0x00007ffa59b10000 - 0x00007ffa59bc2000 	C:\windows\System32\ADVAPI32.dll
0x00007ffa59d80000 - 0x00007ffa59e27000 	C:\windows\System32\msvcrt.dll
0x00007ffa5a110000 - 0x00007ffa5a1ba000 	C:\windows\System32\sechost.dll
0x00007ffa58580000 - 0x00007ffa585a8000 	C:\windows\System32\bcrypt.dll
0x00007ffa5a400000 - 0x00007ffa5a515000 	C:\windows\System32\RPCRT4.dll
0x00007ffa59f60000 - 0x00007ffa5a10e000 	C:\windows\System32\USER32.dll
0x00007ffa3c2d0000 - 0x00007ffa3c563000 	C:\windows\WinSxS\amd64_microsoft.windows.common-controls_6595b64144ccf1df_6.0.22621.3672_none_2713b9d173822955\COMCTL32.dll
0x00007ffa58960000 - 0x00007ffa58986000 	C:\windows\System32\win32u.dll
0x00007ffa58d40000 - 0x00007ffa58d69000 	C:\windows\System32\GDI32.dll
0x00007ffa585b0000 - 0x00007ffa586c9000 	C:\windows\System32\gdi32full.dll
0x00007ffa580b0000 - 0x00007ffa5814a000 	C:\windows\System32\msvcp_win.dll
0x00007ffa4cda0000 - 0x00007ffa4cdaa000 	C:\windows\SYSTEM32\VERSION.dll
0x00007ffa58ca0000 - 0x00007ffa58cd1000 	C:\windows\System32\IMM32.DLL
0x00007ffa55040000 - 0x00007ffa5504c000 	C:\Program Files\Java\jdk-11\bin\vcruntime140_1.dll
0x00007ffa41670000 - 0x00007ffa416fe000 	C:\Program Files\Java\jdk-11\bin\msvcp140.dll
0x00007ffa12570000 - 0x00007ffa130d8000 	C:\Program Files\Java\jdk-11\bin\server\jvm.dll
0x00007ffa5a220000 - 0x00007ffa5a228000 	C:\windows\System32\PSAPI.DLL
0x00007ffa51e30000 - 0x00007ffa51e39000 	C:\windows\SYSTEM32\WSOCK32.dll
0x00007ffa529c0000 - 0x00007ffa529f4000 	C:\windows\SYSTEM32\WINMM.dll
0x00007ffa5aaf0000 - 0x00007ffa5ab61000 	C:\windows\System32\WS2_32.dll
0x00007ffa57130000 - 0x00007ffa57148000 	C:\windows\SYSTEM32\kernel.appcore.dll
0x00007ffa53b30000 - 0x00007ffa53b40000 	C:\Program Files\Java\jdk-11\bin\verify.dll
0x00007ffa4ec20000 - 0x00007ffa4ee52000 	C:\windows\SYSTEM32\DBGHELP.DLL
0x00007ffa58d70000 - 0x00007ffa590f8000 	C:\windows\System32\combase.dll
0x00007ffa58ad0000 - 0x00007ffa58ba7000 	C:\windows\System32\OLEAUT32.dll
0x00007ffa39cb0000 - 0x00007ffa39ce2000 	C:\windows\SYSTEM32\dbgcore.DLL
0x00007ffa58500000 - 0x00007ffa5857b000 	C:\windows\System32\bcryptPrimitives.dll
0x00007ffa52b30000 - 0x00007ffa52b58000 	C:\Program Files\Java\jdk-11\bin\java.dll
0x00007ffa52b20000 - 0x00007ffa52b2a000 	C:\Program Files\Java\jdk-11\bin\jimage.dll
0x00007ffa52af0000 - 0x00007ffa52afe000 	C:\Program Files\Java\jdk-11\bin\instrument.dll
0x00007ffa52220000 - 0x00007ffa52237000 	C:\Program Files\Java\jdk-11\bin\zip.dll
0x00007ffa59100000 - 0x00007ffa5995c000 	C:\windows\System32\SHELL32.dll
0x00007ffa55f50000 - 0x00007ffa56847000 	C:\windows\SYSTEM32\windows.storage.dll
0x00007ffa55e10000 - 0x00007ffa55f4f000 	C:\windows\SYSTEM32\wintypes.dll
0x00007ffa5a520000 - 0x00007ffa5a614000 	C:\windows\System32\SHCORE.dll
0x00007ffa59e30000 - 0x00007ffa59e8e000 	C:\windows\System32\shlwapi.dll
0x00007ffa57f70000 - 0x00007ffa57f91000 	C:\windows\SYSTEM32\profapi.dll
0x00007ffa465c0000 - 0x00007ffa465d9000 	C:\Program Files\Java\jdk-11\bin\net.dll
0x00007ffa53ef0000 - 0x00007ffa54026000 	C:\windows\SYSTEM32\WINHTTP.dll
0x00007ffa575d0000 - 0x00007ffa57639000 	C:\windows\system32\mswsock.dll
0x00007ffa465a0000 - 0x00007ffa465b2000 	C:\Program Files\Java\jdk-11\bin\nio.dll
0x00007ffa35750000 - 0x00007ffa3576a000 	C:\Program Files\JetBrains\IntelliJ IDEA Community Edition 2024.1.1\bin\breakgen64.dll
0x00007ffa57830000 - 0x00007ffa5784b000 	C:\windows\SYSTEM32\CRYPTSP.dll
0x00007ffa57090000 - 0x00007ffa570c5000 	C:\windows\system32\rsaenh.dll
0x00007ffa576d0000 - 0x00007ffa576f8000 	C:\windows\SYSTEM32\USERENV.dll
0x00007ffa57850000 - 0x00007ffa5785c000 	C:\windows\SYSTEM32\CRYPTBASE.dll
0x00007ffa56b20000 - 0x00007ffa56b4d000 	C:\windows\SYSTEM32\IPHLPAPI.DLL
0x00007ffa59ec0000 - 0x00007ffa59ec9000 	C:\windows\System32\NSI.dll
0x00007ffa53cc0000 - 0x00007ffa53cd9000 	C:\windows\SYSTEM32\dhcpcsvc6.DLL
0x00007ffa539f0000 - 0x00007ffa53a0f000 	C:\windows\SYSTEM32\dhcpcsvc.DLL
0x00007ffa56b50000 - 0x00007ffa56c48000 	C:\windows\SYSTEM32\DNSAPI.dll
0x00007ffa52a90000 - 0x00007ffa52a99000 	C:\Program Files\Java\jdk-11\bin\management.dll
0x00007ffa52210000 - 0x00007ffa5221b000 	C:\Program Files\Java\jdk-11\bin\management_ext.dll
0x00007ffa50060000 - 0x00007ffa50077000 	C:\windows\system32\napinsp.dll
0x00007ffa500e0000 - 0x00007ffa500fb000 	C:\windows\system32\pnrpnsp.dll
0x00007ffa55010000 - 0x00007ffa55021000 	C:\windows\System32\winrnr.dll
0x00007ffa52110000 - 0x00007ffa52125000 	C:\windows\system32\wshbth.dll
0x00007ff9eefc0000 - 0x00007ff9eefe7000 	C:\windows\system32\nlansp_c.dll
0x00007ffa52c10000 - 0x00007ffa52c1a000 	C:\Windows\System32\rasadhlp.dll
0x00007ffa52450000 - 0x00007ffa524d3000 	C:\windows\System32\fwpuclnt.dll
0x00007ffa35720000 - 0x00007ffa35747000 	C:\Program Files\Java\jdk-11\bin\sunec.dll
0x00007ffa04de0000 - 0x00007ffa04f62000 	C:\Program Files\Java\jdk-11\bin\awt.dll
0x00007ffa52130000 - 0x00007ffa521c7000 	C:\windows\SYSTEM32\apphelp.dll
0x00007ffa2ddd0000 - 0x00007ffa2de56000 	C:\Program Files\Java\jdk-11\bin\freetype.dll
0x00007ffa16950000 - 0x00007ffa16a15000 	C:\Program Files\Java\jdk-11\bin\fontmanager.dll

dbghelp: loaded successfully - version: 4.0.5 - missing functions: none
symbol engine: initialized successfully - sym options: 0x614 - pdb path: .;C:\Program Files\Java\jdk-11\bin;C:\windows\SYSTEM32;C:\windows\WinSxS\amd64_microsoft.windows.common-controls_6595b64144ccf1df_6.0.22621.3672_none_2713b9d173822955;C:\Program Files\Java\jdk-11\bin\server;C:\Program Files\JetBrains\IntelliJ IDEA Community Edition 2024.1.1\bin

VM Arguments:
jvm_args: -ea -Didea.test.cyclic.buffer.size=1048576 -javaagent:C:\Program Files\JetBrains\IntelliJ IDEA Community Edition 2024.1.1\lib\idea_rt.jar=55210:C:\Program Files\JetBrains\IntelliJ IDEA Community Edition 2024.1.1\bin -Dfile.encoding=UTF-8 
java_command: com.intellij.rt.testng.RemoteTestNGStarter -usedefaultlisteners false -socket55209 @w@C:\Users\hp\AppData\Local\Temp\idea_working_dirs_testng.tmp -temp C:\Users\hp\AppData\Local\Temp\idea_testng.tmp
java_class_path (initial): C:\Program Files\JetBrains\IntelliJ IDEA Community Edition 2024.1.1\lib\idea_rt.jar;C:\Program Files\JetBrains\IntelliJ IDEA Community Edition 2024.1.1\plugins\testng\lib\testng-rt.jar;D:\Intellij Files\Selenium_Challenge\target\test-classes;D:\Intellij Files\Selenium_Challenge\target\classes;C:\Users\hp\.m2\repository\org\seleniumhq\selenium\selenium-java\4.18.1\selenium-java-4.18.1.jar;C:\Users\hp\.m2\repository\org\seleniumhq\selenium\selenium-api\4.18.1\selenium-api-4.18.1.jar;C:\Users\hp\.m2\repository\org\seleniumhq\selenium\selenium-chrome-driver\4.18.1\selenium-chrome-driver-4.18.1.jar;C:\Users\hp\.m2\repository\com\google\auto\service\auto-service-annotations\1.1.1\auto-service-annotations-1.1.1.jar;C:\Users\hp\.m2\repository\org\seleniumhq\selenium\selenium-chromium-driver\4.18.1\selenium-chromium-driver-4.18.1.jar;C:\Users\hp\.m2\repository\org\seleniumhq\selenium\selenium-json\4.18.1\selenium-json-4.18.1.jar;C:\Users\hp\.m2\repository\org\seleniumhq\selenium\selenium-manager\4.18.1\selenium-manager-4.18.1.jar;C:\Users\hp\.m2\repository\org\seleniumhq\selenium\selenium-devtools-v120\4.18.1\selenium-devtools-v120-4.18.1.jar;C:\Users\hp\.m2\repository\org\seleniumhq\selenium\selenium-devtools-v121\4.18.1\selenium-devtools-v121-4.18.1.jar;C:\Users\hp\.m2\repository\org\seleniumhq\selenium\selenium-devtools-v122\4.18.1\selenium-devtools-v122-4.18.1.jar;C:\Users\hp\.m2\repository\org\seleniumhq\selenium\selenium-devtools-v85\4.18.1\selenium-devtools-v85-4.18.1.jar;C:\Users\hp\.m2\repository\org\seleniumhq\selenium\selenium-edge-driver\4.18.1\selenium-edge-driver-4.18.1.jar;C:\Users\hp\.m2\repository\org\seleniumhq\selenium\selenium-firefox-driver\4.18.1\selenium-firefox-driver-4.18.1.jar;C:\Users\hp\.m2\repository\org\seleniumhq\selenium\selenium-http\4.18.1\selenium-http-4.18.1.jar;C:\Users\hp\.m2\repository\dev\failsafe\failsafe\3.3.2\failsafe-3.3.2.jar;C:\Users\hp\.m2\repository\org\seleniumhq\selenium\selenium-ie-driver\4.18.1\
Launcher Type: SUN_STANDARD

[Global flags]
     intx CICompilerCount                          = 4                                         {product} {ergonomic}
     uint ConcGCThreads                            = 3                                         {product} {ergonomic}
     uint G1ConcRefinementThreads                  = 10                                        {product} {ergonomic}
   size_t G1HeapRegionSize                         = 1048576                                   {product} {ergonomic}
    uintx GCDrainStackTargetSize                   = 64                                        {product} {ergonomic}
   size_t InitialHeapSize                          = 123731968                                 {product} {ergonomic}
   size_t MarkStackSize                            = 4194304                                   {product} {ergonomic}
   size_t MaxHeapSize                              = 1973420032                                {product} {ergonomic}
   size_t MaxNewSize                               = 1183842304                                {product} {ergonomic}
   size_t MinHeapDeltaBytes                        = 1048576                                   {product} {ergonomic}
    uintx NonNMethodCodeHeapSize                   = 5836300                                {pd product} {ergonomic}
    uintx NonProfiledCodeHeapSize                  = 122910970                              {pd product} {ergonomic}
    uintx ProfiledCodeHeapSize                     = 122910970                              {pd product} {ergonomic}
    uintx ReservedCodeCacheSize                    = 251658240                              {pd product} {ergonomic}
     bool SegmentedCodeCache                       = true                                      {product} {ergonomic}
     bool UseCompressedClassPointers               = true                                 {lp64_product} {ergonomic}
     bool UseCompressedOops                        = true                                 {lp64_product} {ergonomic}
     bool UseG1GC                                  = true                                      {product} {ergonomic}
     bool UseLargePagesIndividualAllocation        = false                                  {pd product} {ergonomic}

Logging:
Log output configuration:
 #0: stdout all=warning uptime,level,tags
 #1: stderr all=off uptime,level,tags

Environment Variables:
JAVA_HOME=C:\Program Files\Java\jdk-11
PATH=C:\Python312\Scripts\;C:\Python312\;C:\Program Files\Common Files\Oracle\Java\javapath;C:\Program Files (x86)\Common Files\Oracle\Java\javapath;C:\windows\system32;C:\windows;C:\windows\System32\Wbem;C:\windows\System32\WindowsPowerShell\v1.0\;C:\windows\System32\OpenSSH\;C:\Program Files\apache-maven-3.6.1\bin;E:\F\apache-jmeter-5.5\apache-jmeter-5.5\bin;C:\Program Files\Java\jdk-11\bin;C:\Program Files\Java\jdk1.8.0_111\bin;C:\Users\hp\AppData\Local\Android\Sdk;C:\Users\hp\AppData\Local\Android\Sdk\tools\bin;C:\Users\hp\AppData\Local\Android\Sdk\tools;C:\Users\hp\AppData\Local\Android\Sdk\platform-tools;C:\Users\hp\AppData\Local\Android\Sdk\build-tools\30.0.3;C:\ProgramData\chocolatey\bin;C:\Program Files\nodejs;C:\Program Files\nodejs\node_modules\npm\bin;C:\Users\hp\AppData\Roaming\npm;D:\VS Code Files\First Project\node_modules\.bin;C:\Program Files\Git\cmd;C:\Program Files\dotnet\;C:\Users\hp\AppData\Local\Microsoft\WindowsApps;;C:\Program Files\JetBrains\IntelliJ IDEA Community Edition 2021.3.1\bin;;C:\Users\hp\AppData\Local\Programs\Microsoft VS Code\bin
USERNAME=hp
OS=Windows_NT
PROCESSOR_IDENTIFIER=AMD64 Family 25 Model 80 Stepping 0, AuthenticAMD



---------------  S Y S T E M  ---------------

OS: Windows 11 , 64 bit Build 22621 (10.0.22621.3672)
Hyper-V role detected

CPU:total 12 (initial active 12) (12 cores per cpu, 2 threads per core) family 25 model 80 stepping 0 microcode 0x0, cmov, cx8, fxsr, mmx, sse, sse2, sse3, ssse3, sse4.1, sse4.2, popcnt, avx, avx2, aes, clmul, erms, mmxext, 3dnowpref, lzcnt, sse4a, ht, tsc, tscinvbit, tscinv, bmi1, bmi2,

Memory: 4k page, system-wide physical 7520M (422M free)
TotalPageFile size 31072M (AvailPageFile size 0M)
current process WorkingSet (physical memory assigned to process): 192M, peak: 196M
current process commit charge ("private bytes"): 279M, peak: 303M

vm_info: Java HotSpot(TM) 64-Bit Server VM (11.0.18+9-LTS-195) for windows-amd64 JRE (11.0.18+9-LTS-195), built on Dec  6 2022 15:50:58 by "mach5one" with MS VC++ 17.1 (VS2022)

END.
